<?xml version="1.0" encoding="utf-8"?>
<CoverageSession xmlns:xsd="http://www.w3.org/2001/XMLSchema" xmlns:xsi="http://www.w3.org/2001/XMLSchema-instance" Version="0.0.0.0">
  <Summary numSequencePoints="1678" visitedSequencePoints="0" numBranchPoints="0" visitedBranchPoints="0" sequenceCoverage="0.0" branchCoverage="0.0" maxCyclomaticComplexity="0" minCyclomaticComplexity="0" maxCrapScore="0" minCrapScore="0" visitedClasses="0" numClasses="42" visitedMethods="0" numMethods="240" />
  <Modules>
    <Module>
      <Summary numSequencePoints="78" visitedSequencePoints="0" numBranchPoints="0" visitedBranchPoints="0" sequenceCoverage="0.0" branchCoverage="0.0" maxCyclomaticComplexity="0" minCyclomaticComplexity="0" maxCrapScore="0" minCrapScore="0" visitedClasses="0" numClasses="1" visitedMethods="0" numMethods="12" />
      <ModuleTime>0001-01-01T00:00:00</ModuleTime>
      <ModuleName>EditModeTest</ModuleName>
      <Files>
        <File uid="1" fullPath="D:/Unity Projects/Github/TestGame/Assets/Editor/EditModeTest/PlayerTests.cs" />
      </Files>
      <Classes>
        <Class>
          <Summary numSequencePoints="78" visitedSequencePoints="0" numBranchPoints="0" visitedBranchPoints="0" sequenceCoverage="0.0" branchCoverage="0.0" maxCyclomaticComplexity="0" minCyclomaticComplexity="0" maxCrapScore="0" minCrapScore="0" visitedClasses="0" numClasses="1" visitedMethods="0" numMethods="12" />
          <FullName>PlayerTests</FullName>
          <Methods>
            <Method visited="false" cyclomaticComplexity="0" nPathComplexity="0" sequenceCoverage="0.0" branchCoverage="0" crapScore="0" isConstructor="false" isStatic="false" isGetter="false" isSetter="false">
              <Summary numSequencePoints="12" visitedSequencePoints="0" numBranchPoints="0" visitedBranchPoints="0" sequenceCoverage="0.0" branchCoverage="0" maxCyclomaticComplexity="0" minCyclomaticComplexity="0" maxCrapScore="0" minCrapScore="0" visitedClasses="0" numClasses="0" visitedMethods="0" numMethods="1" />
              <MetadataToken>100663297</MetadataToken>
              <Name>System.Void PlayerTests::Setup()</Name>
              <FileRef uid="1" />
              <SequencePoints>
                <SequencePoint vc="0" uspid="3357" ordinal="0" offset="0" sl="29" sc="0" el="29" ec="0" bec="0" bev="0" fileid="1" />
                <SequencePoint vc="0" uspid="3358" ordinal="0" offset="1" sl="32" sc="0" el="32" ec="0" bec="0" bev="0" fileid="1" />
                <SequencePoint vc="0" uspid="3359" ordinal="0" offset="22" sl="33" sc="0" el="33" ec="0" bec="0" bev="0" fileid="1" />
                <SequencePoint vc="0" uspid="3360" ordinal="0" offset="39" sl="35" sc="0" el="35" ec="0" bec="0" bev="0" fileid="1" />
                <SequencePoint vc="0" uspid="3361" ordinal="0" offset="60" sl="36" sc="0" el="36" ec="0" bec="0" bev="0" fileid="1" />
                <SequencePoint vc="0" uspid="3362" ordinal="0" offset="77" sl="37" sc="0" el="37" ec="0" bec="0" bev="0" fileid="1" />
                <SequencePoint vc="0" uspid="3363" ordinal="0" offset="94" sl="39" sc="0" el="39" ec="0" bec="0" bev="0" fileid="1" />
                <SequencePoint vc="0" uspid="3364" ordinal="0" offset="115" sl="40" sc="0" el="40" ec="0" bec="0" bev="0" fileid="1" />
                <SequencePoint vc="0" uspid="3365" ordinal="0" offset="132" sl="41" sc="0" el="41" ec="0" bec="0" bev="0" fileid="1" />
                <SequencePoint vc="0" uspid="3366" ordinal="0" offset="149" sl="43" sc="0" el="43" ec="0" bec="0" bev="0" fileid="1" />
                <SequencePoint vc="0" uspid="3367" ordinal="0" offset="170" sl="44" sc="0" el="44" ec="0" bec="0" bev="0" fileid="1" />
                <SequencePoint vc="0" uspid="3368" ordinal="0" offset="187" sl="46" sc="0" el="46" ec="0" bec="0" bev="0" fileid="1" />
              </SequencePoints>
              <BranchPoints />
            </Method>
            <Method visited="false" cyclomaticComplexity="0" nPathComplexity="0" sequenceCoverage="0.0" branchCoverage="0" crapScore="0" isConstructor="false" isStatic="false" isGetter="false" isSetter="false">
              <Summary numSequencePoints="7" visitedSequencePoints="0" numBranchPoints="0" visitedBranchPoints="0" sequenceCoverage="0.0" branchCoverage="0" maxCyclomaticComplexity="0" minCyclomaticComplexity="0" maxCrapScore="0" minCrapScore="0" visitedClasses="0" numClasses="0" visitedMethods="0" numMethods="1" />
              <MetadataToken>100663298</MetadataToken>
              <Name>System.Void PlayerTests::Heal_Player_By_10()</Name>
              <FileRef uid="1" />
              <SequencePoints>
                <SequencePoint vc="0" uspid="3369" ordinal="0" offset="0" sl="50" sc="0" el="50" ec="0" bec="0" bev="0" fileid="1" />
                <SequencePoint vc="0" uspid="3370" ordinal="0" offset="1" sl="51" sc="0" el="51" ec="0" bec="0" bev="0" fileid="1" />
                <SequencePoint vc="0" uspid="3371" ordinal="0" offset="17" sl="52" sc="0" el="52" ec="0" bec="0" bev="0" fileid="1" />
                <SequencePoint vc="0" uspid="3372" ordinal="0" offset="23" sl="53" sc="0" el="53" ec="0" bec="0" bev="0" fileid="1" />
                <SequencePoint vc="0" uspid="3373" ordinal="0" offset="38" sl="55" sc="0" el="55" ec="0" bec="0" bev="0" fileid="1" />
                <SequencePoint vc="0" uspid="3374" ordinal="0" offset="51" sl="57" sc="0" el="57" ec="0" bec="0" bev="0" fileid="1" />
                <SequencePoint vc="0" uspid="3375" ordinal="0" offset="79" sl="58" sc="0" el="58" ec="0" bec="0" bev="0" fileid="1" />
              </SequencePoints>
              <BranchPoints />
            </Method>
            <Method visited="false" cyclomaticComplexity="0" nPathComplexity="0" sequenceCoverage="0.0" branchCoverage="0" crapScore="0" isConstructor="false" isStatic="false" isGetter="false" isSetter="false">
              <Summary numSequencePoints="7" visitedSequencePoints="0" numBranchPoints="0" visitedBranchPoints="0" sequenceCoverage="0.0" branchCoverage="0" maxCyclomaticComplexity="0" minCyclomaticComplexity="0" maxCrapScore="0" minCrapScore="0" visitedClasses="0" numClasses="0" visitedMethods="0" numMethods="1" />
              <MetadataToken>100663299</MetadataToken>
              <Name>System.Void PlayerTests::Heal_Player_By_50()</Name>
              <FileRef uid="1" />
              <SequencePoints>
                <SequencePoint vc="0" uspid="3376" ordinal="0" offset="0" sl="62" sc="0" el="62" ec="0" bec="0" bev="0" fileid="1" />
                <SequencePoint vc="0" uspid="3377" ordinal="0" offset="1" sl="63" sc="0" el="63" ec="0" bec="0" bev="0" fileid="1" />
                <SequencePoint vc="0" uspid="3378" ordinal="0" offset="17" sl="64" sc="0" el="64" ec="0" bec="0" bev="0" fileid="1" />
                <SequencePoint vc="0" uspid="3379" ordinal="0" offset="23" sl="65" sc="0" el="65" ec="0" bec="0" bev="0" fileid="1" />
                <SequencePoint vc="0" uspid="3380" ordinal="0" offset="38" sl="67" sc="0" el="67" ec="0" bec="0" bev="0" fileid="1" />
                <SequencePoint vc="0" uspid="3381" ordinal="0" offset="51" sl="69" sc="0" el="69" ec="0" bec="0" bev="0" fileid="1" />
                <SequencePoint vc="0" uspid="3382" ordinal="0" offset="79" sl="70" sc="0" el="70" ec="0" bec="0" bev="0" fileid="1" />
              </SequencePoints>
              <BranchPoints />
            </Method>
            <Method visited="false" cyclomaticComplexity="0" nPathComplexity="0" sequenceCoverage="0.0" branchCoverage="0" crapScore="0" isConstructor="false" isStatic="false" isGetter="false" isSetter="false">
              <Summary numSequencePoints="7" visitedSequencePoints="0" numBranchPoints="0" visitedBranchPoints="0" sequenceCoverage="0.0" branchCoverage="0" maxCyclomaticComplexity="0" minCyclomaticComplexity="0" maxCrapScore="0" minCrapScore="0" visitedClasses="0" numClasses="0" visitedMethods="0" numMethods="1" />
              <MetadataToken>100663300</MetadataToken>
              <Name>System.Void PlayerTests::Damage_Player_By_10()</Name>
              <FileRef uid="1" />
              <SequencePoints>
                <SequencePoint vc="0" uspid="3383" ordinal="0" offset="0" sl="74" sc="0" el="74" ec="0" bec="0" bev="0" fileid="1" />
                <SequencePoint vc="0" uspid="3384" ordinal="0" offset="1" sl="76" sc="0" el="76" ec="0" bec="0" bev="0" fileid="1" />
                <SequencePoint vc="0" uspid="3385" ordinal="0" offset="17" sl="77" sc="0" el="77" ec="0" bec="0" bev="0" fileid="1" />
                <SequencePoint vc="0" uspid="3386" ordinal="0" offset="20" sl="78" sc="0" el="78" ec="0" bec="0" bev="0" fileid="1" />
                <SequencePoint vc="0" uspid="3387" ordinal="0" offset="35" sl="80" sc="0" el="80" ec="0" bec="0" bev="0" fileid="1" />
                <SequencePoint vc="0" uspid="3388" ordinal="0" offset="49" sl="82" sc="0" el="82" ec="0" bec="0" bev="0" fileid="1" />
                <SequencePoint vc="0" uspid="3389" ordinal="0" offset="77" sl="83" sc="0" el="83" ec="0" bec="0" bev="0" fileid="1" />
              </SequencePoints>
              <BranchPoints />
            </Method>
            <Method visited="false" cyclomaticComplexity="0" nPathComplexity="0" sequenceCoverage="0.0" branchCoverage="0" crapScore="0" isConstructor="false" isStatic="false" isGetter="false" isSetter="false">
              <Summary numSequencePoints="7" visitedSequencePoints="0" numBranchPoints="0" visitedBranchPoints="0" sequenceCoverage="0.0" branchCoverage="0" maxCyclomaticComplexity="0" minCyclomaticComplexity="0" maxCrapScore="0" minCrapScore="0" visitedClasses="0" numClasses="0" visitedMethods="0" numMethods="1" />
              <MetadataToken>100663301</MetadataToken>
              <Name>System.Void PlayerTests::Damage_Player_By_50()</Name>
              <FileRef uid="1" />
              <SequencePoints>
                <SequencePoint vc="0" uspid="3390" ordinal="0" offset="0" sl="87" sc="0" el="87" ec="0" bec="0" bev="0" fileid="1" />
                <SequencePoint vc="0" uspid="3391" ordinal="0" offset="1" sl="88" sc="0" el="88" ec="0" bec="0" bev="0" fileid="1" />
                <SequencePoint vc="0" uspid="3392" ordinal="0" offset="17" sl="89" sc="0" el="89" ec="0" bec="0" bev="0" fileid="1" />
                <SequencePoint vc="0" uspid="3393" ordinal="0" offset="20" sl="90" sc="0" el="90" ec="0" bec="0" bev="0" fileid="1" />
                <SequencePoint vc="0" uspid="3394" ordinal="0" offset="35" sl="92" sc="0" el="92" ec="0" bec="0" bev="0" fileid="1" />
                <SequencePoint vc="0" uspid="3395" ordinal="0" offset="49" sl="94" sc="0" el="94" ec="0" bec="0" bev="0" fileid="1" />
                <SequencePoint vc="0" uspid="3396" ordinal="0" offset="77" sl="95" sc="0" el="95" ec="0" bec="0" bev="0" fileid="1" />
              </SequencePoints>
              <BranchPoints />
            </Method>
            <Method visited="false" cyclomaticComplexity="0" nPathComplexity="0" sequenceCoverage="0.0" branchCoverage="0" crapScore="0" isConstructor="false" isStatic="false" isGetter="false" isSetter="false">
              <Summary numSequencePoints="8" visitedSequencePoints="0" numBranchPoints="0" visitedBranchPoints="0" sequenceCoverage="0.0" branchCoverage="0" maxCyclomaticComplexity="0" minCyclomaticComplexity="0" maxCrapScore="0" minCrapScore="0" visitedClasses="0" numClasses="0" visitedMethods="0" numMethods="1" />
              <MetadataToken>100663302</MetadataToken>
              <Name>System.Void PlayerTests::Take_Leathal_Damage()</Name>
              <FileRef uid="1" />
              <SequencePoints>
                <SequencePoint vc="0" uspid="3397" ordinal="0" offset="0" sl="99" sc="0" el="99" ec="0" bec="0" bev="0" fileid="1" />
                <SequencePoint vc="0" uspid="3398" ordinal="0" offset="1" sl="100" sc="0" el="100" ec="0" bec="0" bev="0" fileid="1" />
                <SequencePoint vc="0" uspid="3399" ordinal="0" offset="17" sl="101" sc="0" el="101" ec="0" bec="0" bev="0" fileid="1" />
                <SequencePoint vc="0" uspid="3400" ordinal="0" offset="23" sl="102" sc="0" el="102" ec="0" bec="0" bev="0" fileid="1" />
                <SequencePoint vc="0" uspid="3401" ordinal="0" offset="25" sl="104" sc="0" el="104" ec="0" bec="0" bev="0" fileid="1" />
                <SequencePoint vc="0" uspid="3402" ordinal="0" offset="56" sl="106" sc="0" el="106" ec="0" bec="0" bev="0" fileid="1" />
                <SequencePoint vc="0" uspid="3403" ordinal="0" offset="70" sl="108" sc="0" el="108" ec="0" bec="0" bev="0" fileid="1" />
                <SequencePoint vc="0" uspid="3404" ordinal="0" offset="98" sl="109" sc="0" el="109" ec="0" bec="0" bev="0" fileid="1" />
              </SequencePoints>
              <BranchPoints />
            </Method>
            <Method visited="false" cyclomaticComplexity="0" nPathComplexity="0" sequenceCoverage="0.0" branchCoverage="0" crapScore="0" isConstructor="false" isStatic="false" isGetter="false" isSetter="false">
              <Summary numSequencePoints="10" visitedSequencePoints="0" numBranchPoints="0" visitedBranchPoints="0" sequenceCoverage="0.0" branchCoverage="0" maxCyclomaticComplexity="0" minCyclomaticComplexity="0" maxCrapScore="0" minCrapScore="0" visitedClasses="0" numClasses="0" visitedMethods="0" numMethods="1" />
              <MetadataToken>100663303</MetadataToken>
              <Name>System.Void PlayerTests::Drop_Item_When_Slot_Is_Full()</Name>
              <FileRef uid="1" />
              <SequencePoints>
                <SequencePoint vc="0" uspid="3405" ordinal="0" offset="0" sl="113" sc="0" el="113" ec="0" bec="0" bev="0" fileid="1" />
                <SequencePoint vc="0" uspid="3406" ordinal="0" offset="1" sl="115" sc="0" el="115" ec="0" bec="0" bev="0" fileid="1" />
                <SequencePoint vc="0" uspid="3407" ordinal="0" offset="18" sl="116" sc="0" el="116" ec="0" bec="0" bev="0" fileid="1" />
                <SequencePoint vc="0" uspid="3408" ordinal="0" offset="35" sl="117" sc="0" el="117" ec="0" bec="0" bev="0" fileid="1" />
                <SequencePoint vc="0" uspid="3409" ordinal="0" offset="47" sl="118" sc="0" el="118" ec="0" bec="0" bev="0" fileid="1" />
                <SequencePoint vc="0" uspid="3410" ordinal="0" offset="69" sl="120" sc="0" el="120" ec="0" bec="0" bev="0" fileid="1" />
                <SequencePoint vc="0" uspid="3411" ordinal="0" offset="81" sl="121" sc="0" el="121" ec="0" bec="0" bev="0" fileid="1" />
                <SequencePoint vc="0" uspid="3412" ordinal="0" offset="83" sl="123" sc="0" el="123" ec="0" bec="0" bev="0" fileid="1" />
                <SequencePoint vc="0" uspid="3413" ordinal="0" offset="95" sl="124" sc="0" el="124" ec="0" bec="0" bev="0" fileid="1" />
                <SequencePoint vc="0" uspid="3414" ordinal="0" offset="123" sl="125" sc="0" el="125" ec="0" bec="0" bev="0" fileid="1" />
              </SequencePoints>
              <BranchPoints />
            </Method>
            <Method visited="false" cyclomaticComplexity="0" nPathComplexity="0" sequenceCoverage="0.0" branchCoverage="0" crapScore="0" isConstructor="false" isStatic="false" isGetter="false" isSetter="false">
              <Summary numSequencePoints="9" visitedSequencePoints="0" numBranchPoints="0" visitedBranchPoints="0" sequenceCoverage="0.0" branchCoverage="0" maxCyclomaticComplexity="0" minCyclomaticComplexity="0" maxCrapScore="0" minCrapScore="0" visitedClasses="0" numClasses="0" visitedMethods="0" numMethods="1" />
              <MetadataToken>100663304</MetadataToken>
              <Name>System.Void PlayerTests::Drop_Item_When_Slot_Is_Empty()</Name>
              <FileRef uid="1" />
              <SequencePoints>
                <SequencePoint vc="0" uspid="3415" ordinal="0" offset="0" sl="129" sc="0" el="129" ec="0" bec="0" bev="0" fileid="1" />
                <SequencePoint vc="0" uspid="3416" ordinal="0" offset="1" sl="130" sc="0" el="130" ec="0" bec="0" bev="0" fileid="1" />
                <SequencePoint vc="0" uspid="3417" ordinal="0" offset="18" sl="131" sc="0" el="131" ec="0" bec="0" bev="0" fileid="1" />
                <SequencePoint vc="0" uspid="3418" ordinal="0" offset="30" sl="132" sc="0" el="132" ec="0" bec="0" bev="0" fileid="1" />
                <SequencePoint vc="0" uspid="3419" ordinal="0" offset="52" sl="134" sc="0" el="134" ec="0" bec="0" bev="0" fileid="1" />
                <SequencePoint vc="0" uspid="3420" ordinal="0" offset="64" sl="135" sc="0" el="135" ec="0" bec="0" bev="0" fileid="1" />
                <SequencePoint vc="0" uspid="3421" ordinal="0" offset="66" sl="137" sc="0" el="137" ec="0" bec="0" bev="0" fileid="1" />
                <SequencePoint vc="0" uspid="3422" ordinal="0" offset="78" sl="138" sc="0" el="138" ec="0" bec="0" bev="0" fileid="1" />
                <SequencePoint vc="0" uspid="3423" ordinal="0" offset="106" sl="139" sc="0" el="139" ec="0" bec="0" bev="0" fileid="1" />
              </SequencePoints>
              <BranchPoints />
            </Method>
            <Method visited="false" cyclomaticComplexity="0" nPathComplexity="0" sequenceCoverage="0.0" branchCoverage="0" crapScore="0" isConstructor="false" isStatic="false" isGetter="false" isSetter="false">
              <Summary numSequencePoints="6" visitedSequencePoints="0" numBranchPoints="0" visitedBranchPoints="0" sequenceCoverage="0.0" branchCoverage="0" maxCyclomaticComplexity="0" minCyclomaticComplexity="0" maxCrapScore="0" minCrapScore="0" visitedClasses="0" numClasses="0" visitedMethods="0" numMethods="1" />
              <MetadataToken>100663305</MetadataToken>
              <Name>System.Void PlayerTests::Increase_Score_By_Value(System.Int32)</Name>
              <FileRef uid="1" />
              <SequencePoints>
                <SequencePoint vc="0" uspid="3424" ordinal="0" offset="0" sl="143" sc="0" el="143" ec="0" bec="0" bev="0" fileid="1" />
                <SequencePoint vc="0" uspid="3425" ordinal="0" offset="1" sl="144" sc="0" el="144" ec="0" bec="0" bev="0" fileid="1" />
                <SequencePoint vc="0" uspid="3426" ordinal="0" offset="13" sl="145" sc="0" el="145" ec="0" bec="0" bev="0" fileid="1" />
                <SequencePoint vc="0" uspid="3427" ordinal="0" offset="17" sl="147" sc="0" el="147" ec="0" bec="0" bev="0" fileid="1" />
                <SequencePoint vc="0" uspid="3428" ordinal="0" offset="30" sl="149" sc="0" el="149" ec="0" bec="0" bev="0" fileid="1" />
                <SequencePoint vc="0" uspid="3429" ordinal="0" offset="58" sl="150" sc="0" el="150" ec="0" bec="0" bev="0" fileid="1" />
              </SequencePoints>
              <BranchPoints />
            </Method>
            <Method visited="false" cyclomaticComplexity="0" nPathComplexity="0" sequenceCoverage="0.0" branchCoverage="0" crapScore="0" isConstructor="false" isStatic="false" isGetter="false" isSetter="false">
              <Summary numSequencePoints="2" visitedSequencePoints="0" numBranchPoints="0" visitedBranchPoints="0" sequenceCoverage="0.0" branchCoverage="0" maxCyclomaticComplexity="0" minCyclomaticComplexity="0" maxCrapScore="0" minCrapScore="0" visitedClasses="0" numClasses="0" visitedMethods="0" numMethods="1" />
              <MetadataToken>100663306</MetadataToken>
              <Name>System.Void PlayerTests::Enemy_Damages_Player()</Name>
              <FileRef uid="1" />
              <SequencePoints>
                <SequencePoint vc="0" uspid="3430" ordinal="0" offset="0" sl="154" sc="0" el="154" ec="0" bec="0" bev="0" fileid="1" />
                <SequencePoint vc="0" uspid="3431" ordinal="0" offset="1" sl="156" sc="0" el="156" ec="0" bec="0" bev="0" fileid="1" />
              </SequencePoints>
              <BranchPoints />
            </Method>
            <Method visited="false" cyclomaticComplexity="0" nPathComplexity="0" sequenceCoverage="0.0" branchCoverage="0" crapScore="0" isConstructor="false" isStatic="false" isGetter="false" isSetter="false">
              <Summary numSequencePoints="2" visitedSequencePoints="0" numBranchPoints="0" visitedBranchPoints="0" sequenceCoverage="0.0" branchCoverage="0" maxCyclomaticComplexity="0" minCyclomaticComplexity="0" maxCrapScore="0" minCrapScore="0" visitedClasses="0" numClasses="0" visitedMethods="0" numMethods="1" />
              <MetadataToken>100663307</MetadataToken>
              <Name>System.Void PlayerTests::Player_Damages_Enemy()</Name>
              <FileRef uid="1" />
              <SequencePoints>
                <SequencePoint vc="0" uspid="3432" ordinal="0" offset="0" sl="160" sc="0" el="160" ec="0" bec="0" bev="0" fileid="1" />
                <SequencePoint vc="0" uspid="3433" ordinal="0" offset="1" sl="162" sc="0" el="162" ec="0" bec="0" bev="0" fileid="1" />
              </SequencePoints>
              <BranchPoints />
            </Method>
            <Method visited="false" cyclomaticComplexity="0" nPathComplexity="0" sequenceCoverage="0.0" branchCoverage="0" crapScore="0" isConstructor="true" isStatic="true" isGetter="false" isSetter="false">
              <Summary numSequencePoints="1" visitedSequencePoints="0" numBranchPoints="0" visitedBranchPoints="0" sequenceCoverage="0.0" branchCoverage="0" maxCyclomaticComplexity="0" minCyclomaticComplexity="0" maxCrapScore="0" minCrapScore="0" visitedClasses="0" numClasses="0" visitedMethods="0" numMethods="1" />
              <MetadataToken>100663309</MetadataToken>
              <Name>static PlayerTests::PlayerTests()</Name>
              <FileRef uid="1" />
              <SequencePoints>
                <SequencePoint vc="0" uspid="3434" ordinal="0" offset="0" sl="23" sc="5" el="23" ec="5" bec="0" bev="0" fileid="1" />
              </SequencePoints>
              <BranchPoints />
            </Method>
          </Methods>
        </Class>
      </Classes>
    </Module>
    <Module>
      <Summary numSequencePoints="1400" visitedSequencePoints="0" numBranchPoints="0" visitedBranchPoints="0" sequenceCoverage="0.0" branchCoverage="0.0" maxCyclomaticComplexity="0" minCyclomaticComplexity="0" maxCrapScore="0" minCrapScore="0" visitedClasses="0" numClasses="25" visitedMethods="0" numMethods="206" />
      <ModuleTime>0001-01-01T00:00:00</ModuleTime>
      <ModuleName>ScriptDefinition</ModuleName>
      <Files>
        <File uid="2" fullPath="D:/Unity Projects/Github/TestGame/Assets/Scripts/Character/scr_CharacterController.cs" />
        <File uid="3" fullPath="D:/Unity Projects/Github/TestGame/Assets/Scripts/Enemy/scr_EnemyAi.cs" />
        <File uid="4" fullPath="D:/Unity Projects/Github/TestGame/Assets/Scripts/Enemy/scr_EnemyBase.cs" />
        <File uid="5" fullPath="D:/Unity Projects/Github/TestGame/Assets/Scripts/Enemy/scr_EnemyTargetController.cs" />
        <File uid="6" fullPath="D:/Unity Projects/Github/TestGame/Assets/Scripts/Inputs/DefaultInput.cs" />
        <File uid="7" fullPath="D:/Unity Projects/Github/TestGame/Assets/Scripts/Objects/scr_ButtonController.cs" />
        <File uid="8" fullPath="D:/Unity Projects/Github/TestGame/Assets/Scripts/Objects/scr_ElectricCrystal.cs" />
        <File uid="9" fullPath="D:/Unity Projects/Github/TestGame/Assets/Scripts/Objects/scr_HealthCrystal.cs" />
        <File uid="10" fullPath="D:/Unity Projects/Github/TestGame/Assets/Scripts/Objects/scr_HordeController.cs" />
        <File uid="11" fullPath="D:/Unity Projects/Github/TestGame/Assets/Scripts/Objects/scr_ShotEffect.cs" />
        <File uid="12" fullPath="D:/Unity Projects/Github/TestGame/Assets/Scripts/Objects/scr_vfxDestroy.cs" />
        <File uid="13" fullPath="D:/Unity Projects/Github/TestGame/Assets/Scripts/Sound/SoundManagerScript.cs" />
        <File uid="14" fullPath="D:/Unity Projects/Github/TestGame/Assets/Scripts/UI/scr_GameOver.cs" />
        <File uid="15" fullPath="D:/Unity Projects/Github/TestGame/Assets/Scripts/UI/scr_HealthBarFade.cs" />
        <File uid="16" fullPath="D:/Unity Projects/Github/TestGame/Assets/Scripts/UI/scr_MainMenuController.cs" />
        <File uid="17" fullPath="D:/Unity Projects/Github/TestGame/Assets/Scripts/UI/scr_Scenes.cs" />
        <File uid="18" fullPath="D:/Unity Projects/Github/TestGame/Assets/Scripts/UI/src_ScoreScript.cs" />
        <File uid="19" fullPath="D:/Unity Projects/Github/TestGame/Assets/Scripts/Weapons/scr_CustomBullet.cs" />
        <File uid="20" fullPath="D:/Unity Projects/Github/TestGame/Assets/Scripts/Weapons/scr_PickupController.cs" />
        <File uid="21" fullPath="D:/Unity Projects/Github/TestGame/Assets/Scripts/Weapons/scr_RaycastWeapon.cs" />
        <File uid="22" fullPath="D:/Unity Projects/Github/TestGame/Assets/Scripts/Weapons/scr_WeaponController.cs" />
        <File uid="23" fullPath="D:/Unity Projects/Github/TestGame/Assets/Scripts/scr_Models.cs" />
      </Files>
      <Classes>
        <Class>
          <Summary numSequencePoints="374" visitedSequencePoints="0" numBranchPoints="0" visitedBranchPoints="0" sequenceCoverage="0.0" branchCoverage="0.0" maxCyclomaticComplexity="0" minCyclomaticComplexity="0" maxCrapScore="0" minCrapScore="0" visitedClasses="0" numClasses="1" visitedMethods="0" numMethods="43" />
          <FullName>scr_CharacterController</FullName>
          <Methods>
            <Method visited="false" cyclomaticComplexity="0" nPathComplexity="0" sequenceCoverage="0.0" branchCoverage="0" crapScore="0" isConstructor="false" isStatic="false" isGetter="false" isSetter="false">
              <Summary numSequencePoints="33" visitedSequencePoints="0" numBranchPoints="0" visitedBranchPoints="0" sequenceCoverage="0.0" branchCoverage="0" maxCyclomaticComplexity="0" minCyclomaticComplexity="0" maxCrapScore="0" minCrapScore="0" visitedClasses="0" numClasses="0" visitedMethods="0" numMethods="1" />
              <MetadataToken>100663297</MetadataToken>
              <Name>System.Void scr_CharacterController::Awake()</Name>
              <FileRef uid="2" />
              <SequencePoints>
                <SequencePoint vc="0" uspid="3435" ordinal="0" offset="0" sl="116" sc="5" el="116" ec="5" bec="0" bev="0" fileid="2" />
                <SequencePoint vc="0" uspid="3436" ordinal="0" offset="1" sl="117" sc="9" el="117" ec="9" bec="0" bev="0" fileid="2" />
                <SequencePoint vc="0" uspid="3437" ordinal="0" offset="12" sl="119" sc="9" el="119" ec="9" bec="0" bev="0" fileid="2" />
                <SequencePoint vc="0" uspid="3438" ordinal="0" offset="49" sl="120" sc="9" el="120" ec="9" bec="0" bev="0" fileid="2" />
                <SequencePoint vc="0" uspid="3439" ordinal="0" offset="86" sl="121" sc="9" el="121" ec="9" bec="0" bev="0" fileid="2" />
                <SequencePoint vc="0" uspid="3440" ordinal="0" offset="123" sl="122" sc="9" el="122" ec="9" bec="0" bev="0" fileid="2" />
                <SequencePoint vc="0" uspid="3441" ordinal="0" offset="160" sl="123" sc="9" el="123" ec="9" bec="0" bev="0" fileid="2" />
                <SequencePoint vc="0" uspid="3442" ordinal="0" offset="197" sl="124" sc="9" el="124" ec="9" bec="0" bev="0" fileid="2" />
                <SequencePoint vc="0" uspid="3443" ordinal="0" offset="234" sl="125" sc="9" el="125" ec="9" bec="0" bev="0" fileid="2" />
                <SequencePoint vc="0" uspid="3444" ordinal="0" offset="271" sl="127" sc="9" el="127" ec="9" bec="0" bev="0" fileid="2" />
                <SequencePoint vc="0" uspid="3445" ordinal="0" offset="308" sl="128" sc="9" el="128" ec="9" bec="0" bev="0" fileid="2" />
                <SequencePoint vc="0" uspid="3446" ordinal="0" offset="345" sl="130" sc="9" el="130" ec="9" bec="0" bev="0" fileid="2" />
                <SequencePoint vc="0" uspid="3447" ordinal="0" offset="382" sl="131" sc="9" el="131" ec="9" bec="0" bev="0" fileid="2" />
                <SequencePoint vc="0" uspid="3448" ordinal="0" offset="419" sl="133" sc="9" el="133" ec="9" bec="0" bev="0" fileid="2" />
                <SequencePoint vc="0" uspid="3449" ordinal="0" offset="431" sl="135" sc="9" el="135" ec="9" bec="0" bev="0" fileid="2" />
                <SequencePoint vc="0" uspid="3450" ordinal="0" offset="432" sl="135" sc="29" el="135" ec="29" bec="0" bev="0" fileid="2" />
                <SequencePoint vc="0" uspid="3451" ordinal="0" offset="446" sl="135" sc="18" el="135" ec="18" bec="0" bev="0" fileid="2" />
                <SequencePoint vc="0" uspid="3452" ordinal="0" offset="454" sl="136" sc="9" el="136" ec="9" bec="0" bev="0" fileid="2" />
                <SequencePoint vc="0" uspid="3453" ordinal="0" offset="455" sl="137" sc="13" el="137" ec="13" bec="0" bev="0" fileid="2" />
                <SequencePoint vc="0" uspid="3454" ordinal="0" offset="479" sl="138" sc="9" el="138" ec="9" bec="0" bev="0" fileid="2" />
                <SequencePoint vc="0" uspid="3455" ordinal="0" offset="480" sl="135" sc="26" el="135" ec="26" bec="0" bev="0" fileid="2" />
                <SequencePoint vc="0" uspid="3456" ordinal="0" offset="506" sl="143" sc="9" el="143" ec="9" bec="0" bev="0" fileid="2" />
                <SequencePoint vc="0" uspid="3457" ordinal="0" offset="532" sl="144" sc="9" el="144" ec="9" bec="0" bev="0" fileid="2" />
                <SequencePoint vc="0" uspid="3458" ordinal="0" offset="558" sl="146" sc="9" el="146" ec="9" bec="0" bev="0" fileid="2" />
                <SequencePoint vc="0" uspid="3459" ordinal="0" offset="570" sl="148" sc="9" el="148" ec="9" bec="0" bev="0" fileid="2" />
                <SequencePoint vc="0" uspid="3460" ordinal="0" offset="592" sl="150" sc="9" el="150" ec="9" bec="0" bev="0" fileid="2" />
                <SequencePoint vc="0" uspid="3461" ordinal="0" offset="599" sl="151" sc="9" el="151" ec="9" bec="0" bev="0" fileid="2" />
                <SequencePoint vc="0" uspid="3462" ordinal="0" offset="606" sl="153" sc="9" el="153" ec="9" bec="0" bev="0" fileid="2" />
                <SequencePoint vc="0" uspid="3463" ordinal="0" offset="618" sl="155" sc="9" el="155" ec="9" bec="0" bev="0" fileid="2" />
                <SequencePoint vc="0" uspid="3464" ordinal="0" offset="635" sl="156" sc="9" el="156" ec="9" bec="0" bev="0" fileid="2" />
                <SequencePoint vc="0" uspid="3465" ordinal="0" offset="636" sl="157" sc="13" el="157" ec="13" bec="0" bev="0" fileid="2" />
                <SequencePoint vc="0" uspid="3466" ordinal="0" offset="649" sl="158" sc="9" el="158" ec="9" bec="0" bev="0" fileid="2" />
                <SequencePoint vc="0" uspid="3467" ordinal="0" offset="650" sl="159" sc="5" el="159" ec="5" bec="0" bev="0" fileid="2" />
              </SequencePoints>
              <BranchPoints />
            </Method>
            <Method visited="false" cyclomaticComplexity="0" nPathComplexity="0" sequenceCoverage="0.0" branchCoverage="0" crapScore="0" isConstructor="false" isStatic="false" isGetter="false" isSetter="false">
              <Summary numSequencePoints="12" visitedSequencePoints="0" numBranchPoints="0" visitedBranchPoints="0" sequenceCoverage="0.0" branchCoverage="0" maxCyclomaticComplexity="0" minCyclomaticComplexity="0" maxCrapScore="0" minCrapScore="0" visitedClasses="0" numClasses="0" visitedMethods="0" numMethods="1" />
              <MetadataToken>100663298</MetadataToken>
              <Name>System.Void scr_CharacterController::Update()</Name>
              <FileRef uid="2" />
              <SequencePoints>
                <SequencePoint vc="0" uspid="3468" ordinal="0" offset="0" sl="163" sc="5" el="163" ec="5" bec="0" bev="0" fileid="2" />
                <SequencePoint vc="0" uspid="3469" ordinal="0" offset="1" sl="164" sc="9" el="164" ec="9" bec="0" bev="0" fileid="2" />
                <SequencePoint vc="0" uspid="3470" ordinal="0" offset="14" sl="165" sc="9" el="165" ec="9" bec="0" bev="0" fileid="2" />
                <SequencePoint vc="0" uspid="3471" ordinal="0" offset="15" sl="166" sc="13" el="166" ec="13" bec="0" bev="0" fileid="2" />
                <SequencePoint vc="0" uspid="3472" ordinal="0" offset="22" sl="167" sc="13" el="167" ec="13" bec="0" bev="0" fileid="2" />
                <SequencePoint vc="0" uspid="3473" ordinal="0" offset="29" sl="169" sc="13" el="169" ec="13" bec="0" bev="0" fileid="2" />
                <SequencePoint vc="0" uspid="3474" ordinal="0" offset="36" sl="170" sc="13" el="170" ec="13" bec="0" bev="0" fileid="2" />
                <SequencePoint vc="0" uspid="3475" ordinal="0" offset="43" sl="171" sc="13" el="171" ec="13" bec="0" bev="0" fileid="2" />
                <SequencePoint vc="0" uspid="3476" ordinal="0" offset="50" sl="172" sc="13" el="172" ec="13" bec="0" bev="0" fileid="2" />
                <SequencePoint vc="0" uspid="3477" ordinal="0" offset="57" sl="176" sc="13" el="176" ec="13" bec="0" bev="0" fileid="2" />
                <SequencePoint vc="0" uspid="3478" ordinal="0" offset="80" sl="177" sc="9" el="177" ec="9" bec="0" bev="0" fileid="2" />
                <SequencePoint vc="0" uspid="3479" ordinal="0" offset="81" sl="178" sc="5" el="178" ec="5" bec="0" bev="0" fileid="2" />
              </SequencePoints>
              <BranchPoints />
            </Method>
            <Method visited="false" cyclomaticComplexity="0" nPathComplexity="0" sequenceCoverage="0.0" branchCoverage="0" crapScore="0" isConstructor="false" isStatic="false" isGetter="false" isSetter="false">
              <Summary numSequencePoints="4" visitedSequencePoints="0" numBranchPoints="0" visitedBranchPoints="0" sequenceCoverage="0.0" branchCoverage="0" maxCyclomaticComplexity="0" minCyclomaticComplexity="0" maxCrapScore="0" minCrapScore="0" visitedClasses="0" numClasses="0" visitedMethods="0" numMethods="1" />
              <MetadataToken>100663299</MetadataToken>
              <Name>System.Void scr_CharacterController::FixedUpdate()</Name>
              <FileRef uid="2" />
              <SequencePoints>
                <SequencePoint vc="0" uspid="3480" ordinal="0" offset="0" sl="180" sc="5" el="180" ec="5" bec="0" bev="0" fileid="2" />
                <SequencePoint vc="0" uspid="3481" ordinal="0" offset="1" sl="181" sc="9" el="181" ec="9" bec="0" bev="0" fileid="2" />
                <SequencePoint vc="0" uspid="3482" ordinal="0" offset="8" sl="182" sc="9" el="182" ec="9" bec="0" bev="0" fileid="2" />
                <SequencePoint vc="0" uspid="3483" ordinal="0" offset="15" sl="183" sc="5" el="183" ec="5" bec="0" bev="0" fileid="2" />
              </SequencePoints>
              <BranchPoints />
            </Method>
            <Method visited="false" cyclomaticComplexity="0" nPathComplexity="0" sequenceCoverage="0.0" branchCoverage="0" crapScore="0" isConstructor="false" isStatic="false" isGetter="false" isSetter="false">
              <Summary numSequencePoints="6" visitedSequencePoints="0" numBranchPoints="0" visitedBranchPoints="0" sequenceCoverage="0.0" branchCoverage="0" maxCyclomaticComplexity="0" minCyclomaticComplexity="0" maxCrapScore="0" minCrapScore="0" visitedClasses="0" numClasses="0" visitedMethods="0" numMethods="1" />
              <MetadataToken>100663300</MetadataToken>
              <Name>System.Void scr_CharacterController::Start()</Name>
              <FileRef uid="2" />
              <SequencePoints>
                <SequencePoint vc="0" uspid="3484" ordinal="0" offset="0" sl="186" sc="5" el="186" ec="5" bec="0" bev="0" fileid="2" />
                <SequencePoint vc="0" uspid="3485" ordinal="0" offset="1" sl="187" sc="9" el="187" ec="9" bec="0" bev="0" fileid="2" />
                <SequencePoint vc="0" uspid="3486" ordinal="0" offset="12" sl="188" sc="9" el="188" ec="9" bec="0" bev="0" fileid="2" />
                <SequencePoint vc="0" uspid="3487" ordinal="0" offset="25" sl="189" sc="9" el="189" ec="9" bec="0" bev="0" fileid="2" />
                <SequencePoint vc="0" uspid="3488" ordinal="0" offset="32" sl="190" sc="9" el="190" ec="9" bec="0" bev="0" fileid="2" />
                <SequencePoint vc="0" uspid="3489" ordinal="0" offset="39" sl="191" sc="5" el="191" ec="5" bec="0" bev="0" fileid="2" />
              </SequencePoints>
              <BranchPoints />
            </Method>
            <Method visited="false" cyclomaticComplexity="0" nPathComplexity="0" sequenceCoverage="0.0" branchCoverage="0" crapScore="0" isConstructor="false" isStatic="false" isGetter="false" isSetter="false">
              <Summary numSequencePoints="4" visitedSequencePoints="0" numBranchPoints="0" visitedBranchPoints="0" sequenceCoverage="0.0" branchCoverage="0" maxCyclomaticComplexity="0" minCyclomaticComplexity="0" maxCrapScore="0" minCrapScore="0" visitedClasses="0" numClasses="0" visitedMethods="0" numMethods="1" />
              <MetadataToken>100663301</MetadataToken>
              <Name>System.Void scr_CharacterController::AimingInPressed()</Name>
              <FileRef uid="2" />
              <SequencePoints>
                <SequencePoint vc="0" uspid="3490" ordinal="0" offset="0" sl="195" sc="0" el="195" ec="0" bec="0" bev="0" fileid="2" />
                <SequencePoint vc="0" uspid="3491" ordinal="0" offset="1" sl="196" sc="0" el="196" ec="0" bec="0" bev="0" fileid="2" />
                <SequencePoint vc="0" uspid="3492" ordinal="0" offset="8" sl="197" sc="0" el="197" ec="0" bec="0" bev="0" fileid="2" />
                <SequencePoint vc="0" uspid="3493" ordinal="0" offset="15" sl="198" sc="0" el="198" ec="0" bec="0" bev="0" fileid="2" />
              </SequencePoints>
              <BranchPoints />
            </Method>
            <Method visited="false" cyclomaticComplexity="0" nPathComplexity="0" sequenceCoverage="0.0" branchCoverage="0" crapScore="0" isConstructor="false" isStatic="false" isGetter="false" isSetter="false">
              <Summary numSequencePoints="3" visitedSequencePoints="0" numBranchPoints="0" visitedBranchPoints="0" sequenceCoverage="0.0" branchCoverage="0" maxCyclomaticComplexity="0" minCyclomaticComplexity="0" maxCrapScore="0" minCrapScore="0" visitedClasses="0" numClasses="0" visitedMethods="0" numMethods="1" />
              <MetadataToken>100663302</MetadataToken>
              <Name>System.Void scr_CharacterController::AimingInReleased()</Name>
              <FileRef uid="2" />
              <SequencePoints>
                <SequencePoint vc="0" uspid="3494" ordinal="0" offset="0" sl="200" sc="0" el="200" ec="0" bec="0" bev="0" fileid="2" />
                <SequencePoint vc="0" uspid="3495" ordinal="0" offset="1" sl="201" sc="0" el="201" ec="0" bec="0" bev="0" fileid="2" />
                <SequencePoint vc="0" uspid="3496" ordinal="0" offset="8" sl="202" sc="0" el="202" ec="0" bec="0" bev="0" fileid="2" />
              </SequencePoints>
              <BranchPoints />
            </Method>
            <Method visited="false" cyclomaticComplexity="0" nPathComplexity="0" sequenceCoverage="0.0" branchCoverage="0" crapScore="0" isConstructor="false" isStatic="false" isGetter="false" isSetter="false">
              <Summary numSequencePoints="6" visitedSequencePoints="0" numBranchPoints="0" visitedBranchPoints="0" sequenceCoverage="0.0" branchCoverage="0" maxCyclomaticComplexity="0" minCyclomaticComplexity="0" maxCrapScore="0" minCrapScore="0" visitedClasses="0" numClasses="0" visitedMethods="0" numMethods="1" />
              <MetadataToken>100663303</MetadataToken>
              <Name>System.Void scr_CharacterController::CalculateAimingIn()</Name>
              <FileRef uid="2" />
              <SequencePoints>
                <SequencePoint vc="0" uspid="3497" ordinal="0" offset="0" sl="204" sc="5" el="204" ec="5" bec="0" bev="0" fileid="2" />
                <SequencePoint vc="0" uspid="3498" ordinal="0" offset="1" sl="205" sc="9" el="205" ec="9" bec="0" bev="0" fileid="2" />
                <SequencePoint vc="0" uspid="3499" ordinal="0" offset="19" sl="206" sc="9" el="206" ec="9" bec="0" bev="0" fileid="2" />
                <SequencePoint vc="0" uspid="3500" ordinal="0" offset="20" sl="207" sc="13" el="207" ec="13" bec="0" bev="0" fileid="2" />
                <SequencePoint vc="0" uspid="3501" ordinal="0" offset="22" sl="209" sc="9" el="209" ec="9" bec="0" bev="0" fileid="2" />
                <SequencePoint vc="0" uspid="3502" ordinal="0" offset="39" sl="210" sc="5" el="210" ec="5" bec="0" bev="0" fileid="2" />
              </SequencePoints>
              <BranchPoints />
            </Method>
            <Method visited="false" cyclomaticComplexity="0" nPathComplexity="0" sequenceCoverage="0.0" branchCoverage="0" crapScore="0" isConstructor="false" isStatic="false" isGetter="false" isSetter="false">
              <Summary numSequencePoints="5" visitedSequencePoints="0" numBranchPoints="0" visitedBranchPoints="0" sequenceCoverage="0.0" branchCoverage="0" maxCyclomaticComplexity="0" minCyclomaticComplexity="0" maxCrapScore="0" minCrapScore="0" visitedClasses="0" numClasses="0" visitedMethods="0" numMethods="1" />
              <MetadataToken>100663304</MetadataToken>
              <Name>System.Void scr_CharacterController::SetIsGrounded()</Name>
              <FileRef uid="2" />
              <SequencePoints>
                <SequencePoint vc="0" uspid="3503" ordinal="0" offset="0" sl="214" sc="5" el="214" ec="5" bec="0" bev="0" fileid="2" />
                <SequencePoint vc="0" uspid="3504" ordinal="0" offset="1" sl="215" sc="9" el="215" ec="9" bec="0" bev="0" fileid="2" />
                <SequencePoint vc="0" uspid="3505" ordinal="0" offset="45" sl="217" sc="9" el="217" ec="9" bec="0" bev="0" fileid="2" />
                <SequencePoint vc="0" uspid="3506" ordinal="0" offset="55" sl="217" sc="24" el="217" ec="24" bec="0" bev="0" fileid="2" />
                <SequencePoint vc="0" uspid="3507" ordinal="0" offset="62" sl="218" sc="5" el="218" ec="5" bec="0" bev="0" fileid="2" />
              </SequencePoints>
              <BranchPoints />
            </Method>
            <Method visited="false" cyclomaticComplexity="0" nPathComplexity="0" sequenceCoverage="0.0" branchCoverage="0" crapScore="0" isConstructor="false" isStatic="false" isGetter="false" isSetter="false">
              <Summary numSequencePoints="3" visitedSequencePoints="0" numBranchPoints="0" visitedBranchPoints="0" sequenceCoverage="0.0" branchCoverage="0" maxCyclomaticComplexity="0" minCyclomaticComplexity="0" maxCrapScore="0" minCrapScore="0" visitedClasses="0" numClasses="0" visitedMethods="0" numMethods="1" />
              <MetadataToken>100663305</MetadataToken>
              <Name>System.Void scr_CharacterController::SetIsFalling()</Name>
              <FileRef uid="2" />
              <SequencePoints>
                <SequencePoint vc="0" uspid="3508" ordinal="0" offset="0" sl="220" sc="5" el="220" ec="5" bec="0" bev="0" fileid="2" />
                <SequencePoint vc="0" uspid="3509" ordinal="0" offset="1" sl="221" sc="9" el="221" ec="9" bec="0" bev="0" fileid="2" />
                <SequencePoint vc="0" uspid="3510" ordinal="0" offset="50" sl="222" sc="5" el="222" ec="5" bec="0" bev="0" fileid="2" />
              </SequencePoints>
              <BranchPoints />
            </Method>
            <Method visited="false" cyclomaticComplexity="0" nPathComplexity="0" sequenceCoverage="0.0" branchCoverage="0" crapScore="0" isConstructor="false" isStatic="false" isGetter="false" isSetter="false">
              <Summary numSequencePoints="7" visitedSequencePoints="0" numBranchPoints="0" visitedBranchPoints="0" sequenceCoverage="0.0" branchCoverage="0" maxCyclomaticComplexity="0" minCyclomaticComplexity="0" maxCrapScore="0" minCrapScore="0" visitedClasses="0" numClasses="0" visitedMethods="0" numMethods="1" />
              <MetadataToken>100663306</MetadataToken>
              <Name>System.Void scr_CharacterController::CalculateView()</Name>
              <FileRef uid="2" />
              <SequencePoints>
                <SequencePoint vc="0" uspid="3511" ordinal="0" offset="0" sl="226" sc="5" el="226" ec="5" bec="0" bev="0" fileid="2" />
                <SequencePoint vc="0" uspid="3512" ordinal="0" offset="1" sl="227" sc="9" el="227" ec="9" bec="0" bev="0" fileid="2" />
                <SequencePoint vc="0" uspid="3513" ordinal="0" offset="105" sl="228" sc="9" el="228" ec="9" bec="0" bev="0" fileid="2" />
                <SequencePoint vc="0" uspid="3514" ordinal="0" offset="128" sl="230" sc="9" el="230" ec="9" bec="0" bev="0" fileid="2" />
                <SequencePoint vc="0" uspid="3515" ordinal="0" offset="232" sl="231" sc="9" el="231" ec="9" bec="0" bev="0" fileid="2" />
                <SequencePoint vc="0" uspid="3516" ordinal="0" offset="271" sl="232" sc="9" el="232" ec="9" bec="0" bev="0" fileid="2" />
                <SequencePoint vc="0" uspid="3517" ordinal="0" offset="294" sl="233" sc="5" el="233" ec="5" bec="0" bev="0" fileid="2" />
              </SequencePoints>
              <BranchPoints />
            </Method>
            <Method visited="false" cyclomaticComplexity="0" nPathComplexity="0" sequenceCoverage="0.0" branchCoverage="0" crapScore="0" isConstructor="false" isStatic="false" isGetter="false" isSetter="false">
              <Summary numSequencePoints="52" visitedSequencePoints="0" numBranchPoints="0" visitedBranchPoints="0" sequenceCoverage="0.0" branchCoverage="0" maxCyclomaticComplexity="0" minCyclomaticComplexity="0" maxCrapScore="0" minCrapScore="0" visitedClasses="0" numClasses="0" visitedMethods="0" numMethods="1" />
              <MetadataToken>100663307</MetadataToken>
              <Name>System.Void scr_CharacterController::CalculateMovement()</Name>
              <FileRef uid="2" />
              <SequencePoints>
                <SequencePoint vc="0" uspid="3518" ordinal="0" offset="0" sl="235" sc="5" el="235" ec="5" bec="0" bev="0" fileid="2" />
                <SequencePoint vc="0" uspid="3519" ordinal="0" offset="1" sl="236" sc="9" el="236" ec="9" bec="0" bev="0" fileid="2" />
                <SequencePoint vc="0" uspid="3520" ordinal="0" offset="26" sl="237" sc="9" el="237" ec="9" bec="0" bev="0" fileid="2" />
                <SequencePoint vc="0" uspid="3521" ordinal="0" offset="27" sl="238" sc="13" el="238" ec="13" bec="0" bev="0" fileid="2" />
                <SequencePoint vc="0" uspid="3522" ordinal="0" offset="34" sl="239" sc="9" el="239" ec="9" bec="0" bev="0" fileid="2" />
                <SequencePoint vc="0" uspid="3523" ordinal="0" offset="35" sl="241" sc="9" el="241" ec="9" bec="0" bev="0" fileid="2" />
                <SequencePoint vc="0" uspid="3524" ordinal="0" offset="47" sl="242" sc="9" el="242" ec="9" bec="0" bev="0" fileid="2" />
                <SequencePoint vc="0" uspid="3525" ordinal="0" offset="59" sl="244" sc="9" el="244" ec="9" bec="0" bev="0" fileid="2" />
                <SequencePoint vc="0" uspid="3526" ordinal="0" offset="71" sl="245" sc="9" el="245" ec="9" bec="0" bev="0" fileid="2" />
                <SequencePoint vc="0" uspid="3527" ordinal="0" offset="72" sl="246" sc="13" el="246" ec="13" bec="0" bev="0" fileid="2" />
                <SequencePoint vc="0" uspid="3528" ordinal="0" offset="84" sl="247" sc="13" el="247" ec="13" bec="0" bev="0" fileid="2" />
                <SequencePoint vc="0" uspid="3529" ordinal="0" offset="96" sl="248" sc="9" el="248" ec="9" bec="0" bev="0" fileid="2" />
                <SequencePoint vc="0" uspid="3530" ordinal="0" offset="97" sl="250" sc="9" el="250" ec="9" bec="0" bev="0" fileid="2" />
                <SequencePoint vc="0" uspid="3531" ordinal="0" offset="112" sl="251" sc="9" el="251" ec="9" bec="0" bev="0" fileid="2" />
                <SequencePoint vc="0" uspid="3532" ordinal="0" offset="113" sl="252" sc="13" el="252" ec="13" bec="0" bev="0" fileid="2" />
                <SequencePoint vc="0" uspid="3533" ordinal="0" offset="135" sl="253" sc="9" el="253" ec="9" bec="0" bev="0" fileid="2" />
                <SequencePoint vc="0" uspid="3534" ordinal="0" offset="141" sl="254" sc="14" el="254" ec="14" bec="0" bev="0" fileid="2" />
                <SequencePoint vc="0" uspid="3535" ordinal="0" offset="156" sl="255" sc="9" el="255" ec="9" bec="0" bev="0" fileid="2" />
                <SequencePoint vc="0" uspid="3536" ordinal="0" offset="157" sl="256" sc="13" el="256" ec="13" bec="0" bev="0" fileid="2" />
                <SequencePoint vc="0" uspid="3537" ordinal="0" offset="179" sl="257" sc="9" el="257" ec="9" bec="0" bev="0" fileid="2" />
                <SequencePoint vc="0" uspid="3538" ordinal="0" offset="182" sl="258" sc="14" el="258" ec="14" bec="0" bev="0" fileid="2" />
                <SequencePoint vc="0" uspid="3539" ordinal="0" offset="197" sl="259" sc="9" el="259" ec="9" bec="0" bev="0" fileid="2" />
                <SequencePoint vc="0" uspid="3540" ordinal="0" offset="198" sl="260" sc="13" el="260" ec="13" bec="0" bev="0" fileid="2" />
                <SequencePoint vc="0" uspid="3541" ordinal="0" offset="220" sl="261" sc="9" el="261" ec="9" bec="0" bev="0" fileid="2" />
                <SequencePoint vc="0" uspid="3542" ordinal="0" offset="223" sl="262" sc="14" el="262" ec="14" bec="0" bev="0" fileid="2" />
                <SequencePoint vc="0" uspid="3543" ordinal="0" offset="235" sl="263" sc="9" el="263" ec="9" bec="0" bev="0" fileid="2" />
                <SequencePoint vc="0" uspid="3544" ordinal="0" offset="236" sl="264" sc="13" el="264" ec="13" bec="0" bev="0" fileid="2" />
                <SequencePoint vc="0" uspid="3545" ordinal="0" offset="258" sl="265" sc="9" el="265" ec="9" bec="0" bev="0" fileid="2" />
                <SequencePoint vc="0" uspid="3546" ordinal="0" offset="261" sl="267" sc="9" el="267" ec="9" bec="0" bev="0" fileid="2" />
                <SequencePoint vc="0" uspid="3547" ordinal="0" offset="262" sl="268" sc="13" el="268" ec="13" bec="0" bev="0" fileid="2" />
                <SequencePoint vc="0" uspid="3548" ordinal="0" offset="278" sl="269" sc="9" el="269" ec="9" bec="0" bev="0" fileid="2" />
                <SequencePoint vc="0" uspid="3549" ordinal="0" offset="279" sl="271" sc="9" el="271" ec="9" bec="0" bev="0" fileid="2" />
                <SequencePoint vc="0" uspid="3550" ordinal="0" offset="329" sl="272" sc="9" el="272" ec="9" bec="0" bev="0" fileid="2" />
                <SequencePoint vc="0" uspid="3551" ordinal="0" offset="348" sl="273" sc="9" el="273" ec="9" bec="0" bev="0" fileid="2" />
                <SequencePoint vc="0" uspid="3552" ordinal="0" offset="349" sl="274" sc="13" el="274" ec="13" bec="0" bev="0" fileid="2" />
                <SequencePoint vc="0" uspid="3553" ordinal="0" offset="360" sl="275" sc="9" el="275" ec="9" bec="0" bev="0" fileid="2" />
                <SequencePoint vc="0" uspid="3554" ordinal="0" offset="361" sl="277" sc="9" el="277" ec="9" bec="0" bev="0" fileid="2" />
                <SequencePoint vc="0" uspid="3555" ordinal="0" offset="375" sl="278" sc="9" el="278" ec="9" bec="0" bev="0" fileid="2" />
                <SequencePoint vc="0" uspid="3556" ordinal="0" offset="389" sl="280" sc="9" el="280" ec="9" bec="0" bev="0" fileid="2" />
                <SequencePoint vc="0" uspid="3557" ordinal="0" offset="492" sl="286" sc="9" el="286" ec="9" bec="0" bev="0" fileid="2" />
                <SequencePoint vc="0" uspid="3558" ordinal="0" offset="510" sl="288" sc="9" el="288" ec="9" bec="0" bev="0" fileid="2" />
                <SequencePoint vc="0" uspid="3559" ordinal="0" offset="530" sl="289" sc="9" el="289" ec="9" bec="0" bev="0" fileid="2" />
                <SequencePoint vc="0" uspid="3560" ordinal="0" offset="531" sl="290" sc="13" el="290" ec="13" bec="0" bev="0" fileid="2" />
                <SequencePoint vc="0" uspid="3561" ordinal="0" offset="556" sl="291" sc="9" el="291" ec="9" bec="0" bev="0" fileid="2" />
                <SequencePoint vc="0" uspid="3562" ordinal="0" offset="557" sl="293" sc="9" el="293" ec="9" bec="0" bev="0" fileid="2" />
                <SequencePoint vc="0" uspid="3563" ordinal="0" offset="585" sl="294" sc="9" el="294" ec="9" bec="0" bev="0" fileid="2" />
                <SequencePoint vc="0" uspid="3564" ordinal="0" offset="586" sl="295" sc="13" el="295" ec="13" bec="0" bev="0" fileid="2" />
                <SequencePoint vc="0" uspid="3565" ordinal="0" offset="597" sl="296" sc="9" el="296" ec="9" bec="0" bev="0" fileid="2" />
                <SequencePoint vc="0" uspid="3566" ordinal="0" offset="598" sl="298" sc="8" el="298" ec="8" bec="0" bev="0" fileid="2" />
                <SequencePoint vc="0" uspid="3567" ordinal="0" offset="615" sl="299" sc="8" el="299" ec="8" bec="0" bev="0" fileid="2" />
                <SequencePoint vc="0" uspid="3568" ordinal="0" offset="643" sl="301" sc="9" el="301" ec="9" bec="0" bev="0" fileid="2" />
                <SequencePoint vc="0" uspid="3569" ordinal="0" offset="656" sl="302" sc="5" el="302" ec="5" bec="0" bev="0" fileid="2" />
              </SequencePoints>
              <BranchPoints />
            </Method>
            <Method visited="false" cyclomaticComplexity="0" nPathComplexity="0" sequenceCoverage="0.0" branchCoverage="0" crapScore="0" isConstructor="false" isStatic="false" isGetter="false" isSetter="false">
              <Summary numSequencePoints="3" visitedSequencePoints="0" numBranchPoints="0" visitedBranchPoints="0" sequenceCoverage="0.0" branchCoverage="0" maxCyclomaticComplexity="0" minCyclomaticComplexity="0" maxCrapScore="0" minCrapScore="0" visitedClasses="0" numClasses="0" visitedMethods="0" numMethods="1" />
              <MetadataToken>100663308</MetadataToken>
              <Name>System.Void scr_CharacterController::CalculateJump()</Name>
              <FileRef uid="2" />
              <SequencePoints>
                <SequencePoint vc="0" uspid="3570" ordinal="0" offset="0" sl="306" sc="5" el="306" ec="5" bec="0" bev="0" fileid="2" />
                <SequencePoint vc="0" uspid="3571" ordinal="0" offset="1" sl="307" sc="9" el="307" ec="9" bec="0" bev="0" fileid="2" />
                <SequencePoint vc="0" uspid="3572" ordinal="0" offset="40" sl="308" sc="5" el="308" ec="5" bec="0" bev="0" fileid="2" />
              </SequencePoints>
              <BranchPoints />
            </Method>
            <Method visited="false" cyclomaticComplexity="0" nPathComplexity="0" sequenceCoverage="0.0" branchCoverage="0" crapScore="0" isConstructor="false" isStatic="false" isGetter="false" isSetter="false">
              <Summary numSequencePoints="18" visitedSequencePoints="0" numBranchPoints="0" visitedBranchPoints="0" sequenceCoverage="0.0" branchCoverage="0" maxCyclomaticComplexity="0" minCyclomaticComplexity="0" maxCrapScore="0" minCrapScore="0" visitedClasses="0" numClasses="0" visitedMethods="0" numMethods="1" />
              <MetadataToken>100663309</MetadataToken>
              <Name>System.Void scr_CharacterController::JumpPressed()</Name>
              <FileRef uid="2" />
              <SequencePoints>
                <SequencePoint vc="0" uspid="3573" ordinal="0" offset="0" sl="310" sc="5" el="310" ec="5" bec="0" bev="0" fileid="2" />
                <SequencePoint vc="0" uspid="3574" ordinal="0" offset="1" sl="311" sc="9" el="311" ec="9" bec="0" bev="0" fileid="2" />
                <SequencePoint vc="0" uspid="3575" ordinal="0" offset="36" sl="312" sc="9" el="312" ec="9" bec="0" bev="0" fileid="2" />
                <SequencePoint vc="0" uspid="3576" ordinal="0" offset="37" sl="313" sc="13" el="313" ec="13" bec="0" bev="0" fileid="2" />
                <SequencePoint vc="0" uspid="3577" ordinal="0" offset="42" sl="315" sc="9" el="315" ec="9" bec="0" bev="0" fileid="2" />
                <SequencePoint vc="0" uspid="3578" ordinal="0" offset="55" sl="316" sc="9" el="316" ec="9" bec="0" bev="0" fileid="2" />
                <SequencePoint vc="0" uspid="3579" ordinal="0" offset="56" sl="317" sc="13" el="317" ec="13" bec="0" bev="0" fileid="2" />
                <SequencePoint vc="0" uspid="3580" ordinal="0" offset="82" sl="318" sc="13" el="318" ec="13" bec="0" bev="0" fileid="2" />
                <SequencePoint vc="0" uspid="3581" ordinal="0" offset="83" sl="319" sc="17" el="319" ec="17" bec="0" bev="0" fileid="2" />
                <SequencePoint vc="0" uspid="3582" ordinal="0" offset="85" sl="321" sc="13" el="321" ec="13" bec="0" bev="0" fileid="2" />
                <SequencePoint vc="0" uspid="3583" ordinal="0" offset="92" sl="322" sc="13" el="322" ec="13" bec="0" bev="0" fileid="2" />
                <SequencePoint vc="0" uspid="3584" ordinal="0" offset="94" sl="326" sc="9" el="326" ec="9" bec="0" bev="0" fileid="2" />
                <SequencePoint vc="0" uspid="3585" ordinal="0" offset="121" sl="327" sc="9" el="327" ec="9" bec="0" bev="0" fileid="2" />
                <SequencePoint vc="0" uspid="3586" ordinal="0" offset="132" sl="328" sc="9" el="328" ec="9" bec="0" bev="0" fileid="2" />
                <SequencePoint vc="0" uspid="3587" ordinal="0" offset="146" sl="329" sc="9" el="329" ec="9" bec="0" bev="0" fileid="2" />
                <SequencePoint vc="0" uspid="3588" ordinal="0" offset="161" sl="330" sc="13" el="330" ec="13" bec="0" bev="0" fileid="2" />
                <SequencePoint vc="0" uspid="3589" ordinal="0" offset="178" sl="331" sc="17" el="331" ec="17" bec="0" bev="0" fileid="2" />
                <SequencePoint vc="0" uspid="3590" ordinal="0" offset="190" sl="332" sc="5" el="332" ec="5" bec="0" bev="0" fileid="2" />
              </SequencePoints>
              <BranchPoints />
            </Method>
            <Method visited="false" cyclomaticComplexity="0" nPathComplexity="0" sequenceCoverage="0.0" branchCoverage="0" crapScore="0" isConstructor="false" isStatic="false" isGetter="false" isSetter="false">
              <Summary numSequencePoints="15" visitedSequencePoints="0" numBranchPoints="0" visitedBranchPoints="0" sequenceCoverage="0.0" branchCoverage="0" maxCyclomaticComplexity="0" minCyclomaticComplexity="0" maxCrapScore="0" minCrapScore="0" visitedClasses="0" numClasses="0" visitedMethods="0" numMethods="1" />
              <MetadataToken>100663310</MetadataToken>
              <Name>System.Void scr_CharacterController::CalculateStance()</Name>
              <FileRef uid="2" />
              <SequencePoints>
                <SequencePoint vc="0" uspid="3591" ordinal="0" offset="0" sl="336" sc="5" el="336" ec="5" bec="0" bev="0" fileid="2" />
                <SequencePoint vc="0" uspid="3592" ordinal="0" offset="1" sl="337" sc="9" el="337" ec="9" bec="0" bev="0" fileid="2" />
                <SequencePoint vc="0" uspid="3593" ordinal="0" offset="8" sl="338" sc="9" el="338" ec="9" bec="0" bev="0" fileid="2" />
                <SequencePoint vc="0" uspid="3594" ordinal="0" offset="21" sl="339" sc="9" el="339" ec="9" bec="0" bev="0" fileid="2" />
                <SequencePoint vc="0" uspid="3595" ordinal="0" offset="22" sl="340" sc="13" el="340" ec="13" bec="0" bev="0" fileid="2" />
                <SequencePoint vc="0" uspid="3596" ordinal="0" offset="29" sl="341" sc="9" el="341" ec="9" bec="0" bev="0" fileid="2" />
                <SequencePoint vc="0" uspid="3597" ordinal="0" offset="32" sl="342" sc="14" el="342" ec="14" bec="0" bev="0" fileid="2" />
                <SequencePoint vc="0" uspid="3598" ordinal="0" offset="45" sl="343" sc="9" el="343" ec="9" bec="0" bev="0" fileid="2" />
                <SequencePoint vc="0" uspid="3599" ordinal="0" offset="46" sl="344" sc="13" el="344" ec="13" bec="0" bev="0" fileid="2" />
                <SequencePoint vc="0" uspid="3600" ordinal="0" offset="53" sl="345" sc="9" el="345" ec="9" bec="0" bev="0" fileid="2" />
                <SequencePoint vc="0" uspid="3601" ordinal="0" offset="54" sl="347" sc="9" el="347" ec="9" bec="0" bev="0" fileid="2" />
                <SequencePoint vc="0" uspid="3602" ordinal="0" offset="99" sl="349" sc="9" el="349" ec="9" bec="0" bev="0" fileid="2" />
                <SequencePoint vc="0" uspid="3603" ordinal="0" offset="154" sl="350" sc="9" el="350" ec="9" bec="0" bev="0" fileid="2" />
                <SequencePoint vc="0" uspid="3604" ordinal="0" offset="205" sl="351" sc="9" el="351" ec="9" bec="0" bev="0" fileid="2" />
                <SequencePoint vc="0" uspid="3605" ordinal="0" offset="256" sl="352" sc="5" el="352" ec="5" bec="0" bev="0" fileid="2" />
              </SequencePoints>
              <BranchPoints />
            </Method>
            <Method visited="false" cyclomaticComplexity="0" nPathComplexity="0" sequenceCoverage="0.0" branchCoverage="0" crapScore="0" isConstructor="false" isStatic="false" isGetter="false" isSetter="false">
              <Summary numSequencePoints="13" visitedSequencePoints="0" numBranchPoints="0" visitedBranchPoints="0" sequenceCoverage="0.0" branchCoverage="0" maxCyclomaticComplexity="0" minCyclomaticComplexity="0" maxCrapScore="0" minCrapScore="0" visitedClasses="0" numClasses="0" visitedMethods="0" numMethods="1" />
              <MetadataToken>100663311</MetadataToken>
              <Name>System.Void scr_CharacterController::CrouchPressed()</Name>
              <FileRef uid="2" />
              <SequencePoints>
                <SequencePoint vc="0" uspid="3606" ordinal="0" offset="0" sl="354" sc="0" el="354" ec="0" bec="0" bev="0" fileid="2" />
                <SequencePoint vc="0" uspid="3607" ordinal="0" offset="1" sl="355" sc="0" el="355" ec="0" bec="0" bev="0" fileid="2" />
                <SequencePoint vc="0" uspid="3608" ordinal="0" offset="14" sl="356" sc="0" el="356" ec="0" bec="0" bev="0" fileid="2" />
                <SequencePoint vc="0" uspid="3609" ordinal="0" offset="15" sl="357" sc="0" el="357" ec="0" bec="0" bev="0" fileid="2" />
                <SequencePoint vc="0" uspid="3610" ordinal="0" offset="41" sl="358" sc="0" el="358" ec="0" bec="0" bev="0" fileid="2" />
                <SequencePoint vc="0" uspid="3611" ordinal="0" offset="42" sl="359" sc="0" el="359" ec="0" bec="0" bev="0" fileid="2" />
                <SequencePoint vc="0" uspid="3612" ordinal="0" offset="44" sl="361" sc="0" el="361" ec="0" bec="0" bev="0" fileid="2" />
                <SequencePoint vc="0" uspid="3613" ordinal="0" offset="51" sl="362" sc="0" el="362" ec="0" bec="0" bev="0" fileid="2" />
                <SequencePoint vc="0" uspid="3614" ordinal="0" offset="53" sl="364" sc="0" el="364" ec="0" bec="0" bev="0" fileid="2" />
                <SequencePoint vc="0" uspid="3615" ordinal="0" offset="79" sl="365" sc="0" el="365" ec="0" bec="0" bev="0" fileid="2" />
                <SequencePoint vc="0" uspid="3616" ordinal="0" offset="80" sl="366" sc="0" el="366" ec="0" bec="0" bev="0" fileid="2" />
                <SequencePoint vc="0" uspid="3617" ordinal="0" offset="82" sl="368" sc="0" el="368" ec="0" bec="0" bev="0" fileid="2" />
                <SequencePoint vc="0" uspid="3618" ordinal="0" offset="89" sl="369" sc="0" el="369" ec="0" bec="0" bev="0" fileid="2" />
              </SequencePoints>
              <BranchPoints />
            </Method>
            <Method visited="false" cyclomaticComplexity="0" nPathComplexity="0" sequenceCoverage="0.0" branchCoverage="0" crapScore="0" isConstructor="false" isStatic="false" isGetter="false" isSetter="false">
              <Summary numSequencePoints="3" visitedSequencePoints="0" numBranchPoints="0" visitedBranchPoints="0" sequenceCoverage="0.0" branchCoverage="0" maxCyclomaticComplexity="0" minCyclomaticComplexity="0" maxCrapScore="0" minCrapScore="0" visitedClasses="0" numClasses="0" visitedMethods="0" numMethods="1" />
              <MetadataToken>100663312</MetadataToken>
              <Name>System.Void scr_CharacterController::PronePressed()</Name>
              <FileRef uid="2" />
              <SequencePoints>
                <SequencePoint vc="0" uspid="3619" ordinal="0" offset="0" sl="371" sc="0" el="371" ec="0" bec="0" bev="0" fileid="2" />
                <SequencePoint vc="0" uspid="3620" ordinal="0" offset="1" sl="372" sc="0" el="372" ec="0" bec="0" bev="0" fileid="2" />
                <SequencePoint vc="0" uspid="3621" ordinal="0" offset="8" sl="373" sc="0" el="373" ec="0" bec="0" bev="0" fileid="2" />
              </SequencePoints>
              <BranchPoints />
            </Method>
            <Method visited="false" cyclomaticComplexity="0" nPathComplexity="0" sequenceCoverage="0.0" branchCoverage="0" crapScore="0" isConstructor="false" isStatic="false" isGetter="false" isSetter="false">
              <Summary numSequencePoints="5" visitedSequencePoints="0" numBranchPoints="0" visitedBranchPoints="0" sequenceCoverage="0.0" branchCoverage="0" maxCyclomaticComplexity="0" minCyclomaticComplexity="0" maxCrapScore="0" minCrapScore="0" visitedClasses="0" numClasses="0" visitedMethods="0" numMethods="1" />
              <MetadataToken>100663313</MetadataToken>
              <Name>System.Boolean scr_CharacterController::StanceCheck(System.Single)</Name>
              <FileRef uid="2" />
              <SequencePoints>
                <SequencePoint vc="0" uspid="3622" ordinal="0" offset="0" sl="377" sc="5" el="377" ec="5" bec="0" bev="0" fileid="2" />
                <SequencePoint vc="0" uspid="3623" ordinal="0" offset="1" sl="378" sc="9" el="378" ec="9" bec="0" bev="0" fileid="2" />
                <SequencePoint vc="0" uspid="3624" ordinal="0" offset="75" sl="379" sc="9" el="379" ec="9" bec="0" bev="0" fileid="2" />
                <SequencePoint vc="0" uspid="3625" ordinal="0" offset="151" sl="381" sc="9" el="381" ec="9" bec="0" bev="0" fileid="2" />
                <SequencePoint vc="0" uspid="3626" ordinal="0" offset="183" sl="382" sc="5" el="382" ec="5" bec="0" bev="0" fileid="2" />
              </SequencePoints>
              <BranchPoints />
            </Method>
            <Method visited="false" cyclomaticComplexity="0" nPathComplexity="0" sequenceCoverage="0.0" branchCoverage="0" crapScore="0" isConstructor="false" isStatic="false" isGetter="false" isSetter="false">
              <Summary numSequencePoints="7" visitedSequencePoints="0" numBranchPoints="0" visitedBranchPoints="0" sequenceCoverage="0.0" branchCoverage="0" maxCyclomaticComplexity="0" minCyclomaticComplexity="0" maxCrapScore="0" minCrapScore="0" visitedClasses="0" numClasses="0" visitedMethods="0" numMethods="1" />
              <MetadataToken>100663314</MetadataToken>
              <Name>System.Void scr_CharacterController::ToggleSprint()</Name>
              <FileRef uid="2" />
              <SequencePoints>
                <SequencePoint vc="0" uspid="3627" ordinal="0" offset="0" sl="385" sc="5" el="385" ec="5" bec="0" bev="0" fileid="2" />
                <SequencePoint vc="0" uspid="3628" ordinal="0" offset="1" sl="386" sc="9" el="386" ec="9" bec="0" bev="0" fileid="2" />
                <SequencePoint vc="0" uspid="3629" ordinal="0" offset="40" sl="387" sc="9" el="387" ec="9" bec="0" bev="0" fileid="2" />
                <SequencePoint vc="0" uspid="3630" ordinal="0" offset="41" sl="388" sc="13" el="388" ec="13" bec="0" bev="0" fileid="2" />
                <SequencePoint vc="0" uspid="3631" ordinal="0" offset="48" sl="389" sc="13" el="389" ec="13" bec="0" bev="0" fileid="2" />
                <SequencePoint vc="0" uspid="3632" ordinal="0" offset="50" sl="391" sc="9" el="391" ec="9" bec="0" bev="0" fileid="2" />
                <SequencePoint vc="0" uspid="3633" ordinal="0" offset="65" sl="392" sc="5" el="392" ec="5" bec="0" bev="0" fileid="2" />
              </SequencePoints>
              <BranchPoints />
            </Method>
            <Method visited="false" cyclomaticComplexity="0" nPathComplexity="0" sequenceCoverage="0.0" branchCoverage="0" crapScore="0" isConstructor="false" isStatic="false" isGetter="false" isSetter="false">
              <Summary numSequencePoints="6" visitedSequencePoints="0" numBranchPoints="0" visitedBranchPoints="0" sequenceCoverage="0.0" branchCoverage="0" maxCyclomaticComplexity="0" minCyclomaticComplexity="0" maxCrapScore="0" minCrapScore="0" visitedClasses="0" numClasses="0" visitedMethods="0" numMethods="1" />
              <MetadataToken>100663315</MetadataToken>
              <Name>System.Void scr_CharacterController::StopSprint()</Name>
              <FileRef uid="2" />
              <SequencePoints>
                <SequencePoint vc="0" uspid="3634" ordinal="0" offset="0" sl="395" sc="0" el="395" ec="0" bec="0" bev="0" fileid="2" />
                <SequencePoint vc="0" uspid="3635" ordinal="0" offset="1" sl="396" sc="0" el="396" ec="0" bec="0" bev="0" fileid="2" />
                <SequencePoint vc="0" uspid="3636" ordinal="0" offset="16" sl="397" sc="0" el="397" ec="0" bec="0" bev="0" fileid="2" />
                <SequencePoint vc="0" uspid="3637" ordinal="0" offset="17" sl="398" sc="0" el="398" ec="0" bec="0" bev="0" fileid="2" />
                <SequencePoint vc="0" uspid="3638" ordinal="0" offset="24" sl="399" sc="0" el="399" ec="0" bec="0" bev="0" fileid="2" />
                <SequencePoint vc="0" uspid="3639" ordinal="0" offset="25" sl="400" sc="0" el="400" ec="0" bec="0" bev="0" fileid="2" />
              </SequencePoints>
              <BranchPoints />
            </Method>
            <Method visited="false" cyclomaticComplexity="0" nPathComplexity="0" sequenceCoverage="0.0" branchCoverage="0" crapScore="0" isConstructor="false" isStatic="false" isGetter="false" isSetter="false">
              <Summary numSequencePoints="31" visitedSequencePoints="0" numBranchPoints="0" visitedBranchPoints="0" sequenceCoverage="0.0" branchCoverage="0" maxCyclomaticComplexity="0" minCyclomaticComplexity="0" maxCrapScore="0" minCrapScore="0" visitedClasses="0" numClasses="0" visitedMethods="0" numMethods="1" />
              <MetadataToken>100663316</MetadataToken>
              <Name>System.Void scr_CharacterController::PickUpPressed()</Name>
              <FileRef uid="2" />
              <SequencePoints>
                <SequencePoint vc="0" uspid="3640" ordinal="0" offset="0" sl="404" sc="5" el="404" ec="5" bec="0" bev="0" fileid="2" />
                <SequencePoint vc="0" uspid="3641" ordinal="0" offset="1" sl="405" sc="9" el="405" ec="9" bec="0" bev="0" fileid="2" />
                <SequencePoint vc="0" uspid="3642" ordinal="0" offset="17" sl="406" sc="9" el="406" ec="9" bec="0" bev="0" fileid="2" />
                <SequencePoint vc="0" uspid="3643" ordinal="0" offset="18" sl="407" sc="13" el="407" ec="13" bec="0" bev="0" fileid="2" />
                <SequencePoint vc="0" uspid="3644" ordinal="0" offset="29" sl="409" sc="13" el="409" ec="13" bec="0" bev="0" fileid="2" />
                <SequencePoint vc="0" uspid="3645" ordinal="0" offset="89" sl="410" sc="13" el="410" ec="13" bec="0" bev="0" fileid="2" />
                <SequencePoint vc="0" uspid="3646" ordinal="0" offset="90" sl="411" sc="17" el="411" ec="17" bec="0" bev="0" fileid="2" />
                <SequencePoint vc="0" uspid="3647" ordinal="0" offset="101" sl="412" sc="17" el="412" ec="17" bec="0" bev="0" fileid="2" />
                <SequencePoint vc="0" uspid="3648" ordinal="0" offset="124" sl="413" sc="17" el="413" ec="17" bec="0" bev="0" fileid="2" />
                <SequencePoint vc="0" uspid="3649" ordinal="0" offset="125" sl="414" sc="21" el="414" ec="21" bec="0" bev="0" fileid="2" />
                <SequencePoint vc="0" uspid="3650" ordinal="0" offset="136" sl="415" sc="21" el="415" ec="21" bec="0" bev="0" fileid="2" />
                <SequencePoint vc="0" uspid="3651" ordinal="0" offset="154" sl="416" sc="21" el="416" ec="21" bec="0" bev="0" fileid="2" />
                <SequencePoint vc="0" uspid="3652" ordinal="0" offset="172" sl="418" sc="21" el="418" ec="21" bec="0" bev="0" fileid="2" />
                <SequencePoint vc="0" uspid="3653" ordinal="0" offset="184" sl="420" sc="21" el="420" ec="21" bec="0" bev="0" fileid="2" />
                <SequencePoint vc="0" uspid="3654" ordinal="0" offset="191" sl="421" sc="17" el="421" ec="17" bec="0" bev="0" fileid="2" />
                <SequencePoint vc="0" uspid="3655" ordinal="0" offset="192" sl="422" sc="13" el="422" ec="13" bec="0" bev="0" fileid="2" />
                <SequencePoint vc="0" uspid="3656" ordinal="0" offset="193" sl="423" sc="9" el="423" ec="9" bec="0" bev="0" fileid="2" />
                <SequencePoint vc="0" uspid="3657" ordinal="0" offset="194" sl="424" sc="9" el="424" ec="9" bec="0" bev="0" fileid="2" />
                <SequencePoint vc="0" uspid="3658" ordinal="0" offset="206" sl="425" sc="9" el="425" ec="9" bec="0" bev="0" fileid="2" />
                <SequencePoint vc="0" uspid="3659" ordinal="0" offset="207" sl="426" sc="13" el="426" ec="13" bec="0" bev="0" fileid="2" />
                <SequencePoint vc="0" uspid="3660" ordinal="0" offset="218" sl="427" sc="13" el="427" ec="13" bec="0" bev="0" fileid="2" />
                <SequencePoint vc="0" uspid="3661" ordinal="0" offset="220" sl="430" sc="9" el="430" ec="9" bec="0" bev="0" fileid="2" />
                <SequencePoint vc="0" uspid="3662" ordinal="0" offset="271" sl="431" sc="9" el="431" ec="9" bec="0" bev="0" fileid="2" />
                <SequencePoint vc="0" uspid="3663" ordinal="0" offset="272" sl="432" sc="13" el="432" ec="13" bec="0" bev="0" fileid="2" />
                <SequencePoint vc="0" uspid="3664" ordinal="0" offset="284" sl="433" sc="13" el="433" ec="13" bec="0" bev="0" fileid="2" />
                <SequencePoint vc="0" uspid="3665" ordinal="0" offset="307" sl="434" sc="13" el="434" ec="13" bec="0" bev="0" fileid="2" />
                <SequencePoint vc="0" uspid="3666" ordinal="0" offset="308" sl="435" sc="17" el="435" ec="17" bec="0" bev="0" fileid="2" />
                <SequencePoint vc="0" uspid="3667" ordinal="0" offset="319" sl="436" sc="17" el="436" ec="17" bec="0" bev="0" fileid="2" />
                <SequencePoint vc="0" uspid="3668" ordinal="0" offset="337" sl="437" sc="13" el="437" ec="13" bec="0" bev="0" fileid="2" />
                <SequencePoint vc="0" uspid="3669" ordinal="0" offset="338" sl="438" sc="9" el="438" ec="9" bec="0" bev="0" fileid="2" />
                <SequencePoint vc="0" uspid="3670" ordinal="0" offset="339" sl="439" sc="5" el="439" ec="5" bec="0" bev="0" fileid="2" />
              </SequencePoints>
              <BranchPoints />
            </Method>
            <Method visited="false" cyclomaticComplexity="0" nPathComplexity="0" sequenceCoverage="0.0" branchCoverage="0" crapScore="0" isConstructor="false" isStatic="false" isGetter="false" isSetter="false">
              <Summary numSequencePoints="7" visitedSequencePoints="0" numBranchPoints="0" visitedBranchPoints="0" sequenceCoverage="0.0" branchCoverage="0" maxCyclomaticComplexity="0" minCyclomaticComplexity="0" maxCrapScore="0" minCrapScore="0" visitedClasses="0" numClasses="0" visitedMethods="0" numMethods="1" />
              <MetadataToken>100663317</MetadataToken>
              <Name>System.Void scr_CharacterController::DropPressed()</Name>
              <FileRef uid="2" />
              <SequencePoints>
                <SequencePoint vc="0" uspid="3671" ordinal="0" offset="0" sl="442" sc="0" el="442" ec="0" bec="0" bev="0" fileid="2" />
                <SequencePoint vc="0" uspid="3672" ordinal="0" offset="1" sl="443" sc="0" el="443" ec="0" bec="0" bev="0" fileid="2" />
                <SequencePoint vc="0" uspid="3673" ordinal="0" offset="11" sl="444" sc="0" el="444" ec="0" bec="0" bev="0" fileid="2" />
                <SequencePoint vc="0" uspid="3674" ordinal="0" offset="12" sl="445" sc="0" el="445" ec="0" bec="0" bev="0" fileid="2" />
                <SequencePoint vc="0" uspid="3675" ordinal="0" offset="30" sl="446" sc="0" el="446" ec="0" bec="0" bev="0" fileid="2" />
                <SequencePoint vc="0" uspid="3676" ordinal="0" offset="37" sl="447" sc="0" el="447" ec="0" bec="0" bev="0" fileid="2" />
                <SequencePoint vc="0" uspid="3677" ordinal="0" offset="38" sl="448" sc="0" el="448" ec="0" bec="0" bev="0" fileid="2" />
              </SequencePoints>
              <BranchPoints />
            </Method>
            <Method visited="false" cyclomaticComplexity="0" nPathComplexity="0" sequenceCoverage="0.0" branchCoverage="0" crapScore="0" isConstructor="false" isStatic="false" isGetter="false" isSetter="false">
              <Summary numSequencePoints="5" visitedSequencePoints="0" numBranchPoints="0" visitedBranchPoints="0" sequenceCoverage="0.0" branchCoverage="0" maxCyclomaticComplexity="0" minCyclomaticComplexity="0" maxCrapScore="0" minCrapScore="0" visitedClasses="0" numClasses="0" visitedMethods="0" numMethods="1" />
              <MetadataToken>100663318</MetadataToken>
              <Name>System.Void scr_CharacterController::CalculateImpact()</Name>
              <FileRef uid="2" />
              <SequencePoints>
                <SequencePoint vc="0" uspid="3678" ordinal="0" offset="0" sl="452" sc="5" el="452" ec="5" bec="0" bev="0" fileid="2" />
                <SequencePoint vc="0" uspid="3679" ordinal="0" offset="1" sl="454" sc="9" el="454" ec="9" bec="0" bev="0" fileid="2" />
                <SequencePoint vc="0" uspid="3680" ordinal="0" offset="23" sl="454" sc="38" el="454" ec="38" bec="0" bev="0" fileid="2" />
                <SequencePoint vc="0" uspid="3681" ordinal="0" offset="51" sl="456" sc="9" el="456" ec="9" bec="0" bev="0" fileid="2" />
                <SequencePoint vc="0" uspid="3682" ordinal="0" offset="84" sl="457" sc="5" el="457" ec="5" bec="0" bev="0" fileid="2" />
              </SequencePoints>
              <BranchPoints />
            </Method>
            <Method visited="false" cyclomaticComplexity="0" nPathComplexity="0" sequenceCoverage="0.0" branchCoverage="0" crapScore="0" isConstructor="false" isStatic="false" isGetter="false" isSetter="false">
              <Summary numSequencePoints="4" visitedSequencePoints="0" numBranchPoints="0" visitedBranchPoints="0" sequenceCoverage="0.0" branchCoverage="0" maxCyclomaticComplexity="0" minCyclomaticComplexity="0" maxCrapScore="0" minCrapScore="0" visitedClasses="0" numClasses="0" visitedMethods="0" numMethods="1" />
              <MetadataToken>100663319</MetadataToken>
              <Name>System.Void scr_CharacterController::AddImpact(UnityEngine.Vector3, System.Single)</Name>
              <FileRef uid="2" />
              <SequencePoints>
                <SequencePoint vc="0" uspid="3683" ordinal="0" offset="0" sl="459" sc="0" el="459" ec="0" bec="0" bev="0" fileid="2" />
                <SequencePoint vc="0" uspid="3684" ordinal="0" offset="1" sl="460" sc="0" el="460" ec="0" bec="0" bev="0" fileid="2" />
                <SequencePoint vc="0" uspid="3685" ordinal="0" offset="9" sl="461" sc="0" el="461" ec="0" bec="0" bev="0" fileid="2" />
                <SequencePoint vc="0" uspid="3686" ordinal="0" offset="50" sl="462" sc="0" el="462" ec="0" bec="0" bev="0" fileid="2" />
              </SequencePoints>
              <BranchPoints />
            </Method>
            <Method visited="false" cyclomaticComplexity="0" nPathComplexity="0" sequenceCoverage="0.0" branchCoverage="0" crapScore="0" isConstructor="false" isStatic="false" isGetter="false" isSetter="false">
              <Summary numSequencePoints="25" visitedSequencePoints="0" numBranchPoints="0" visitedBranchPoints="0" sequenceCoverage="0.0" branchCoverage="0" maxCyclomaticComplexity="0" minCyclomaticComplexity="0" maxCrapScore="0" minCrapScore="0" visitedClasses="0" numClasses="0" visitedMethods="0" numMethods="1" />
              <MetadataToken>100663320</MetadataToken>
              <Name>System.Void scr_CharacterController::TakeDamage(System.Int32, scr_Models/DamageType)</Name>
              <FileRef uid="2" />
              <SequencePoints>
                <SequencePoint vc="0" uspid="3687" ordinal="0" offset="0" sl="473" sc="5" el="473" ec="5" bec="0" bev="0" fileid="2" />
                <SequencePoint vc="0" uspid="3688" ordinal="0" offset="1" sl="474" sc="9" el="474" ec="9" bec="0" bev="0" fileid="2" />
                <SequencePoint vc="0" uspid="3689" ordinal="0" offset="16" sl="475" sc="9" el="475" ec="9" bec="0" bev="0" fileid="2" />
                <SequencePoint vc="0" uspid="3690" ordinal="0" offset="33" sl="475" sc="28" el="475" ec="28" bec="0" bev="0" fileid="2" />
[...]
              <FileRef uid="25" />
              <SequencePoints>
                <SequencePoint vc="0" uspid="4950" ordinal="0" offset="34" sl="101" sc="9" el="101" ec="9" bec="0" bev="0" fileid="25" />
                <SequencePoint vc="0" uspid="4951" ordinal="0" offset="35" sl="102" sc="13" el="102" ec="13" bec="0" bev="0" fileid="25" />
                <SequencePoint vc="0" uspid="4952" ordinal="0" offset="57" sl="103" sc="13" el="103" ec="13" bec="0" bev="0" fileid="25" />
                <SequencePoint vc="0" uspid="4953" ordinal="0" offset="79" sl="105" sc="13" el="105" ec="13" bec="0" bev="0" fileid="25" />
                <SequencePoint vc="0" uspid="4954" ordinal="0" offset="106" sl="106" sc="13" el="106" ec="13" bec="0" bev="0" fileid="25" />
                <SequencePoint vc="0" uspid="4955" ordinal="0" offset="137" sl="108" sc="13" el="108" ec="13" bec="0" bev="0" fileid="25" />
                <SequencePoint vc="0" uspid="4956" ordinal="0" offset="169" sl="110" sc="13" el="110" ec="13" bec="0" bev="0" fileid="25" />
                <SequencePoint vc="0" uspid="4957" ordinal="0" offset="196" sl="111" sc="13" el="111" ec="13" bec="0" bev="0" fileid="25" />
                <SequencePoint vc="0" uspid="4958" ordinal="0" offset="215" sl="113" sc="13" el="113" ec="13" bec="0" bev="0" fileid="25" />
                <SequencePoint vc="0" uspid="4959" ordinal="0" offset="260" sl="114" sc="9" el="114" ec="9" bec="0" bev="0" fileid="25" />
              </SequencePoints>
              <BranchPoints />
            </Method>
          </Methods>
        </Class>
        <Class>
          <Summary numSequencePoints="8" visitedSequencePoints="0" numBranchPoints="0" visitedBranchPoints="0" sequenceCoverage="0.0" branchCoverage="0.0" maxCyclomaticComplexity="0" minCyclomaticComplexity="0" maxCrapScore="0" minCrapScore="0" visitedClasses="0" numClasses="1" visitedMethods="0" numMethods="1" />
          <FullName>Tests.PlayerMovement/&lt;Sprinting&gt;d__13</FullName>
          <Methods>
            <Method visited="false" cyclomaticComplexity="0" nPathComplexity="0" sequenceCoverage="0.0" branchCoverage="0" crapScore="0" isConstructor="false" isStatic="false" isGetter="false" isSetter="false">
              <Summary numSequencePoints="8" visitedSequencePoints="0" numBranchPoints="0" visitedBranchPoints="0" sequenceCoverage="0.0" branchCoverage="0" maxCyclomaticComplexity="0" minCyclomaticComplexity="0" maxCrapScore="0" minCrapScore="0" visitedClasses="0" numClasses="0" visitedMethods="0" numMethods="1" />
              <MetadataToken>100663363</MetadataToken>
              <Name>System.Boolean Tests.PlayerMovement/&lt;Sprinting&gt;d__13::MoveNext()</Name>
              <FileRef uid="25" />
              <SequencePoints>
                <SequencePoint vc="0" uspid="4960" ordinal="0" offset="31" sl="119" sc="9" el="119" ec="9" bec="0" bev="0" fileid="25" />
                <SequencePoint vc="0" uspid="4961" ordinal="0" offset="32" sl="120" sc="13" el="120" ec="13" bec="0" bev="0" fileid="25" />
                <SequencePoint vc="0" uspid="4962" ordinal="0" offset="54" sl="121" sc="13" el="121" ec="13" bec="0" bev="0" fileid="25" />
                <SequencePoint vc="0" uspid="4963" ordinal="0" offset="76" sl="123" sc="13" el="123" ec="13" bec="0" bev="0" fileid="25" />
                <SequencePoint vc="0" uspid="4964" ordinal="0" offset="107" sl="124" sc="13" el="124" ec="13" bec="0" bev="0" fileid="25" />
                <SequencePoint vc="0" uspid="4965" ordinal="0" offset="124" sl="126" sc="13" el="126" ec="13" bec="0" bev="0" fileid="25" />
                <SequencePoint vc="0" uspid="4966" ordinal="0" offset="156" sl="128" sc="13" el="128" ec="13" bec="0" bev="0" fileid="25" />
                <SequencePoint vc="0" uspid="4967" ordinal="0" offset="214" sl="129" sc="9" el="129" ec="9" bec="0" bev="0" fileid="25" />
              </SequencePoints>
              <BranchPoints />
            </Method>
          </Methods>
        </Class>
        <Class>
          <Summary numSequencePoints="12" visitedSequencePoints="0" numBranchPoints="0" visitedBranchPoints="0" sequenceCoverage="0.0" branchCoverage="0.0" maxCyclomaticComplexity="0" minCyclomaticComplexity="0" maxCrapScore="0" minCrapScore="0" visitedClasses="0" numClasses="1" visitedMethods="0" numMethods="1" />
          <FullName>Tests.PlayerMovement/&lt;Jumping&gt;d__14</FullName>
          <Methods>
            <Method visited="false" cyclomaticComplexity="0" nPathComplexity="0" sequenceCoverage="0.0" branchCoverage="0" crapScore="0" isConstructor="false" isStatic="false" isGetter="false" isSetter="false">
              <Summary numSequencePoints="12" visitedSequencePoints="0" numBranchPoints="0" visitedBranchPoints="0" sequenceCoverage="0.0" branchCoverage="0" maxCyclomaticComplexity="0" minCyclomaticComplexity="0" maxCrapScore="0" minCrapScore="0" visitedClasses="0" numClasses="0" visitedMethods="0" numMethods="1" />
              <MetadataToken>100663369</MetadataToken>
              <Name>System.Boolean Tests.PlayerMovement/&lt;Jumping&gt;d__14::MoveNext()</Name>
              <FileRef uid="25" />
              <SequencePoints>
                <SequencePoint vc="0" uspid="4968" ordinal="0" offset="45" sl="133" sc="9" el="133" ec="9" bec="0" bev="0" fileid="25" />
                <SequencePoint vc="0" uspid="4969" ordinal="0" offset="46" sl="135" sc="13" el="135" ec="13" bec="0" bev="0" fileid="25" />
                <SequencePoint vc="0" uspid="4970" ordinal="0" offset="68" sl="136" sc="13" el="136" ec="13" bec="0" bev="0" fileid="25" />
                <SequencePoint vc="0" uspid="4971" ordinal="0" offset="90" sl="138" sc="13" el="138" ec="13" bec="0" bev="0" fileid="25" />
                <SequencePoint vc="0" uspid="4972" ordinal="0" offset="122" sl="141" sc="13" el="141" ec="13" bec="0" bev="0" fileid="25" />
                <SequencePoint vc="0" uspid="4973" ordinal="0" offset="149" sl="142" sc="13" el="142" ec="13" bec="0" bev="0" fileid="25" />
                <SequencePoint vc="0" uspid="4974" ordinal="0" offset="166" sl="145" sc="13" el="145" ec="13" bec="0" bev="0" fileid="25" />
                <SequencePoint vc="0" uspid="4975" ordinal="0" offset="198" sl="147" sc="13" el="147" ec="13" bec="0" bev="0" fileid="25" />
                <SequencePoint vc="0" uspid="4976" ordinal="0" offset="225" sl="148" sc="13" el="148" ec="13" bec="0" bev="0" fileid="25" />
                <SequencePoint vc="0" uspid="4977" ordinal="0" offset="244" sl="151" sc="13" el="151" ec="13" bec="0" bev="0" fileid="25" />
                <SequencePoint vc="0" uspid="4978" ordinal="0" offset="277" sl="152" sc="13" el="152" ec="13" bec="0" bev="0" fileid="25" />
                <SequencePoint vc="0" uspid="4979" ordinal="0" offset="322" sl="153" sc="9" el="153" ec="9" bec="0" bev="0" fileid="25" />
              </SequencePoints>
              <BranchPoints />
            </Method>
          </Methods>
        </Class>
        <Class>
          <Summary numSequencePoints="15" visitedSequencePoints="0" numBranchPoints="0" visitedBranchPoints="0" sequenceCoverage="0.0" branchCoverage="0.0" maxCyclomaticComplexity="0" minCyclomaticComplexity="0" maxCrapScore="0" minCrapScore="0" visitedClasses="0" numClasses="1" visitedMethods="0" numMethods="1" />
          <FullName>Tests.PlayerMovement/&lt;Pick_Up_Item&gt;d__15</FullName>
          <Methods>
            <Method visited="false" cyclomaticComplexity="0" nPathComplexity="0" sequenceCoverage="0.0" branchCoverage="0" crapScore="0" isConstructor="false" isStatic="false" isGetter="false" isSetter="false">
              <Summary numSequencePoints="15" visitedSequencePoints="0" numBranchPoints="0" visitedBranchPoints="0" sequenceCoverage="0.0" branchCoverage="0" maxCyclomaticComplexity="0" minCyclomaticComplexity="0" maxCrapScore="0" minCrapScore="0" visitedClasses="0" numClasses="0" visitedMethods="0" numMethods="1" />
              <MetadataToken>100663375</MetadataToken>
              <Name>System.Boolean Tests.PlayerMovement/&lt;Pick_Up_Item&gt;d__15::MoveNext()</Name>
              <FileRef uid="25" />
              <SequencePoints>
                <SequencePoint vc="0" uspid="4980" ordinal="0" offset="34" sl="157" sc="9" el="157" ec="9" bec="0" bev="0" fileid="25" />
                <SequencePoint vc="0" uspid="4981" ordinal="0" offset="35" sl="159" sc="13" el="159" ec="13" bec="0" bev="0" fileid="25" />
                <SequencePoint vc="0" uspid="4982" ordinal="0" offset="57" sl="160" sc="13" el="160" ec="13" bec="0" bev="0" fileid="25" />
                <SequencePoint vc="0" uspid="4983" ordinal="0" offset="79" sl="163" sc="13" el="163" ec="13" bec="0" bev="0" fileid="25" />
                <SequencePoint vc="0" uspid="4984" ordinal="0" offset="127" sl="164" sc="13" el="164" ec="13" bec="0" bev="0" fileid="25" />
                <SequencePoint vc="0" uspid="4985" ordinal="0" offset="149" sl="165" sc="13" el="165" ec="13" bec="0" bev="0" fileid="25" />
                <SequencePoint vc="0" uspid="4986" ordinal="0" offset="171" sl="166" sc="13" el="166" ec="13" bec="0" bev="0" fileid="25" />
                <SequencePoint vc="0" uspid="4987" ordinal="0" offset="199" sl="167" sc="13" el="167" ec="13" bec="0" bev="0" fileid="25" />
                <SequencePoint vc="0" uspid="4988" ordinal="0" offset="226" sl="169" sc="13" el="169" ec="13" bec="0" bev="0" fileid="25" />
                <SequencePoint vc="0" uspid="4989" ordinal="0" offset="243" sl="172" sc="13" el="172" ec="13" bec="0" bev="0" fileid="25" />
                <SequencePoint vc="0" uspid="4990" ordinal="0" offset="275" sl="174" sc="13" el="174" ec="13" bec="0" bev="0" fileid="25" />
                <SequencePoint vc="0" uspid="4991" ordinal="0" offset="282" sl="176" sc="13" el="176" ec="13" bec="0" bev="0" fileid="25" />
                <SequencePoint vc="0" uspid="4992" ordinal="0" offset="320" sl="178" sc="13" el="178" ec="13" bec="0" bev="0" fileid="25" />
                <SequencePoint vc="0" uspid="4993" ordinal="0" offset="337" sl="180" sc="13" el="180" ec="13" bec="0" bev="0" fileid="25" />
                <SequencePoint vc="0" uspid="4994" ordinal="0" offset="375" sl="181" sc="9" el="181" ec="9" bec="0" bev="0" fileid="25" />
              </SequencePoints>
              <BranchPoints />
            </Method>
          </Methods>
        </Class>
        <Class>
          <Summary numSequencePoints="15" visitedSequencePoints="0" numBranchPoints="0" visitedBranchPoints="0" sequenceCoverage="0.0" branchCoverage="0.0" maxCyclomaticComplexity="0" minCyclomaticComplexity="0" maxCrapScore="0" minCrapScore="0" visitedClasses="0" numClasses="1" visitedMethods="0" numMethods="1" />
          <FullName>Tests.WeaponTests/&lt;Pick_Up_Item&gt;d__6</FullName>
          <Methods>
            <Method visited="false" cyclomaticComplexity="0" nPathComplexity="0" sequenceCoverage="0.0" branchCoverage="0" crapScore="0" isConstructor="false" isStatic="false" isGetter="false" isSetter="false">
              <Summary numSequencePoints="15" visitedSequencePoints="0" numBranchPoints="0" visitedBranchPoints="0" sequenceCoverage="0.0" branchCoverage="0" maxCyclomaticComplexity="0" minCyclomaticComplexity="0" maxCrapScore="0" minCrapScore="0" visitedClasses="0" numClasses="0" visitedMethods="0" numMethods="1" />
              <MetadataToken>100663381</MetadataToken>
              <Name>System.Boolean Tests.WeaponTests/&lt;Pick_Up_Item&gt;d__6::MoveNext()</Name>
              <FileRef uid="26" />
              <SequencePoints>
                <SequencePoint vc="0" uspid="4995" ordinal="0" offset="34" sl="29" sc="9" el="29" ec="9" bec="0" bev="0" fileid="26" />
                <SequencePoint vc="0" uspid="4996" ordinal="0" offset="35" sl="31" sc="13" el="31" ec="13" bec="0" bev="0" fileid="26" />
                <SequencePoint vc="0" uspid="4997" ordinal="0" offset="57" sl="32" sc="13" el="32" ec="13" bec="0" bev="0" fileid="26" />
                <SequencePoint vc="0" uspid="4998" ordinal="0" offset="79" sl="35" sc="13" el="35" ec="13" bec="0" bev="0" fileid="26" />
                <SequencePoint vc="0" uspid="4999" ordinal="0" offset="127" sl="36" sc="13" el="36" ec="13" bec="0" bev="0" fileid="26" />
                <SequencePoint vc="0" uspid="5000" ordinal="0" offset="149" sl="37" sc="13" el="37" ec="13" bec="0" bev="0" fileid="26" />
                <SequencePoint vc="0" uspid="5001" ordinal="0" offset="171" sl="38" sc="13" el="38" ec="13" bec="0" bev="0" fileid="26" />
                <SequencePoint vc="0" uspid="5002" ordinal="0" offset="199" sl="39" sc="13" el="39" ec="13" bec="0" bev="0" fileid="26" />
                <SequencePoint vc="0" uspid="5003" ordinal="0" offset="226" sl="41" sc="13" el="41" ec="13" bec="0" bev="0" fileid="26" />
                <SequencePoint vc="0" uspid="5004" ordinal="0" offset="243" sl="44" sc="13" el="44" ec="13" bec="0" bev="0" fileid="26" />
                <SequencePoint vc="0" uspid="5005" ordinal="0" offset="275" sl="46" sc="13" el="46" ec="13" bec="0" bev="0" fileid="26" />
                <SequencePoint vc="0" uspid="5006" ordinal="0" offset="282" sl="48" sc="13" el="48" ec="13" bec="0" bev="0" fileid="26" />
                <SequencePoint vc="0" uspid="5007" ordinal="0" offset="320" sl="50" sc="13" el="50" ec="13" bec="0" bev="0" fileid="26" />
                <SequencePoint vc="0" uspid="5008" ordinal="0" offset="337" sl="52" sc="13" el="52" ec="13" bec="0" bev="0" fileid="26" />
                <SequencePoint vc="0" uspid="5009" ordinal="0" offset="375" sl="53" sc="9" el="53" ec="9" bec="0" bev="0" fileid="26" />
              </SequencePoints>
              <BranchPoints />
            </Method>
          </Methods>
        </Class>
        <Class>
          <Summary numSequencePoints="12" visitedSequencePoints="0" numBranchPoints="0" visitedBranchPoints="0" sequenceCoverage="0.0" branchCoverage="0.0" maxCyclomaticComplexity="0" minCyclomaticComplexity="0" maxCrapScore="0" minCrapScore="0" visitedClasses="0" numClasses="1" visitedMethods="0" numMethods="1" />
          <FullName>Tests.WeaponTests/&lt;Shoot_Weapon_LaserGun&gt;d__7</FullName>
          <Methods>
            <Method visited="false" cyclomaticComplexity="0" nPathComplexity="0" sequenceCoverage="0.0" branchCoverage="0" crapScore="0" isConstructor="false" isStatic="false" isGetter="false" isSetter="false">
              <Summary numSequencePoints="12" visitedSequencePoints="0" numBranchPoints="0" visitedBranchPoints="0" sequenceCoverage="0.0" branchCoverage="0" maxCyclomaticComplexity="0" minCyclomaticComplexity="0" maxCrapScore="0" minCrapScore="0" visitedClasses="0" numClasses="0" visitedMethods="0" numMethods="1" />
              <MetadataToken>100663387</MetadataToken>
              <Name>System.Boolean Tests.WeaponTests/&lt;Shoot_Weapon_LaserGun&gt;d__7::MoveNext()</Name>
              <FileRef uid="26" />
              <SequencePoints>
                <SequencePoint vc="0" uspid="5010" ordinal="0" offset="34" sl="56" sc="9" el="56" ec="9" bec="0" bev="0" fileid="26" />
                <SequencePoint vc="0" uspid="5011" ordinal="0" offset="35" sl="58" sc="13" el="58" ec="13" bec="0" bev="0" fileid="26" />
                <SequencePoint vc="0" uspid="5012" ordinal="0" offset="57" sl="59" sc="13" el="59" ec="13" bec="0" bev="0" fileid="26" />
                <SequencePoint vc="0" uspid="5013" ordinal="0" offset="79" sl="62" sc="13" el="62" ec="13" bec="0" bev="0" fileid="26" />
                <SequencePoint vc="0" uspid="5014" ordinal="0" offset="127" sl="63" sc="13" el="63" ec="13" bec="0" bev="0" fileid="26" />
                <SequencePoint vc="0" uspid="5015" ordinal="0" offset="149" sl="64" sc="13" el="64" ec="13" bec="0" bev="0" fileid="26" />
                <SequencePoint vc="0" uspid="5016" ordinal="0" offset="177" sl="65" sc="13" el="65" ec="13" bec="0" bev="0" fileid="26" />
                <SequencePoint vc="0" uspid="5017" ordinal="0" offset="198" sl="69" sc="13" el="69" ec="13" bec="0" bev="0" fileid="26" />
                <SequencePoint vc="0" uspid="5018" ordinal="0" offset="206" sl="70" sc="13" el="70" ec="13" bec="0" bev="0" fileid="26" />
                <SequencePoint vc="0" uspid="5019" ordinal="0" offset="223" sl="72" sc="13" el="72" ec="13" bec="0" bev="0" fileid="26" />
                <SequencePoint vc="0" uspid="5020" ordinal="0" offset="246" sl="74" sc="13" el="74" ec="13" bec="0" bev="0" fileid="26" />
                <SequencePoint vc="0" uspid="5021" ordinal="0" offset="284" sl="76" sc="9" el="76" ec="9" bec="0" bev="0" fileid="26" />
              </SequencePoints>
              <BranchPoints />
            </Method>
          </Methods>
        </Class>
        <Class>
          <Summary numSequencePoints="13" visitedSequencePoints="0" numBranchPoints="0" visitedBranchPoints="0" sequenceCoverage="0.0" branchCoverage="0.0" maxCyclomaticComplexity="0" minCyclomaticComplexity="0" maxCrapScore="0" minCrapScore="0" visitedClasses="0" numClasses="1" visitedMethods="0" numMethods="1" />
          <FullName>Tests.WeaponTests/&lt;Shoot_Weapon_LaserGun_Burst&gt;d__8</FullName>
          <Methods>
            <Method visited="false" cyclomaticComplexity="0" nPathComplexity="0" sequenceCoverage="0.0" branchCoverage="0" crapScore="0" isConstructor="false" isStatic="false" isGetter="false" isSetter="false">
              <Summary numSequencePoints="13" visitedSequencePoints="0" numBranchPoints="0" visitedBranchPoints="0" sequenceCoverage="0.0" branchCoverage="0" maxCyclomaticComplexity="0" minCyclomaticComplexity="0" maxCrapScore="0" minCrapScore="0" visitedClasses="0" numClasses="0" visitedMethods="0" numMethods="1" />
              <MetadataToken>100663393</MetadataToken>
              <Name>System.Boolean Tests.WeaponTests/&lt;Shoot_Weapon_LaserGun_Burst&gt;d__8::MoveNext()</Name>
              <FileRef uid="26" />
              <SequencePoints>
                <SequencePoint vc="0" uspid="5022" ordinal="0" offset="34" sl="79" sc="9" el="79" ec="9" bec="0" bev="0" fileid="26" />
                <SequencePoint vc="0" uspid="5023" ordinal="0" offset="35" sl="81" sc="13" el="81" ec="13" bec="0" bev="0" fileid="26" />
                <SequencePoint vc="0" uspid="5024" ordinal="0" offset="57" sl="82" sc="13" el="82" ec="13" bec="0" bev="0" fileid="26" />
                <SequencePoint vc="0" uspid="5025" ordinal="0" offset="79" sl="85" sc="13" el="85" ec="13" bec="0" bev="0" fileid="26" />
                <SequencePoint vc="0" uspid="5026" ordinal="0" offset="127" sl="86" sc="13" el="86" ec="13" bec="0" bev="0" fileid="26" />
                <SequencePoint vc="0" uspid="5027" ordinal="0" offset="149" sl="87" sc="13" el="87" ec="13" bec="0" bev="0" fileid="26" />
                <SequencePoint vc="0" uspid="5028" ordinal="0" offset="177" sl="88" sc="13" el="88" ec="13" bec="0" bev="0" fileid="26" />
                <SequencePoint vc="0" uspid="5029" ordinal="0" offset="198" sl="90" sc="13" el="90" ec="13" bec="0" bev="0" fileid="26" />
                <SequencePoint vc="0" uspid="5030" ordinal="0" offset="215" sl="93" sc="13" el="93" ec="13" bec="0" bev="0" fileid="26" />
                <SequencePoint vc="0" uspid="5031" ordinal="0" offset="223" sl="94" sc="13" el="94" ec="13" bec="0" bev="0" fileid="26" />
                <SequencePoint vc="0" uspid="5032" ordinal="0" offset="240" sl="96" sc="13" el="96" ec="13" bec="0" bev="0" fileid="26" />
                <SequencePoint vc="0" uspid="5033" ordinal="0" offset="272" sl="98" sc="13" el="98" ec="13" bec="0" bev="0" fileid="26" />
                <SequencePoint vc="0" uspid="5034" ordinal="0" offset="310" sl="100" sc="9" el="100" ec="9" bec="0" bev="0" fileid="26" />
              </SequencePoints>
              <BranchPoints />
            </Method>
          </Methods>
        </Class>
      </Classes>
    </Module>
  </Modules>
</CoverageSession>