<?xml version="1.0" encoding="utf-8"?>
<CoverageSession xmlns:xsd="http://www.w3.org/2001/XMLSchema" xmlns:xsi="http://www.w3.org/2001/XMLSchema-instance" Version="0.0.0.0">
  <Summary numSequencePoints="224" visitedSequencePoints="188" numBranchPoints="0" visitedBranchPoints="0" sequenceCoverage="83.93" branchCoverage="0.0" maxCyclomaticComplexity="0" minCyclomaticComplexity="0" maxCrapScore="0" minCrapScore="0" visitedClasses="8" numClasses="8" visitedMethods="28" numMethods="28" />
  <Modules>
    <Module>
      <Summary numSequencePoints="77" visitedSequencePoints="77" numBranchPoints="0" visitedBranchPoints="0" sequenceCoverage="100.0" branchCoverage="0.0" maxCyclomaticComplexity="0" minCyclomaticComplexity="0" maxCrapScore="0" minCrapScore="0" visitedClasses="1" numClasses="1" visitedMethods="11" numMethods="11" />
      <ModuleTime>0001-01-01T00:00:00</ModuleTime>
      <ModuleName>EditModeTest</ModuleName>
      <Files>
        <File uid="1" fullPath="D:/Unity Projects/Github/TestGame/Assets/Editor/EditModeTest/PlayerTests.cs" />
      </Files>
      <Classes>
        <Class>
          <Summary numSequencePoints="77" visitedSequencePoints="77" numBranchPoints="0" visitedBranchPoints="0" sequenceCoverage="100.0" branchCoverage="0.0" maxCyclomaticComplexity="0" minCyclomaticComplexity="0" maxCrapScore="0" minCrapScore="0" visitedClasses="1" numClasses="1" visitedMethods="11" numMethods="11" />
          <FullName>PlayerTests</FullName>
          <Methods>
            <Method visited="true" cyclomaticComplexity="0" nPathComplexity="0" sequenceCoverage="100.0" branchCoverage="0" crapScore="0" isConstructor="false" isStatic="false" isGetter="false" isSetter="false">
              <Summary numSequencePoints="12" visitedSequencePoints="12" numBranchPoints="0" visitedBranchPoints="0" sequenceCoverage="100.0" branchCoverage="0" maxCyclomaticComplexity="0" minCyclomaticComplexity="0" maxCrapScore="0" minCrapScore="0" visitedClasses="0" numClasses="0" visitedMethods="1" numMethods="1" />
              <MetadataToken>100663297</MetadataToken>
              <Name>System.Void PlayerTests::Setup()</Name>
              <FileRef uid="1" />
              <SequencePoints>
                <SequencePoint vc="12" uspid="5035" ordinal="0" offset="0" sl="29" sc="5" el="29" ec="5" bec="0" bev="0" fileid="1" />
                <SequencePoint vc="12" uspid="5036" ordinal="0" offset="1" sl="32" sc="9" el="32" ec="9" bec="0" bev="0" fileid="1" />
                <SequencePoint vc="12" uspid="5037" ordinal="0" offset="22" sl="33" sc="9" el="33" ec="9" bec="0" bev="0" fileid="1" />
                <SequencePoint vc="12" uspid="5038" ordinal="0" offset="39" sl="35" sc="9" el="35" ec="9" bec="0" bev="0" fileid="1" />
                <SequencePoint vc="12" uspid="5039" ordinal="0" offset="60" sl="36" sc="9" el="36" ec="9" bec="0" bev="0" fileid="1" />
                <SequencePoint vc="12" uspid="5040" ordinal="0" offset="77" sl="37" sc="9" el="37" ec="9" bec="0" bev="0" fileid="1" />
                <SequencePoint vc="12" uspid="5041" ordinal="0" offset="94" sl="39" sc="9" el="39" ec="9" bec="0" bev="0" fileid="1" />
                <SequencePoint vc="12" uspid="5042" ordinal="0" offset="115" sl="40" sc="9" el="40" ec="9" bec="0" bev="0" fileid="1" />
                <SequencePoint vc="12" uspid="5043" ordinal="0" offset="132" sl="41" sc="9" el="41" ec="9" bec="0" bev="0" fileid="1" />
                <SequencePoint vc="12" uspid="5044" ordinal="0" offset="149" sl="43" sc="9" el="43" ec="9" bec="0" bev="0" fileid="1" />
                <SequencePoint vc="12" uspid="5045" ordinal="0" offset="170" sl="44" sc="9" el="44" ec="9" bec="0" bev="0" fileid="1" />
                <SequencePoint vc="12" uspid="5046" ordinal="0" offset="187" sl="46" sc="5" el="46" ec="5" bec="0" bev="0" fileid="1" />
              </SequencePoints>
              <BranchPoints />
            </Method>
            <Method visited="true" cyclomaticComplexity="0" nPathComplexity="0" sequenceCoverage="100.0" branchCoverage="0" crapScore="0" isConstructor="false" isStatic="false" isGetter="false" isSetter="false">
              <Summary numSequencePoints="7" visitedSequencePoints="7" numBranchPoints="0" visitedBranchPoints="0" sequenceCoverage="100.0" branchCoverage="0" maxCyclomaticComplexity="0" minCyclomaticComplexity="0" maxCrapScore="0" minCrapScore="0" visitedClasses="0" numClasses="0" visitedMethods="1" numMethods="1" />
              <MetadataToken>100663298</MetadataToken>
              <Name>System.Void PlayerTests::Heal_Player_By_10()</Name>
              <FileRef uid="1" />
              <SequencePoints>
                <SequencePoint vc="1" uspid="5047" ordinal="0" offset="0" sl="50" sc="5" el="50" ec="5" bec="0" bev="0" fileid="1" />
                <SequencePoint vc="1" uspid="5048" ordinal="0" offset="1" sl="51" sc="9" el="51" ec="9" bec="0" bev="0" fileid="1" />
                <SequencePoint vc="1" uspid="5049" ordinal="0" offset="17" sl="52" sc="9" el="52" ec="9" bec="0" bev="0" fileid="1" />
                <SequencePoint vc="1" uspid="5050" ordinal="0" offset="23" sl="53" sc="9" el="53" ec="9" bec="0" bev="0" fileid="1" />
                <SequencePoint vc="1" uspid="5051" ordinal="0" offset="38" sl="55" sc="9" el="55" ec="9" bec="0" bev="0" fileid="1" />
                <SequencePoint vc="1" uspid="5052" ordinal="0" offset="51" sl="57" sc="9" el="57" ec="9" bec="0" bev="0" fileid="1" />
                <SequencePoint vc="1" uspid="5053" ordinal="0" offset="79" sl="58" sc="5" el="58" ec="5" bec="0" bev="0" fileid="1" />
              </SequencePoints>
              <BranchPoints />
            </Method>
            <Method visited="true" cyclomaticComplexity="0" nPathComplexity="0" sequenceCoverage="100.0" branchCoverage="0" crapScore="0" isConstructor="false" isStatic="false" isGetter="false" isSetter="false">
              <Summary numSequencePoints="7" visitedSequencePoints="7" numBranchPoints="0" visitedBranchPoints="0" sequenceCoverage="100.0" branchCoverage="0" maxCyclomaticComplexity="0" minCyclomaticComplexity="0" maxCrapScore="0" minCrapScore="0" visitedClasses="0" numClasses="0" visitedMethods="1" numMethods="1" />
              <MetadataToken>100663299</MetadataToken>
              <Name>System.Void PlayerTests::Heal_Player_By_50()</Name>
              <FileRef uid="1" />
              <SequencePoints>
                <SequencePoint vc="1" uspid="5054" ordinal="0" offset="0" sl="62" sc="5" el="62" ec="5" bec="0" bev="0" fileid="1" />
                <SequencePoint vc="1" uspid="5055" ordinal="0" offset="1" sl="63" sc="9" el="63" ec="9" bec="0" bev="0" fileid="1" />
                <SequencePoint vc="1" uspid="5056" ordinal="0" offset="17" sl="64" sc="9" el="64" ec="9" bec="0" bev="0" fileid="1" />
                <SequencePoint vc="1" uspid="5057" ordinal="0" offset="23" sl="65" sc="9" el="65" ec="9" bec="0" bev="0" fileid="1" />
                <SequencePoint vc="1" uspid="5058" ordinal="0" offset="38" sl="67" sc="9" el="67" ec="9" bec="0" bev="0" fileid="1" />
                <SequencePoint vc="1" uspid="5059" ordinal="0" offset="51" sl="69" sc="9" el="69" ec="9" bec="0" bev="0" fileid="1" />
                <SequencePoint vc="1" uspid="5060" ordinal="0" offset="79" sl="70" sc="5" el="70" ec="5" bec="0" bev="0" fileid="1" />
              </SequencePoints>
              <BranchPoints />
            </Method>
            <Method visited="true" cyclomaticComplexity="0" nPathComplexity="0" sequenceCoverage="100.0" branchCoverage="0" crapScore="0" isConstructor="false" isStatic="false" isGetter="false" isSetter="false">
              <Summary numSequencePoints="7" visitedSequencePoints="7" numBranchPoints="0" visitedBranchPoints="0" sequenceCoverage="100.0" branchCoverage="0" maxCyclomaticComplexity="0" minCyclomaticComplexity="0" maxCrapScore="0" minCrapScore="0" visitedClasses="0" numClasses="0" visitedMethods="1" numMethods="1" />
              <MetadataToken>100663300</MetadataToken>
              <Name>System.Void PlayerTests::Damage_Player_By_10()</Name>
              <FileRef uid="1" />
              <SequencePoints>
                <SequencePoint vc="1" uspid="5061" ordinal="0" offset="0" sl="74" sc="5" el="74" ec="5" bec="0" bev="0" fileid="1" />
                <SequencePoint vc="1" uspid="5062" ordinal="0" offset="1" sl="76" sc="9" el="76" ec="9" bec="0" bev="0" fileid="1" />
                <SequencePoint vc="1" uspid="5063" ordinal="0" offset="17" sl="77" sc="9" el="77" ec="9" bec="0" bev="0" fileid="1" />
                <SequencePoint vc="1" uspid="5064" ordinal="0" offset="20" sl="78" sc="9" el="78" ec="9" bec="0" bev="0" fileid="1" />
                <SequencePoint vc="1" uspid="5065" ordinal="0" offset="35" sl="80" sc="9" el="80" ec="9" bec="0" bev="0" fileid="1" />
                <SequencePoint vc="1" uspid="5066" ordinal="0" offset="49" sl="82" sc="9" el="82" ec="9" bec="0" bev="0" fileid="1" />
                <SequencePoint vc="1" uspid="5067" ordinal="0" offset="77" sl="83" sc="5" el="83" ec="5" bec="0" bev="0" fileid="1" />
              </SequencePoints>
              <BranchPoints />
            </Method>
            <Method visited="true" cyclomaticComplexity="0" nPathComplexity="0" sequenceCoverage="100.0" branchCoverage="0" crapScore="0" isConstructor="false" isStatic="false" isGetter="false" isSetter="false">
              <Summary numSequencePoints="7" visitedSequencePoints="7" numBranchPoints="0" visitedBranchPoints="0" sequenceCoverage="100.0" branchCoverage="0" maxCyclomaticComplexity="0" minCyclomaticComplexity="0" maxCrapScore="0" minCrapScore="0" visitedClasses="0" numClasses="0" visitedMethods="1" numMethods="1" />
              <MetadataToken>100663301</MetadataToken>
              <Name>System.Void PlayerTests::Damage_Player_By_50()</Name>
              <FileRef uid="1" />
              <SequencePoints>
                <SequencePoint vc="1" uspid="5068" ordinal="0" offset="0" sl="87" sc="5" el="87" ec="5" bec="0" bev="0" fileid="1" />
                <SequencePoint vc="1" uspid="5069" ordinal="0" offset="1" sl="88" sc="9" el="88" ec="9" bec="0" bev="0" fileid="1" />
                <SequencePoint vc="1" uspid="5070" ordinal="0" offset="17" sl="89" sc="9" el="89" ec="9" bec="0" bev="0" fileid="1" />
                <SequencePoint vc="1" uspid="5071" ordinal="0" offset="20" sl="90" sc="9" el="90" ec="9" bec="0" bev="0" fileid="1" />
                <SequencePoint vc="1" uspid="5072" ordinal="0" offset="35" sl="92" sc="9" el="92" ec="9" bec="0" bev="0" fileid="1" />
                <SequencePoint vc="1" uspid="5073" ordinal="0" offset="49" sl="94" sc="9" el="94" ec="9" bec="0" bev="0" fileid="1" />
                <SequencePoint vc="1" uspid="5074" ordinal="0" offset="77" sl="95" sc="5" el="95" ec="5" bec="0" bev="0" fileid="1" />
              </SequencePoints>
              <BranchPoints />
            </Method>
            <Method visited="true" cyclomaticComplexity="0" nPathComplexity="0" sequenceCoverage="100.0" branchCoverage="0" crapScore="0" isConstructor="false" isStatic="false" isGetter="false" isSetter="false">
              <Summary numSequencePoints="8" visitedSequencePoints="8" numBranchPoints="0" visitedBranchPoints="0" sequenceCoverage="100.0" branchCoverage="0" maxCyclomaticComplexity="0" minCyclomaticComplexity="0" maxCrapScore="0" minCrapScore="0" visitedClasses="0" numClasses="0" visitedMethods="1" numMethods="1" />
              <MetadataToken>100663302</MetadataToken>
              <Name>System.Void PlayerTests::Take_Leathal_Damage()</Name>
              <FileRef uid="1" />
              <SequencePoints>
                <SequencePoint vc="1" uspid="5075" ordinal="0" offset="0" sl="99" sc="5" el="99" ec="5" bec="0" bev="0" fileid="1" />
                <SequencePoint vc="1" uspid="5076" ordinal="0" offset="1" sl="100" sc="9" el="100" ec="9" bec="0" bev="0" fileid="1" />
                <SequencePoint vc="1" uspid="5077" ordinal="0" offset="17" sl="101" sc="9" el="101" ec="9" bec="0" bev="0" fileid="1" />
                <SequencePoint vc="1" uspid="5078" ordinal="0" offset="23" sl="102" sc="9" el="102" ec="9" bec="0" bev="0" fileid="1" />
                <SequencePoint vc="1" uspid="5079" ordinal="0" offset="25" sl="104" sc="9" el="104" ec="9" bec="0" bev="0" fileid="1" />
                <SequencePoint vc="1" uspid="5080" ordinal="0" offset="56" sl="106" sc="9" el="106" ec="9" bec="0" bev="0" fileid="1" />
                <SequencePoint vc="1" uspid="5081" ordinal="0" offset="70" sl="108" sc="9" el="108" ec="9" bec="0" bev="0" fileid="1" />
                <SequencePoint vc="1" uspid="5082" ordinal="0" offset="98" sl="109" sc="5" el="109" ec="5" bec="0" bev="0" fileid="1" />
              </SequencePoints>
              <BranchPoints />
            </Method>
            <Method visited="true" cyclomaticComplexity="0" nPathComplexity="0" sequenceCoverage="100.0" branchCoverage="0" crapScore="0" isConstructor="false" isStatic="false" isGetter="false" isSetter="false">
              <Summary numSequencePoints="10" visitedSequencePoints="10" numBranchPoints="0" visitedBranchPoints="0" sequenceCoverage="100.0" branchCoverage="0" maxCyclomaticComplexity="0" minCyclomaticComplexity="0" maxCrapScore="0" minCrapScore="0" visitedClasses="0" numClasses="0" visitedMethods="1" numMethods="1" />
              <MetadataToken>100663303</MetadataToken>
              <Name>System.Void PlayerTests::Drop_Item_When_Slot_Is_Full()</Name>
              <FileRef uid="1" />
              <SequencePoints>
                <SequencePoint vc="1" uspid="5083" ordinal="0" offset="0" sl="113" sc="5" el="113" ec="5" bec="0" bev="0" fileid="1" />
                <SequencePoint vc="1" uspid="5084" ordinal="0" offset="1" sl="115" sc="9" el="115" ec="9" bec="0" bev="0" fileid="1" />
                <SequencePoint vc="1" uspid="5085" ordinal="0" offset="18" sl="116" sc="9" el="116" ec="9" bec="0" bev="0" fileid="1" />
                <SequencePoint vc="1" uspid="5086" ordinal="0" offset="35" sl="117" sc="9" el="117" ec="9" bec="0" bev="0" fileid="1" />
                <SequencePoint vc="1" uspid="5087" ordinal="0" offset="47" sl="118" sc="9" el="118" ec="9" bec="0" bev="0" fileid="1" />
                <SequencePoint vc="1" uspid="5088" ordinal="0" offset="69" sl="120" sc="9" el="120" ec="9" bec="0" bev="0" fileid="1" />
                <SequencePoint vc="1" uspid="5089" ordinal="0" offset="81" sl="121" sc="9" el="121" ec="9" bec="0" bev="0" fileid="1" />
                <SequencePoint vc="1" uspid="5090" ordinal="0" offset="83" sl="123" sc="9" el="123" ec="9" bec="0" bev="0" fileid="1" />
                <SequencePoint vc="1" uspid="5091" ordinal="0" offset="95" sl="124" sc="9" el="124" ec="9" bec="0" bev="0" fileid="1" />
                <SequencePoint vc="1" uspid="5092" ordinal="0" offset="123" sl="125" sc="5" el="125" ec="5" bec="0" bev="0" fileid="1" />
              </SequencePoints>
              <BranchPoints />
            </Method>
            <Method visited="true" cyclomaticComplexity="0" nPathComplexity="0" sequenceCoverage="100.0" branchCoverage="0" crapScore="0" isConstructor="false" isStatic="false" isGetter="false" isSetter="false">
              <Summary numSequencePoints="9" visitedSequencePoints="9" numBranchPoints="0" visitedBranchPoints="0" sequenceCoverage="100.0" branchCoverage="0" maxCyclomaticComplexity="0" minCyclomaticComplexity="0" maxCrapScore="0" minCrapScore="0" visitedClasses="0" numClasses="0" visitedMethods="1" numMethods="1" />
              <MetadataToken>100663304</MetadataToken>
              <Name>System.Void PlayerTests::Drop_Item_When_Slot_Is_Empty()</Name>
              <FileRef uid="1" />
              <SequencePoints>
                <SequencePoint vc="1" uspid="5093" ordinal="0" offset="0" sl="129" sc="5" el="129" ec="5" bec="0" bev="0" fileid="1" />
                <SequencePoint vc="1" uspid="5094" ordinal="0" offset="1" sl="130" sc="9" el="130" ec="9" bec="0" bev="0" fileid="1" />
                <SequencePoint vc="1" uspid="5095" ordinal="0" offset="18" sl="131" sc="9" el="131" ec="9" bec="0" bev="0" fileid="1" />
                <SequencePoint vc="1" uspid="5096" ordinal="0" offset="30" sl="132" sc="9" el="132" ec="9" bec="0" bev="0" fileid="1" />
                <SequencePoint vc="1" uspid="5097" ordinal="0" offset="52" sl="134" sc="9" el="134" ec="9" bec="0" bev="0" fileid="1" />
                <SequencePoint vc="1" uspid="5098" ordinal="0" offset="64" sl="135" sc="9" el="135" ec="9" bec="0" bev="0" fileid="1" />
                <SequencePoint vc="1" uspid="5099" ordinal="0" offset="66" sl="137" sc="9" el="137" ec="9" bec="0" bev="0" fileid="1" />
                <SequencePoint vc="1" uspid="5100" ordinal="0" offset="78" sl="138" sc="9" el="138" ec="9" bec="0" bev="0" fileid="1" />
                <SequencePoint vc="1" uspid="5101" ordinal="0" offset="106" sl="139" sc="5" el="139" ec="5" bec="0" bev="0" fileid="1" />
              </SequencePoints>
              <BranchPoints />
            </Method>
            <Method visited="true" cyclomaticComplexity="0" nPathComplexity="0" sequenceCoverage="100.0" branchCoverage="0" crapScore="0" isConstructor="false" isStatic="false" isGetter="false" isSetter="false">
              <Summary numSequencePoints="6" visitedSequencePoints="6" numBranchPoints="0" visitedBranchPoints="0" sequenceCoverage="100.0" branchCoverage="0" maxCyclomaticComplexity="0" minCyclomaticComplexity="0" maxCrapScore="0" minCrapScore="0" visitedClasses="0" numClasses="0" visitedMethods="1" numMethods="1" />
              <MetadataToken>100663305</MetadataToken>
              <Name>System.Void PlayerTests::Increase_Score_By_Value(System.Int32)</Name>
              <FileRef uid="1" />
              <SequencePoints>
                <SequencePoint vc="3" uspid="5102" ordinal="0" offset="0" sl="143" sc="5" el="143" ec="5" bec="0" bev="0" fileid="1" />
                <SequencePoint vc="3" uspid="5103" ordinal="0" offset="1" sl="144" sc="9" el="144" ec="9" bec="0" bev="0" fileid="1" />
                <SequencePoint vc="3" uspid="5104" ordinal="0" offset="13" sl="145" sc="9" el="145" ec="9" bec="0" bev="0" fileid="1" />
                <SequencePoint vc="3" uspid="5105" ordinal="0" offset="17" sl="147" sc="9" el="147" ec="9" bec="0" bev="0" fileid="1" />
                <SequencePoint vc="3" uspid="5106" ordinal="0" offset="30" sl="149" sc="9" el="149" ec="9" bec="0" bev="0" fileid="1" />
                <SequencePoint vc="3" uspid="5107" ordinal="0" offset="58" sl="150" sc="5" el="150" ec="5" bec="0" bev="0" fileid="1" />
              </SequencePoints>
              <BranchPoints />
            </Method>
            <Method visited="true" cyclomaticComplexity="0" nPathComplexity="0" sequenceCoverage="100.0" branchCoverage="0" crapScore="0" isConstructor="false" isStatic="false" isGetter="false" isSetter="false">
              <Summary numSequencePoints="2" visitedSequencePoints="2" numBranchPoints="0" visitedBranchPoints="0" sequenceCoverage="100.0" branchCoverage="0" maxCyclomaticComplexity="0" minCyclomaticComplexity="0" maxCrapScore="0" minCrapScore="0" visitedClasses="0" numClasses="0" visitedMethods="1" numMethods="1" />
              <MetadataToken>100663306</MetadataToken>
              <Name>System.Void PlayerTests::Enemy_Damages_Player()</Name>
              <FileRef uid="1" />
              <SequencePoints>
                <SequencePoint vc="1" uspid="5108" ordinal="0" offset="0" sl="154" sc="5" el="154" ec="5" bec="0" bev="0" fileid="1" />
                <SequencePoint vc="1" uspid="5109" ordinal="0" offset="1" sl="156" sc="5" el="156" ec="5" bec="0" bev="0" fileid="1" />
              </SequencePoints>
              <BranchPoints />
            </Method>
            <Method visited="true" cyclomaticComplexity="0" nPathComplexity="0" sequenceCoverage="100.0" branchCoverage="0" crapScore="0" isConstructor="false" isStatic="false" isGetter="false" isSetter="false">
              <Summary numSequencePoints="2" visitedSequencePoints="2" numBranchPoints="0" visitedBranchPoints="0" sequenceCoverage="100.0" branchCoverage="0" maxCyclomaticComplexity="0" minCyclomaticComplexity="0" maxCrapScore="0" minCrapScore="0" visitedClasses="0" numClasses="0" visitedMethods="1" numMethods="1" />
              <MetadataToken>100663307</MetadataToken>
              <Name>System.Void PlayerTests::Player_Damages_Enemy()</Name>
              <FileRef uid="1" />
              <SequencePoints>
                <SequencePoint vc="1" uspid="5110" ordinal="0" offset="0" sl="160" sc="5" el="160" ec="5" bec="0" bev="0" fileid="1" />
                <SequencePoint vc="1" uspid="5111" ordinal="0" offset="1" sl="162" sc="5" el="162" ec="5" bec="0" bev="0" fileid="1" />
              </SequencePoints>
              <BranchPoints />
            </Method>
          </Methods>
        </Class>
      </Classes>
    </Module>
    <Module>
      <Summary numSequencePoints="147" visitedSequencePoints="111" numBranchPoints="0" visitedBranchPoints="0" sequenceCoverage="75.51" branchCoverage="0.0" maxCyclomaticComplexity="0" minCyclomaticComplexity="0" maxCrapScore="0" minCrapScore="0" visitedClasses="7" numClasses="7" visitedMethods="17" numMethods="17" />
      <ModuleTime>0001-01-01T00:00:00</ModuleTime>
      <ModuleName>ScriptDefinition</ModuleName>
      <Files>
        <File uid="2" fullPath="D:/Unity Projects/Github/TestGame/Assets/Scripts/Character/scr_CharacterController.cs" />
        <File uid="3" fullPath="D:/Unity Projects/Github/TestGame/Assets/Scripts/Enemy/scr_EnemyAi.cs" />
        <File uid="4" fullPath="D:/Unity Projects/Github/TestGame/Assets/Scripts/Enemy/scr_EnemyBase.cs" />
        <File uid="5" fullPath="D:/Unity Projects/Github/TestGame/Assets/Scripts/Enemy/scr_EnemyTargetController.cs" />
        <File uid="6" fullPath="D:/Unity Projects/Github/TestGame/Assets/Scripts/Inputs/DefaultInput.cs" />
        <File uid="7" fullPath="D:/Unity Projects/Github/TestGame/Assets/Scripts/Objects/scr_ButtonController.cs" />
        <File uid="8" fullPath="D:/Unity Projects/Github/TestGame/Assets/Scripts/Objects/scr_ElectricCrystal.cs" />
        <File uid="9" fullPath="D:/Unity Projects/Github/TestGame/Assets/Scripts/Objects/scr_HealthCrystal.cs" />
        <File uid="10" fullPath="D:/Unity Projects/Github/TestGame/Assets/Scripts/Objects/scr_HordeController.cs" />
        <File uid="11" fullPath="D:/Unity Projects/Github/TestGame/Assets/Scripts/Objects/scr_ShotEffect.cs" />
        <File uid="12" fullPath="D:/Unity Projects/Github/TestGame/Assets/Scripts/Objects/scr_vfxDestroy.cs" />
        <File uid="13" fullPath="D:/Unity Projects/Github/TestGame/Assets/Scripts/Sound/SoundManagerScript.cs" />
        <File uid="14" fullPath="D:/Unity Projects/Github/TestGame/Assets/Scripts/UI/scr_GameOver.cs" />
        <File uid="15" fullPath="D:/Unity Projects/Github/TestGame/Assets/Scripts/UI/scr_HealthBarFade.cs" />
        <File uid="16" fullPath="D:/Unity Projects/Github/TestGame/Assets/Scripts/UI/scr_MainMenuController.cs" />
        <File uid="17" fullPath="D:/Unity Projects/Github/TestGame/Assets/Scripts/UI/scr_Scenes.cs" />
        <File uid="18" fullPath="D:/Unity Projects/Github/TestGame/Assets/Scripts/UI/src_ScoreScript.cs" />
        <File uid="19" fullPath="D:/Unity Projects/Github/TestGame/Assets/Scripts/Weapons/scr_CustomBullet.cs" />
        <File uid="20" fullPath="D:/Unity Projects/Github/TestGame/Assets/Scripts/Weapons/scr_PickupController.cs" />
        <File uid="21" fullPath="D:/Unity Projects/Github/TestGame/Assets/Scripts/Weapons/scr_RaycastWeapon.cs" />
        <File uid="22" fullPath="D:/Unity Projects/Github/TestGame/Assets/Scripts/Weapons/scr_WeaponController.cs" />
        <File uid="23" fullPath="D:/Unity Projects/Github/TestGame/Assets/Scripts/scr_Models.cs" />
      </Files>
      <Classes>
        <Class>
          <Summary numSequencePoints="96" visitedSequencePoints="64" numBranchPoints="0" visitedBranchPoints="0" sequenceCoverage="66.67" branchCoverage="0.0" maxCyclomaticComplexity="0" minCyclomaticComplexity="0" maxCrapScore="0" minCrapScore="0" visitedClasses="1" numClasses="1" visitedMethods="7" numMethods="7" />
          <FullName>scr_CharacterController</FullName>
          <Methods>
            <Method visited="true" cyclomaticComplexity="0" nPathComplexity="0" sequenceCoverage="100.0" branchCoverage="0" crapScore="0" isConstructor="false" isStatic="false" isGetter="false" isSetter="false">
              <Summary numSequencePoints="7" visitedSequencePoints="7" numBranchPoints="0" visitedBranchPoints="0" sequenceCoverage="100.0" branchCoverage="0" maxCyclomaticComplexity="0" minCyclomaticComplexity="0" maxCrapScore="0" minCrapScore="0" visitedClasses="0" numClasses="0" visitedMethods="1" numMethods="1" />
              <MetadataToken>100663317</MetadataToken>
              <Name>System.Void scr_CharacterController::DropPressed()</Name>
              <FileRef uid="2" />
              <SequencePoints>
                <SequencePoint vc="2" uspid="5349" ordinal="0" offset="0" sl="442" sc="5" el="442" ec="5" bec="0" bev="0" fileid="2" />
                <SequencePoint vc="2" uspid="5350" ordinal="0" offset="1" sl="443" sc="9" el="443" ec="9" bec="0" bev="0" fileid="2" />
                <SequencePoint vc="1" uspid="5351" ordinal="0" offset="11" sl="444" sc="9" el="444" ec="9" bec="0" bev="0" fileid="2" />
                <SequencePoint vc="1" uspid="5352" ordinal="0" offset="12" sl="445" sc="13" el="445" ec="13" bec="0" bev="0" fileid="2" />
                <SequencePoint vc="1" uspid="5353" ordinal="0" offset="30" sl="446" sc="13" el="446" ec="13" bec="0" bev="0" fileid="2" />
                <SequencePoint vc="1" uspid="5354" ordinal="0" offset="37" sl="447" sc="9" el="447" ec="9" bec="0" bev="0" fileid="2" />
                <SequencePoint vc="2" uspid="5355" ordinal="0" offset="38" sl="448" sc="5" el="448" ec="5" bec="0" bev="0" fileid="2" />
              </SequencePoints>
              <BranchPoints />
            </Method>
            <Method visited="true" cyclomaticComplexity="0" nPathComplexity="0" sequenceCoverage="68.00" branchCoverage="0" crapScore="0" isConstructor="false" isStatic="false" isGetter="false" isSetter="false">
              <Summary numSequencePoints="25" visitedSequencePoints="17" numBranchPoints="0" visitedBranchPoints="0" sequenceCoverage="68.00" branchCoverage="0" maxCyclomaticComplexity="0" minCyclomaticComplexity="0" maxCrapScore="0" minCrapScore="0" visitedClasses="0" numClasses="0" visitedMethods="1" numMethods="1" />
              <MetadataToken>100663320</MetadataToken>
              <Name>System.Void scr_CharacterController::TakeDamage(System.Int32, scr_Models/DamageType)</Name>
              <FileRef uid="2" />
              <SequencePoints>
                <SequencePoint vc="3" uspid="5365" ordinal="0" offset="0" sl="473" sc="5" el="473" ec="5" bec="0" bev="0" fileid="2" />
                <SequencePoint vc="3" uspid="5366" ordinal="0" offset="1" sl="474" sc="9" el="474" ec="9" bec="0" bev="0" fileid="2" />
                <SequencePoint vc="3" uspid="5367" ordinal="0" offset="16" sl="475" sc="9" el="475" ec="9" bec="0" bev="0" fileid="2" />
                <SequencePoint vc="1" uspid="5368" ordinal="0" offset="33" sl="475" sc="28" el="475" ec="28" bec="0" bev="0" fileid="2" />
                <SequencePoint vc="3" uspid="5369" ordinal="0" offset="44" sl="477" sc="9" el="477" ec="9" bec="0" bev="0" fileid="2" />
                <SequencePoint vc="0" uspid="5370" ordinal="0" offset="62" sl="478" sc="9" el="478" ec="9" bec="0" bev="0" fileid="2" />
                <SequencePoint vc="0" uspid="5371" ordinal="0" offset="63" sl="479" sc="13" el="479" ec="13" bec="0" bev="0" fileid="2" />
                <SequencePoint vc="0" uspid="5372" ordinal="0" offset="76" sl="480" sc="13" el="480" ec="13" bec="0" bev="0" fileid="2" />
                <SequencePoint vc="0" uspid="5373" ordinal="0" offset="93" sl="481" sc="13" el="481" ec="13" bec="0" bev="0" fileid="2" />
                <SequencePoint vc="0" uspid="5374" ordinal="0" offset="111" sl="483" sc="9" el="483" ec="9" bec="0" bev="0" fileid="2" />
                <SequencePoint vc="3" uspid="5375" ordinal="0" offset="112" sl="484" sc="9" el="484" ec="9" bec="0" bev="0" fileid="2" />
                <SequencePoint vc="3" uspid="5376" ordinal="0" offset="119" sl="485" sc="9" el="485" ec="9" bec="0" bev="0" fileid="2" />
                <SequencePoint vc="2" uspid="5377" ordinal="0" offset="136" sl="486" sc="9" el="486" ec="9" bec="0" bev="0" fileid="2" />
                <SequencePoint vc="2" uspid="5378" ordinal="0" offset="137" sl="487" sc="13" el="487" ec="13" bec="0" bev="0" fileid="2" />
                <SequencePoint vc="0" uspid="5379" ordinal="0" offset="155" sl="488" sc="13" el="488" ec="13" bec="0" bev="0" fileid="2" />
                <SequencePoint vc="0" uspid="5380" ordinal="0" offset="156" sl="489" sc="17" el="489" ec="17" bec="0" bev="0" fileid="2" />
                <SequencePoint vc="0" uspid="5381" ordinal="0" offset="167" sl="490" sc="17" el="490" ec="17" bec="0" bev="0" fileid="2" />
                <SequencePoint vc="2" uspid="5382" ordinal="0" offset="169" sl="492" sc="13" el="492" ec="13" bec="0" bev="0" fileid="2" />
                <SequencePoint vc="2" uspid="5383" ordinal="0" offset="187" sl="493" sc="13" el="493" ec="13" bec="0" bev="0" fileid="2" />
                <SequencePoint vc="2" uspid="5384" ordinal="0" offset="199" sl="494" sc="9" el="494" ec="9" bec="0" bev="0" fileid="2" />
                <SequencePoint vc="3" uspid="5385" ordinal="0" offset="200" sl="496" sc="9" el="496" ec="9" bec="0" bev="0" fileid="2" />
                <SequencePoint vc="1" uspid="5386" ordinal="0" offset="231" sl="497" sc="9" el="497" ec="9" bec="0" bev="0" fileid="2" />
                <SequencePoint vc="1" uspid="5387" ordinal="0" offset="232" sl="498" sc="13" el="498" ec="13" bec="0" bev="0" fileid="2" />
                <SequencePoint vc="1" uspid="5388" ordinal="0" offset="239" sl="499" sc="9" el="499" ec="9" bec="0" bev="0" fileid="2" />
                <SequencePoint vc="3" uspid="5389" ordinal="0" offset="240" sl="500" sc="5" el="500" ec="5" bec="0" bev="0" fileid="2" />
              </SequencePoints>
              <BranchPoints />
            </Method>
            <Method visited="true" cyclomaticComplexity="0" nPathComplexity="0" sequenceCoverage="43.90" branchCoverage="0" crapScore="0" isConstructor="false" isStatic="false" isGetter="false" isSetter="false">
              <Summary numSequencePoints="41" visitedSequencePoints="18" numBranchPoints="0" visitedBranchPoints="0" sequenceCoverage="43.90" branchCoverage="0" maxCyclomaticComplexity="0" minCyclomaticComplexity="0" maxCrapScore="0" minCrapScore="0" visitedClasses="0" numClasses="0" visitedMethods="1" numMethods="1" />
              <MetadataToken>100663321</MetadataToken>
              <Name>System.Void scr_CharacterController::StopGame()</Name>
              <FileRef uid="2" />
              <SequencePoints>
                <SequencePoint vc="1" uspid="5390" ordinal="0" offset="0" sl="503" sc="5" el="503" ec="5" bec="0" bev="0" fileid="2" />
                <SequencePoint vc="1" uspid="5391" ordinal="0" offset="1" sl="504" sc="9" el="504" ec="9" bec="0" bev="0" fileid="2" />
                <SequencePoint vc="0" uspid="5392" ordinal="0" offset="16" sl="504" sc="28" el="504" ec="28" bec="0" bev="0" fileid="2" />
                <SequencePoint vc="1" uspid="5393" ordinal="0" offset="29" sl="506" sc="9" el="506" ec="9" bec="0" bev="0" fileid="2" />
                <SequencePoint vc="1" uspid="5394" ordinal="0" offset="45" sl="507" sc="9" el="507" ec="9" bec="0" bev="0" fileid="2" />
                <SequencePoint vc="1" uspid="5395" ordinal="0" offset="46" sl="508" sc="13" el="508" ec="13" bec="0" bev="0" fileid="2" />
                <SequencePoint vc="1" uspid="5396" ordinal="0" offset="64" sl="509" sc="13" el="509" ec="13" bec="0" bev="0" fileid="2" />
                <SequencePoint vc="1" uspid="5397" ordinal="0" offset="76" sl="510" sc="9" el="510" ec="9" bec="0" bev="0" fileid="2" />
                <SequencePoint vc="1" uspid="5398" ordinal="0" offset="77" sl="512" sc="9" el="512" ec="9" bec="0" bev="0" fileid="2" />
                <SequencePoint vc="0" uspid="5399" ordinal="0" offset="93" sl="513" sc="9" el="513" ec="9" bec="0" bev="0" fileid="2" />
                <SequencePoint vc="0" uspid="5400" ordinal="0" offset="94" sl="514" sc="13" el="514" ec="13" bec="0" bev="0" fileid="2" />
                <SequencePoint vc="0" uspid="5401" ordinal="0" offset="112" sl="515" sc="13" el="515" ec="13" bec="0" bev="0" fileid="2" />
                <SequencePoint vc="0" uspid="5402" ordinal="0" offset="135" sl="516" sc="13" el="516" ec="13" bec="0" bev="0" fileid="2" />
                <SequencePoint vc="0" uspid="5403" ordinal="0" offset="158" sl="517" sc="9" el="517" ec="9" bec="0" bev="0" fileid="2" />
                <SequencePoint vc="1" uspid="5404" ordinal="0" offset="159" sl="519" sc="9" el="519" ec="9" bec="0" bev="0" fileid="2" />
                <SequencePoint vc="0" uspid="5405" ordinal="0" offset="177" sl="520" sc="9" el="520" ec="9" bec="0" bev="0" fileid="2" />
                <SequencePoint vc="0" uspid="5406" ordinal="0" offset="178" sl="521" sc="13" el="521" ec="13" bec="0" bev="0" fileid="2" />
                <SequencePoint vc="0" uspid="5407" ordinal="0" offset="196" sl="522" sc="9" el="522" ec="9" bec="0" bev="0" fileid="2" />
                <SequencePoint vc="1" uspid="5408" ordinal="0" offset="197" sl="524" sc="9" el="524" ec="9" bec="0" bev="0" fileid="2" />
                <SequencePoint vc="1" uspid="5409" ordinal="0" offset="203" sl="526" sc="9" el="526" ec="9" bec="0" bev="0" fileid="2" />
                <SequencePoint vc="0" uspid="5410" ordinal="0" offset="221" sl="527" sc="9" el="527" ec="9" bec="0" bev="0" fileid="2" />
                <SequencePoint vc="0" uspid="5411" ordinal="0" offset="222" sl="528" sc="13" el="528" ec="13" bec="0" bev="0" fileid="2" />
                <SequencePoint vc="0" uspid="5412" ordinal="0" offset="250" sl="529" sc="13" el="529" ec="13" bec="0" bev="0" fileid="2" />
                <SequencePoint vc="0" uspid="5413" ordinal="0" offset="268" sl="530" sc="13" el="530" ec="13" bec="0" bev="0" fileid="2" />
                <SequencePoint vc="0" uspid="5414" ordinal="0" offset="291" sl="531" sc="13" el="531" ec="13" bec="0" bev="0" fileid="2" />
                <SequencePoint vc="0" uspid="5415" ordinal="0" offset="314" sl="532" sc="9" el="532" ec="9" bec="0" bev="0" fileid="2" />
                <SequencePoint vc="1" uspid="5416" ordinal="0" offset="315" sl="534" sc="9" el="534" ec="9" bec="0" bev="0" fileid="2" />
                <SequencePoint vc="0" uspid="5417" ordinal="0" offset="333" sl="535" sc="9" el="535" ec="9" bec="0" bev="0" fileid="2" />
                <SequencePoint vc="0" uspid="5418" ordinal="0" offset="334" sl="536" sc="13" el="536" ec="13" bec="0" bev="0" fileid="2" />
                <SequencePoint vc="0" uspid="5419" ordinal="0" offset="352" sl="537" sc="9" el="537" ec="9" bec="0" bev="0" fileid="2" />
                <SequencePoint vc="1" uspid="5420" ordinal="0" offset="353" sl="540" sc="9" el="540" ec="9" bec="0" bev="0" fileid="2" />
                <SequencePoint vc="1" uspid="5421" ordinal="0" offset="360" sl="541" sc="9" el="541" ec="9" bec="0" bev="0" fileid="2" />
                <SequencePoint vc="1" uspid="5422" ordinal="0" offset="367" sl="542" sc="9" el="542" ec="9" bec="0" bev="0" fileid="2" />
                <SequencePoint vc="1" uspid="5423" ordinal="0" offset="374" sl="544" sc="9" el="544" ec="9" bec="0" bev="0" fileid="2" />
                <SequencePoint vc="0" uspid="5424" ordinal="0" offset="392" sl="545" sc="9" el="545" ec="9" bec="0" bev="0" fileid="2" />
                <SequencePoint vc="0" uspid="5425" ordinal="0" offset="393" sl="546" sc="13" el="546" ec="13" bec="0" bev="0" fileid="2" />
                <SequencePoint vc="0" uspid="5426" ordinal="0" offset="411" sl="547" sc="13" el="547" ec="13" bec="0" bev="0" fileid="2" />
                <SequencePoint vc="0" uspid="5427" ordinal="0" offset="434" sl="548" sc="13" el="548" ec="13" bec="0" bev="0" fileid="2" />
                <SequencePoint vc="0" uspid="5428" ordinal="0" offset="457" sl="549" sc="9" el="549" ec="9" bec="0" bev="0" fileid="2" />
                <SequencePoint vc="1" uspid="5429" ordinal="0" offset="458" sl="551" sc="9" el="551" ec="9" bec="0" bev="0" fileid="2" />
                <SequencePoint vc="1" uspid="5430" ordinal="0" offset="465" sl="552" sc="5" el="552" ec="5" bec="0" bev="0" fileid="2" />
              </SequencePoints>
              <BranchPoints />
            </Method>
            <Method visited="true" cyclomaticComplexity="0" nPathComplexity="0" sequenceCoverage="100.0" branchCoverage="0" crapScore="0" isConstructor="false" isStatic="false" isGetter="false" isSetter="false">
              <Summary numSequencePoints="4" visitedSequencePoints="4" numBranchPoints="0" visitedBranchPoints="0" sequenceCoverage="100.0" branchCoverage="0" maxCyclomaticComplexity="0" minCyclomaticComplexity="0" maxCrapScore="0" minCrapScore="0" visitedClasses="0" numClasses="0" visitedMethods="1" numMethods="1" />
              <MetadataToken>100663323</MetadataToken>
              <Name>System.Void scr_CharacterController::Heal(System.Single)</Name>
              <FileRef uid="2" />
              <SequencePoints>
                <SequencePoint vc="2" uspid="5443" ordinal="0" offset="0" sl="570" sc="5" el="570" ec="5" bec="0" bev="0" fileid="2" />
                <SequencePoint vc="2" uspid="5444" ordinal="0" offset="1" sl="571" sc="9" el="571" ec="9" bec="0" bev="0" fileid="2" />
                <SequencePoint vc="2" uspid="5445" ordinal="0" offset="15" sl="572" sc="9" el="572" ec="9" bec="0" bev="0" fileid="2" />
                <SequencePoint vc="2" uspid="5446" ordinal="0" offset="22" sl="573" sc="5" el="573" ec="5" bec="0" bev="0" fileid="2" />
              </SequencePoints>
              <BranchPoints />
            </Method>
            <Method visited="true" cyclomaticComplexity="0" nPathComplexity="0" sequenceCoverage="85.71" branchCoverage="0" crapScore="0" isConstructor="false" isStatic="false" isGetter="false" isSetter="false">
              <Summary numSequencePoints="7" visitedSequencePoints="6" numBranchPoints="0" visitedBranchPoints="0" sequenceCoverage="85.71" branchCoverage="0" maxCyclomaticComplexity="0" minCyclomaticComplexity="0" maxCrapScore="0" minCrapScore="0" visitedClasses="0" numClasses="0" visitedMethods="1" numMethods="1" />
              <MetadataToken>100663326</MetadataToken>
              <Name>System.Void scr_CharacterController::UpdateHealth()</Name>
              <FileRef uid="2" />
              <SequencePoints>
                <SequencePoint vc="5" uspid="5457" ordinal="0" offset="0" sl="591" sc="5" el="591" ec="5" bec="0" bev="0" fileid="2" />
                <SequencePoint vc="5" uspid="5458" ordinal="0" offset="1" sl="592" sc="9" el="592" ec="9" bec="0" bev="0" fileid="2" />
                <SequencePoint vc="5" uspid="5459" ordinal="0" offset="17" sl="593" sc="9" el="593" ec="9" bec="0" bev="0" fileid="2" />
                <SequencePoint vc="5" uspid="5460" ordinal="0" offset="18" sl="594" sc="13" el="594" ec="13" bec="0" bev="0" fileid="2" />
                <SequencePoint vc="5" uspid="5461" ordinal="0" offset="29" sl="595" sc="13" el="595" ec="13" bec="0" bev="0" fileid="2" />
                <SequencePoint vc="0" uspid="5462" ordinal="0" offset="31" sl="597" sc="9" el="597" ec="9" bec="0" bev="0" fileid="2" />
                <SequencePoint vc="5" uspid="5463" ordinal="0" offset="49" sl="598" sc="5" el="598" ec="5" bec="0" bev="0" fileid="2" />
              </SequencePoints>
              <BranchPoints />
            </Method>
            <Method visited="true" cyclomaticComplexity="0" nPathComplexity="0" sequenceCoverage="100.0" branchCoverage="0" crapScore="0" isConstructor="false" isStatic="false" isGetter="false" isSetter="false">
              <Summary numSequencePoints="4" visitedSequencePoints="4" numBranchPoints="0" visitedBranchPoints="0" sequenceCoverage="100.0" branchCoverage="0" maxCyclomaticComplexity="0" minCyclomaticComplexity="0" maxCrapScore="0" minCrapScore="0" visitedClasses="0" numClasses="0" visitedMethods="1" numMethods="1" />
              <MetadataToken>100663328</MetadataToken>
              <Name>System.Void scr_CharacterController::OnDrawGizmos()</Name>
              <FileRef uid="2" />
              <SequencePoints>
                <SequencePoint vc="7" uspid="5464" ordinal="0" offset="0" sl="609" sc="5" el="609" ec="5" bec="0" bev="0" fileid="2" />
                <SequencePoint vc="7" uspid="5465" ordinal="0" offset="1" sl="610" sc="9" el="610" ec="9" bec="0" bev="0" fileid="2" />
                <SequencePoint vc="7" uspid="5466" ordinal="0" offset="29" sl="611" sc="9" el="611" ec="9" bec="0" bev="0" fileid="2" />
                <SequencePoint vc="7" uspid="5467" ordinal="0" offset="78" sl="612" sc="5" el="612" ec="5" bec="0" bev="0" fileid="2" />
              </SequencePoints>
              <BranchPoints />
            </Method>
            <Method visited="true" cyclomaticComplexity="0" nPathComplexity="0" sequenceCoverage="100.0" branchCoverage="0" crapScore="0" isConstructor="true" isStatic="false" isGetter="false" isSetter="false">
              <Summary numSequencePoints="8" visitedSequencePoints="8" numBranchPoints="0" visitedBranchPoints="0" sequenceCoverage="100.0" branchCoverage="0" maxCyclomaticComplexity="0" minCyclomaticComplexity="0" maxCrapScore="0" minCrapScore="0" visitedClasses="0" numClasses="0" visitedMethods="1" numMethods="1" />
              <MetadataToken>100663329</MetadataToken>
              <Name>scr_CharacterController::scr_CharacterController()</Name>
              <FileRef uid="2" />
              <SequencePoints>
                <SequencePoint vc="12" uspid="5479" ordinal="0" offset="0" sl="45" sc="5" el="45" ec="5" bec="0" bev="0" fileid="2" />
                <SequencePoint vc="12" uspid="5480" ordinal="0" offset="11" sl="46" sc="5" el="46" ec="5" bec="0" bev="0" fileid="2" />
                <SequencePoint vc="12" uspid="5481" ordinal="0" offset="22" sl="50" sc="5" el="50" ec="5" bec="0" bev="0" fileid="2" />
                <SequencePoint vc="12" uspid="5482" ordinal="0" offset="33" sl="51" sc="5" el="51" ec="5" bec="0" bev="0" fileid="2" />
                <SequencePoint vc="12" uspid="5483" ordinal="0" offset="44" sl="52" sc="5" el="52" ec="5" bec="0" bev="0" fileid="2" />
                <SequencePoint vc="12" uspid="5484" ordinal="0" offset="55" sl="72" sc="5" el="72" ec="5" bec="0" bev="0" fileid="2" />
                <SequencePoint vc="12" uspid="5485" ordinal="0" offset="66" sl="105" sc="5" el="105" ec="5" bec="0" bev="0" fileid="2" />
                <SequencePoint vc="12" uspid="5486" ordinal="0" offset="77" sl="108" sc="5" el="108" ec="5" bec="0" bev="0" fileid="2" />
              </SequencePoints>
              <BranchPoints />
            </Method>
          </Methods>
        </Class>
        <Class>
          <Summary numSequencePoints="1" visitedSequencePoints="1" numBranchPoints="0" visitedBranchPoints="0" sequenceCoverage="100.0" branchCoverage="0.0" maxCyclomaticComplexity="0" minCyclomaticComplexity="0" maxCrapScore="0" minCrapScore="0" visitedClasses="1" numClasses="1" visitedMethods="1" numMethods="1" />
          <FullName>scr_GameOver</FullName>
          <Methods>
            <Method visited="true" cyclomaticComplexity="0" nPathComplexity="0" sequenceCoverage="100.0" branchCoverage="0" crapScore="0" isConstructor="true" isStatic="false" isGetter="false" isSetter="false">
              <Summary numSequencePoints="1" visitedSequencePoints="1" numBranchPoints="0" visitedBranchPoints="0" sequenceCoverage="100.0" branchCoverage="0" maxCyclomaticComplexity="0" minCyclomaticComplexity="0" maxCrapScore="0" minCrapScore="0" visitedClasses="0" numClasses="0" visitedMethods="1" numMethods="1" />
              <MetadataToken>100663413</MetadataToken>
              <Name>scr_GameOver::scr_GameOver()</Name>
              <FileRef uid="14" />
              <SequencePoints>
                <SequencePoint vc="13" uspid="5860" ordinal="0" offset="0" sl="26" sc="5" el="26" ec="5" bec="0" bev="0" fileid="14" />
              </SequencePoints>
              <BranchPoints />
            </Method>
          </Methods>
        </Class>
        <Class>
          <Summary numSequencePoints="13" visitedSequencePoints="13" numBranchPoints="0" visitedBranchPoints="0" sequenceCoverage="100.0" branchCoverage="0.0" maxCyclomaticComplexity="0" minCyclomaticComplexity="0" maxCrapScore="0" minCrapScore="0" visitedClasses="1" numClasses="1" visitedMethods="4" numMethods="4" />
          <FullName>src_ScoreScript</FullName>
          <Methods>
            <Method visited="true" cyclomaticComplexity="0" nPathComplexity="0" sequenceCoverage="100.0" branchCoverage="0" crapScore="0" isConstructor="false" isStatic="true" isGetter="false" isSetter="false">
              <Summary numSequencePoints="3" visitedSequencePoints="3" numBranchPoints="0" visitedBranchPoints="0" sequenceCoverage="100.0" branchCoverage="0" maxCyclomaticComplexity="0" minCyclomaticComplexity="0" maxCrapScore="0" minCrapScore="0" visitedClasses="0" numClasses="0" visitedMethods="1" numMethods="1" />
              <MetadataToken>100663435</MetadataToken>
              <Name>static System.Int32 src_ScoreScript::GetScore()</Name>
              <FileRef uid="18" />
              <SequencePoints>
                <SequencePoint vc="1" uspid="5954" ordinal="0" offset="0" sl="30" sc="5" el="30" ec="5" bec="0" bev="0" fileid="18" />
                <SequencePoint vc="1" uspid="5955" ordinal="0" offset="1" sl="31" sc="9" el="31" ec="9" bec="0" bev="0" fileid="18" />
                <SequencePoint vc="1" uspid="5956" ordinal="0" offset="9" sl="32" sc="5" el="32" ec="5" bec="0" bev="0" fileid="18" />
              </SequencePoints>
              <BranchPoints />
            </Method>
            <Method visited="true" cyclomaticComplexity="0" nPathComplexity="0" sequenceCoverage="100.0" branchCoverage="0" crapScore="0" isConstructor="false" isStatic="false" isGetter="false" isSetter="false">
              <Summary numSequencePoints="3" visitedSequencePoints="3" numBranchPoints="0" visitedBranchPoints="0" sequenceCoverage="100.0" branchCoverage="0" maxCyclomaticComplexity="0" minCyclomaticComplexity="0" maxCrapScore="0" minCrapScore="0" visitedClasses="0" numClasses="0" visitedMethods="1" numMethods="1" />
              <MetadataToken>100663436</MetadataToken>
              <Name>System.Int32 src_ScoreScript::GetScoreValue()</Name>
              <FileRef uid="18" />
              <SequencePoints>
                <SequencePoint vc="6" uspid="5957" ordinal="0" offset="0" sl="35" sc="5" el="35" ec="5" bec="0" bev="0" fileid="18" />
                <SequencePoint vc="6" uspid="5958" ordinal="0" offset="1" sl="36" sc="9" el="36" ec="9" bec="0" bev="0" fileid="18" />
                <SequencePoint vc="6" uspid="5959" ordinal="0" offset="9" sl="37" sc="5" el="37" ec="5" bec="0" bev="0" fileid="18" />
              </SequencePoints>
              <BranchPoints />
            </Method>
            <Method visited="true" cyclomaticComplexity="0" nPathComplexity="0" sequenceCoverage="100.0" branchCoverage="0" crapScore="0" isConstructor="false" isStatic="true" isGetter="false" isSetter="false">
              <Summary numSequencePoints="3" visitedSequencePoints="3" numBranchPoints="0" visitedBranchPoints="0" sequenceCoverage="100.0" branchCoverage="0" maxCyclomaticComplexity="0" minCyclomaticComplexity="0" maxCrapScore="0" minCrapScore="0" visitedClasses="0" numClasses="0" visitedMethods="1" numMethods="1" />
              <MetadataToken>100663437</MetadataToken>
              <Name>static System.Void src_ScoreScript::SetScore(System.Int32)</Name>
              <FileRef uid="18" />
              <SequencePoints>
                <SequencePoint vc="1" uspid="5960" ordinal="0" offset="0" sl="40" sc="5" el="40" ec="5" bec="0" bev="0" fileid="18" />
                <SequencePoint vc="1" uspid="5961" ordinal="0" offset="1" sl="41" sc="9" el="41" ec="9" bec="0" bev="0" fileid="18" />
                <SequencePoint vc="1" uspid="5962" ordinal="0" offset="7" sl="42" sc="5" el="42" ec="5" bec="0" bev="0" fileid="18" />
              </SequencePoints>
              <BranchPoints />
            </Method>
            <Method visited="true" cyclomaticComplexity="0" nPathComplexity="0" sequenceCoverage="100.0" branchCoverage="0" crapScore="0" isConstructor="false" isStatic="false" isGetter="false" isSetter="false">
              <Summary numSequencePoints="4" visitedSequencePoints="4" numBranchPoints="0" visitedBranchPoints="0" sequenceCoverage="100.0" branchCoverage="0" maxCyclomaticComplexity="0" minCyclomaticComplexity="0" maxCrapScore="0" minCrapScore="0" visitedClasses="0" numClasses="0" visitedMethods="1" numMethods="1" />
              <MetadataToken>100663440</MetadataToken>
              <Name>System.Void src_ScoreScript::IncreaseScoreValue(System.Int32)</Name>
              <FileRef uid="18" />
              <SequencePoints>
                <SequencePoint vc="3" uspid="5970" ordinal="0" offset="0" sl="56" sc="5" el="56" ec="5" bec="0" bev="0" fileid="18" />
                <SequencePoint vc="3" uspid="5971" ordinal="0" offset="1" sl="57" sc="9" el="57" ec="9" bec="0" bev="0" fileid="18" />
                <SequencePoint vc="3" uspid="5972" ordinal="0" offset="12" sl="58" sc="9" el="58" ec="9" bec="0" bev="0" fileid="18" />
                <SequencePoint vc="3" uspid="5973" ordinal="0" offset="24" sl="59" sc="5" el="59" ec="5" bec="0" bev="0" fileid="18" />
              </SequencePoints>
              <BranchPoints />
            </Method>
          </Methods>
        </Class>
        <Class>
          <Summary numSequencePoints="2" visitedSequencePoints="2" numBranchPoints="0" visitedBranchPoints="0" sequenceCoverage="100.0" branchCoverage="0.0" maxCyclomaticComplexity="0" minCyclomaticComplexity="0" maxCrapScore="0" minCrapScore="0" visitedClasses="1" numClasses="1" visitedMethods="1" numMethods="1" />
          <FullName>scr_CustomBullet</FullName>
          <Methods>
            <Method visited="true" cyclomaticComplexity="0" nPathComplexity="0" sequenceCoverage="100.0" branchCoverage="0" crapScore="0" isConstructor="true" isStatic="false" isGetter="false" isSetter="false">
              <Summary numSequencePoints="2" visitedSequencePoints="2" numBranchPoints="0" visitedBranchPoints="0" sequenceCoverage="100.0" branchCoverage="0" maxCyclomaticComplexity="0" minCyclomaticComplexity="0" maxCrapScore="0" minCrapScore="0" visitedClasses="0" numClasses="0" visitedMethods="1" numMethods="1" />
              <MetadataToken>100663450</MetadataToken>
              <Name>scr_CustomBullet::scr_CustomBullet()</Name>
              <FileRef uid="19" />
              <SequencePoints>
                <SequencePoint vc="1" uspid="6055" ordinal="0" offset="0" sl="22" sc="5" el="22" ec="5" bec="0" bev="0" fileid="19" />
                <SequencePoint vc="1" uspid="6056" ordinal="0" offset="7" sl="31" sc="5" el="31" ec="5" bec="0" bev="0" fileid="19" />
              </SequencePoints>
              <BranchPoints />
            </Method>
          </Methods>
        </Class>
        <Class>
          <Summary numSequencePoints="29" visitedSequencePoints="25" numBranchPoints="0" visitedBranchPoints="0" sequenceCoverage="86.21" branchCoverage="0.0" maxCyclomaticComplexity="0" minCyclomaticComplexity="0" maxCrapScore="0" minCrapScore="0" visitedClasses="1" numClasses="1" visitedMethods="2" numMethods="2" />
          <FullName>scr_PickupController</FullName>
          <Methods>
            <Method visited="true" cyclomaticComplexity="0" nPathComplexity="0" sequenceCoverage="86.36" branchCoverage="0" crapScore="0" isConstructor="false" isStatic="false" isGetter="false" isSetter="false">
              <Summary numSequencePoints="22" visitedSequencePoints="19" numBranchPoints="0" visitedBranchPoints="0" sequenceCoverage="86.36" branchCoverage="0" maxCyclomaticComplexity="0" minCyclomaticComplexity="0" maxCrapScore="0" minCrapScore="0" visitedClasses="0" numClasses="0" visitedMethods="1" numMethods="1" />
              <MetadataToken>100663454</MetadataToken>
              <Name>System.Void scr_PickupController::Drop(UnityEngine.Transform)</Name>
              <FileRef uid="20" />
              <SequencePoints>
                <SequencePoint vc="1" uspid="6089" ordinal="0" offset="0" sl="62" sc="5" el="62" ec="5" bec="0" bev="0" fileid="20" />
                <SequencePoint vc="1" uspid="6090" ordinal="0" offset="1" sl="63" sc="9" el="63" ec="9" bec="0" bev="0" fileid="20" />
                <SequencePoint vc="0" uspid="6091" ordinal="0" offset="34" sl="64" sc="9" el="64" ec="9" bec="0" bev="0" fileid="20" />
                <SequencePoint vc="0" uspid="6092" ordinal="0" offset="35" sl="65" sc="13" el="65" ec="13" bec="0" bev="0" fileid="20" />
                <SequencePoint vc="0" uspid="6093" ordinal="0" offset="46" sl="66" sc="13" el="66" ec="13" bec="0" bev="0" fileid="20" />
                <SequencePoint vc="1" uspid="6094" ordinal="0" offset="51" sl="68" sc="9" el="68" ec="9" bec="0" bev="0" fileid="20" />
                <SequencePoint vc="1" uspid="6095" ordinal="0" offset="64" sl="69" sc="9" el="69" ec="9" bec="0" bev="0" fileid="20" />
                <SequencePoint vc="1" uspid="6096" ordinal="0" offset="65" sl="70" sc="13" el="70" ec="13" bec="0" bev="0" fileid="20" />
                <SequencePoint vc="1" uspid="6097" ordinal="0" offset="72" sl="71" sc="13" el="71" ec="13" bec="0" bev="0" fileid="20" />
                <SequencePoint vc="1" uspid="6098" ordinal="0" offset="90" sl="72" sc="13" el="72" ec="13" bec="0" bev="0" fileid="20" />
                <SequencePoint vc="1" uspid="6099" ordinal="0" offset="102" sl="74" sc="13" el="74" ec="13" bec="0" bev="0" fileid="20" />
                <SequencePoint vc="1" uspid="6100" ordinal="0" offset="115" sl="75" sc="13" el="75" ec="13" bec="0" bev="0" fileid="20" />
                <SequencePoint vc="1" uspid="6101" ordinal="0" offset="128" sl="76" sc="13" el="76" ec="13" bec="0" bev="0" fileid="20" />
                <SequencePoint vc="1" uspid="6102" ordinal="0" offset="141" sl="78" sc="13" el="78" ec="13" bec="0" bev="0" fileid="20" />
                <SequencePoint vc="1" uspid="6103" ordinal="0" offset="169" sl="80" sc="13" el="80" ec="13" bec="0" bev="0" fileid="20" />
                <SequencePoint vc="1" uspid="6104" ordinal="0" offset="199" sl="81" sc="13" el="81" ec="13" bec="0" bev="0" fileid="20" />
                <SequencePoint vc="1" uspid="6105" ordinal="0" offset="229" sl="83" sc="13" el="83" ec="13" bec="0" bev="0" fileid="20" />
                <SequencePoint vc="1" uspid="6106" ordinal="0" offset="245" sl="84" sc="13" el="84" ec="13" bec="0" bev="0" fileid="20" />
                <SequencePoint vc="1" uspid="6107" ordinal="0" offset="275" sl="86" sc="13" el="86" ec="13" bec="0" bev="0" fileid="20" />
                <SequencePoint vc="1" uspid="6108" ordinal="0" offset="288" sl="88" sc="13" el="88" ec="13" bec="0" bev="0" fileid="20" />
                <SequencePoint vc="1" uspid="6109" ordinal="0" offset="295" sl="89" sc="9" el="89" ec="9" bec="0" bev="0" fileid="20" />
                <SequencePoint vc="1" uspid="6110" ordinal="0" offset="296" sl="90" sc="5" el="90" ec="5" bec="0" bev="0" fileid="20" />
              </SequencePoints>
              <BranchPoints />
            </Method>
            <Method visited="true" cyclomaticComplexity="0" nPathComplexity="0" sequenceCoverage="85.71" branchCoverage="0" crapScore="0" isConstructor="false" isStatic="false" isGetter="false" isSetter="false">
              <Summary numSequencePoints="7" visitedSequencePoints="6" numBranchPoints="0" visitedBranchPoints="0" sequenceCoverage="85.71" branchCoverage="0" maxCyclomaticComplexity="0" minCyclomaticComplexity="0" maxCrapScore="0" minCrapScore="0" visitedClasses="0" numClasses="0" visitedMethods="1" numMethods="1" />
              <MetadataToken>100663455</MetadataToken>
              <Name>System.Void scr_PickupController::UpdateAmmoText()</Name>
              <FileRef uid="20" />
              <SequencePoints>
                <SequencePoint vc="1" uspid="6111" ordinal="0" offset="0" sl="93" sc="5" el="93" ec="5" bec="0" bev="0" fileid="20" />
                <SequencePoint vc="1" uspid="6112" ordinal="0" offset="1" sl="94" sc="9" el="94" ec="9" bec="0" bev="0" fileid="20" />
                <SequencePoint vc="1" uspid="6113" ordinal="0" offset="22" sl="95" sc="9" el="95" ec="9" bec="0" bev="0" fileid="20" />
                <SequencePoint vc="1" uspid="6114" ordinal="0" offset="23" sl="96" sc="13" el="96" ec="13" bec="0" bev="0" fileid="20" />
                <SequencePoint vc="1" uspid="6115" ordinal="0" offset="34" sl="97" sc="13" el="97" ec="13" bec="0" bev="0" fileid="20" />
                <SequencePoint vc="0" uspid="6116" ordinal="0" offset="36" sl="99" sc="9" el="99" ec="9" bec="0" bev="0" fileid="20" />
                <SequencePoint vc="1" uspid="6117" ordinal="0" offset="58" sl="100" sc="5" el="100" ec="5" bec="0" bev="0" fileid="20" />
              </SequencePoints>
              <BranchPoints />
            </Method>
          </Methods>
        </Class>
        <Class>
          <Summary numSequencePoints="5" visitedSequencePoints="5" numBranchPoints="0" visitedBranchPoints="0" sequenceCoverage="100.0" branchCoverage="0.0" maxCyclomaticComplexity="0" minCyclomaticComplexity="0" maxCrapScore="0" minCrapScore="0" visitedClasses="1" numClasses="1" visitedMethods="1" numMethods="1" />
          <FullName>scr_WeaponController</FullName>
          <Methods>
            <Method visited="true" cyclomaticComplexity="0" nPathComplexity="0" sequenceCoverage="100.0" branchCoverage="0" crapScore="0" isConstructor="true" isStatic="false" isGetter="false" isSetter="false">
              <Summary numSequencePoints="5" visitedSequencePoints="5" numBranchPoints="0" visitedBranchPoints="0" sequenceCoverage="100.0" branchCoverage="0" maxCyclomaticComplexity="0" minCyclomaticComplexity="0" maxCrapScore="0" minCrapScore="0" visitedClasses="0" numClasses="0" visitedMethods="1" numMethods="1" />
              <MetadataToken>100663478</MetadataToken>
              <Name>scr_WeaponController::scr_WeaponController()</Name>
              <FileRef uid="22" />
              <SequencePoints>
                <SequencePoint vc="25" uspid="6353" ordinal="0" offset="0" sl="45" sc="5" el="45" ec="5" bec="0" bev="0" fileid="22" />
                <SequencePoint vc="25" uspid="6354" ordinal="0" offset="11" sl="46" sc="5" el="46" ec="5" bec="0" bev="0" fileid="22" />
                <SequencePoint vc="25" uspid="6355" ordinal="0" offset="22" sl="47" sc="5" el="47" ec="5" bec="0" bev="0" fileid="22" />
                <SequencePoint vc="25" uspid="6356" ordinal="0" offset="33" sl="48" sc="5" el="48" ec="5" bec="0" bev="0" fileid="22" />
                <SequencePoint vc="25" uspid="6357" ordinal="0" offset="44" sl="90" sc="5" el="90" ec="5" bec="0" bev="0" fileid="22" />
              </SequencePoints>
              <BranchPoints />
            </Method>
          </Methods>
        </Class>
        <Class>
          <Summary numSequencePoints="1" visitedSequencePoints="1" numBranchPoints="0" visitedBranchPoints="0" sequenceCoverage="100.0" branchCoverage="0.0" maxCyclomaticComplexity="0" minCyclomaticComplexity="0" maxCrapScore="0" minCrapScore="0" visitedClasses="1" numClasses="1" visitedMethods="1" numMethods="1" />
          <FullName>scr_Models/PlayerSettingsModel</FullName>
          <Methods>
            <Method visited="true" cyclomaticComplexity="0" nPathComplexity="0" sequenceCoverage="100.0" branchCoverage="0" crapScore="0" isConstructor="true" isStatic="false" isGetter="false" isSetter="false">
              <Summary numSequencePoints="1" visitedSequencePoints="1" numBranchPoints="0" visitedBranchPoints="0" sequenceCoverage="100.0" branchCoverage="0" maxCyclomaticComplexity="0" minCyclomaticComplexity="0" maxCrapScore="0" minCrapScore="0" visitedClasses="0" numClasses="0" visitedMethods="1" numMethods="1" />
              <MetadataToken>100663534</MetadataToken>
              <Name>scr_Models/PlayerSettingsModel::PlayerSettingsModel()</Name>
              <FileRef uid="23" />
              <SequencePoints>
                <SequencePoint vc="12" uspid="6512" ordinal="0" offset="0" sl="47" sc="9" el="47" ec="9" bec="0" bev="0" fileid="23" />
              </SequencePoints>
              <BranchPoints />
            </Method>
          </Methods>
        </Class>
      </Classes>
    </Module>
  </Modules>
</CoverageSession>