<?xml version="1.0" encoding="utf-8"?>
<CoverageSession xmlns:xsd="http://www.w3.org/2001/XMLSchema" xmlns:xsi="http://www.w3.org/2001/XMLSchema-instance" Version="0.0.0.0">
  <Summary numSequencePoints="219" visitedSequencePoints="183" numBranchPoints="0" visitedBranchPoints="0" sequenceCoverage="83.56" branchCoverage="0.0" maxCyclomaticComplexity="0" minCyclomaticComplexity="0" maxCrapScore="0" minCrapScore="0" visitedClasses="8" numClasses="8" visitedMethods="27" numMethods="27" />
  <Modules>
    <Module>
      <Summary numSequencePoints="76" visitedSequencePoints="76" numBranchPoints="0" visitedBranchPoints="0" sequenceCoverage="100.0" branchCoverage="0.0" maxCyclomaticComplexity="0" minCyclomaticComplexity="0" maxCrapScore="0" minCrapScore="0" visitedClasses="1" numClasses="1" visitedMethods="11" numMethods="11" />
      <ModuleTime>0001-01-01T00:00:00</ModuleTime>
      <ModuleName>EditModeTest</ModuleName>
      <Files>
        <File uid="1" fullPath="D:/Unity Projects/Github/TestGame/Assets/Editor/EditModeTest/PlayerTests.cs" />
      </Files>
      <Classes>
        <Class>
          <Summary numSequencePoints="76" visitedSequencePoints="76" numBranchPoints="0" visitedBranchPoints="0" sequenceCoverage="100.0" branchCoverage="0.0" maxCyclomaticComplexity="0" minCyclomaticComplexity="0" maxCrapScore="0" minCrapScore="0" visitedClasses="1" numClasses="1" visitedMethods="11" numMethods="11" />
          <FullName>PlayerTests</FullName>
          <Methods>
            <Method visited="true" cyclomaticComplexity="0" nPathComplexity="0" sequenceCoverage="100.0" branchCoverage="0" crapScore="0" isConstructor="false" isStatic="false" isGetter="false" isSetter="false">
              <Summary numSequencePoints="12" visitedSequencePoints="12" numBranchPoints="0" visitedBranchPoints="0" sequenceCoverage="100.0" branchCoverage="0" maxCyclomaticComplexity="0" minCyclomaticComplexity="0" maxCrapScore="0" minCrapScore="0" visitedClasses="0" numClasses="0" visitedMethods="1" numMethods="1" />
              <MetadataToken>100663297</MetadataToken>
              <Name>System.Void PlayerTests::Setup()</Name>
              <FileRef uid="1" />
              <SequencePoints>
                <SequencePoint vc="10" uspid="15022" ordinal="0" offset="0" sl="28" sc="5" el="28" ec="5" bec="0" bev="0" fileid="1" />
                <SequencePoint vc="10" uspid="15023" ordinal="0" offset="1" sl="31" sc="9" el="31" ec="9" bec="0" bev="0" fileid="1" />
                <SequencePoint vc="10" uspid="15024" ordinal="0" offset="22" sl="32" sc="9" el="32" ec="9" bec="0" bev="0" fileid="1" />
                <SequencePoint vc="10" uspid="15025" ordinal="0" offset="39" sl="34" sc="9" el="34" ec="9" bec="0" bev="0" fileid="1" />
                <SequencePoint vc="10" uspid="15026" ordinal="0" offset="60" sl="35" sc="9" el="35" ec="9" bec="0" bev="0" fileid="1" />
                <SequencePoint vc="10" uspid="15027" ordinal="0" offset="77" sl="36" sc="9" el="36" ec="9" bec="0" bev="0" fileid="1" />
                <SequencePoint vc="10" uspid="15028" ordinal="0" offset="94" sl="38" sc="9" el="38" ec="9" bec="0" bev="0" fileid="1" />
                <SequencePoint vc="10" uspid="15029" ordinal="0" offset="115" sl="39" sc="9" el="39" ec="9" bec="0" bev="0" fileid="1" />
                <SequencePoint vc="10" uspid="15030" ordinal="0" offset="132" sl="40" sc="9" el="40" ec="9" bec="0" bev="0" fileid="1" />
                <SequencePoint vc="10" uspid="15031" ordinal="0" offset="149" sl="42" sc="9" el="42" ec="9" bec="0" bev="0" fileid="1" />
                <SequencePoint vc="10" uspid="15032" ordinal="0" offset="170" sl="43" sc="9" el="43" ec="9" bec="0" bev="0" fileid="1" />
                <SequencePoint vc="10" uspid="15033" ordinal="0" offset="187" sl="45" sc="5" el="45" ec="5" bec="0" bev="0" fileid="1" />
              </SequencePoints>
              <BranchPoints />
            </Method>
            <Method visited="true" cyclomaticComplexity="0" nPathComplexity="0" sequenceCoverage="100.0" branchCoverage="0" crapScore="0" isConstructor="false" isStatic="false" isGetter="false" isSetter="false">
              <Summary numSequencePoints="7" visitedSequencePoints="7" numBranchPoints="0" visitedBranchPoints="0" sequenceCoverage="100.0" branchCoverage="0" maxCyclomaticComplexity="0" minCyclomaticComplexity="0" maxCrapScore="0" minCrapScore="0" visitedClasses="0" numClasses="0" visitedMethods="1" numMethods="1" />
              <MetadataToken>100663298</MetadataToken>
              <Name>System.Void PlayerTests::Heal_Player_By_10()</Name>
              <FileRef uid="1" />
              <SequencePoints>
                <SequencePoint vc="1" uspid="15034" ordinal="0" offset="0" sl="49" sc="5" el="49" ec="5" bec="0" bev="0" fileid="1" />
                <SequencePoint vc="1" uspid="15035" ordinal="0" offset="1" sl="50" sc="9" el="50" ec="9" bec="0" bev="0" fileid="1" />
                <SequencePoint vc="1" uspid="15036" ordinal="0" offset="17" sl="51" sc="9" el="51" ec="9" bec="0" bev="0" fileid="1" />
                <SequencePoint vc="1" uspid="15037" ordinal="0" offset="23" sl="52" sc="9" el="52" ec="9" bec="0" bev="0" fileid="1" />
                <SequencePoint vc="1" uspid="15038" ordinal="0" offset="38" sl="54" sc="9" el="54" ec="9" bec="0" bev="0" fileid="1" />
                <SequencePoint vc="1" uspid="15039" ordinal="0" offset="51" sl="56" sc="9" el="56" ec="9" bec="0" bev="0" fileid="1" />
                <SequencePoint vc="1" uspid="15040" ordinal="0" offset="79" sl="57" sc="5" el="57" ec="5" bec="0" bev="0" fileid="1" />
              </SequencePoints>
              <BranchPoints />
            </Method>
            <Method visited="true" cyclomaticComplexity="0" nPathComplexity="0" sequenceCoverage="100.0" branchCoverage="0" crapScore="0" isConstructor="false" isStatic="false" isGetter="false" isSetter="false">
              <Summary numSequencePoints="7" visitedSequencePoints="7" numBranchPoints="0" visitedBranchPoints="0" sequenceCoverage="100.0" branchCoverage="0" maxCyclomaticComplexity="0" minCyclomaticComplexity="0" maxCrapScore="0" minCrapScore="0" visitedClasses="0" numClasses="0" visitedMethods="1" numMethods="1" />
              <MetadataToken>100663299</MetadataToken>
              <Name>System.Void PlayerTests::Heal_Player_By_50()</Name>
              <FileRef uid="1" />
              <SequencePoints>
                <SequencePoint vc="1" uspid="15041" ordinal="0" offset="0" sl="61" sc="5" el="61" ec="5" bec="0" bev="0" fileid="1" />
                <SequencePoint vc="1" uspid="15042" ordinal="0" offset="1" sl="62" sc="9" el="62" ec="9" bec="0" bev="0" fileid="1" />
                <SequencePoint vc="1" uspid="15043" ordinal="0" offset="17" sl="63" sc="9" el="63" ec="9" bec="0" bev="0" fileid="1" />
                <SequencePoint vc="1" uspid="15044" ordinal="0" offset="23" sl="64" sc="9" el="64" ec="9" bec="0" bev="0" fileid="1" />
                <SequencePoint vc="1" uspid="15045" ordinal="0" offset="38" sl="66" sc="9" el="66" ec="9" bec="0" bev="0" fileid="1" />
                <SequencePoint vc="1" uspid="15046" ordinal="0" offset="51" sl="68" sc="9" el="68" ec="9" bec="0" bev="0" fileid="1" />
                <SequencePoint vc="1" uspid="15047" ordinal="0" offset="79" sl="69" sc="5" el="69" ec="5" bec="0" bev="0" fileid="1" />
              </SequencePoints>
              <BranchPoints />
            </Method>
            <Method visited="true" cyclomaticComplexity="0" nPathComplexity="0" sequenceCoverage="100.0" branchCoverage="0" crapScore="0" isConstructor="false" isStatic="false" isGetter="false" isSetter="false">
              <Summary numSequencePoints="7" visitedSequencePoints="7" numBranchPoints="0" visitedBranchPoints="0" sequenceCoverage="100.0" branchCoverage="0" maxCyclomaticComplexity="0" minCyclomaticComplexity="0" maxCrapScore="0" minCrapScore="0" visitedClasses="0" numClasses="0" visitedMethods="1" numMethods="1" />
              <MetadataToken>100663300</MetadataToken>
              <Name>System.Void PlayerTests::Damage_Player_By_10()</Name>
              <FileRef uid="1" />
              <SequencePoints>
                <SequencePoint vc="1" uspid="15048" ordinal="0" offset="0" sl="73" sc="5" el="73" ec="5" bec="0" bev="0" fileid="1" />
                <SequencePoint vc="1" uspid="15049" ordinal="0" offset="1" sl="75" sc="9" el="75" ec="9" bec="0" bev="0" fileid="1" />
                <SequencePoint vc="1" uspid="15050" ordinal="0" offset="17" sl="76" sc="9" el="76" ec="9" bec="0" bev="0" fileid="1" />
                <SequencePoint vc="1" uspid="15051" ordinal="0" offset="20" sl="77" sc="9" el="77" ec="9" bec="0" bev="0" fileid="1" />
                <SequencePoint vc="1" uspid="15052" ordinal="0" offset="35" sl="79" sc="9" el="79" ec="9" bec="0" bev="0" fileid="1" />
                <SequencePoint vc="1" uspid="15053" ordinal="0" offset="49" sl="81" sc="9" el="81" ec="9" bec="0" bev="0" fileid="1" />
                <SequencePoint vc="1" uspid="15054" ordinal="0" offset="77" sl="82" sc="5" el="82" ec="5" bec="0" bev="0" fileid="1" />
              </SequencePoints>
              <BranchPoints />
            </Method>
            <Method visited="true" cyclomaticComplexity="0" nPathComplexity="0" sequenceCoverage="100.0" branchCoverage="0" crapScore="0" isConstructor="false" isStatic="false" isGetter="false" isSetter="false">
              <Summary numSequencePoints="7" visitedSequencePoints="7" numBranchPoints="0" visitedBranchPoints="0" sequenceCoverage="100.0" branchCoverage="0" maxCyclomaticComplexity="0" minCyclomaticComplexity="0" maxCrapScore="0" minCrapScore="0" visitedClasses="0" numClasses="0" visitedMethods="1" numMethods="1" />
              <MetadataToken>100663301</MetadataToken>
              <Name>System.Void PlayerTests::Damage_Player_By_50()</Name>
              <FileRef uid="1" />
              <SequencePoints>
                <SequencePoint vc="1" uspid="15055" ordinal="0" offset="0" sl="86" sc="5" el="86" ec="5" bec="0" bev="0" fileid="1" />
                <SequencePoint vc="1" uspid="15056" ordinal="0" offset="1" sl="87" sc="9" el="87" ec="9" bec="0" bev="0" fileid="1" />
                <SequencePoint vc="1" uspid="15057" ordinal="0" offset="17" sl="88" sc="9" el="88" ec="9" bec="0" bev="0" fileid="1" />
                <SequencePoint vc="1" uspid="15058" ordinal="0" offset="20" sl="89" sc="9" el="89" ec="9" bec="0" bev="0" fileid="1" />
                <SequencePoint vc="1" uspid="15059" ordinal="0" offset="35" sl="91" sc="9" el="91" ec="9" bec="0" bev="0" fileid="1" />
                <SequencePoint vc="1" uspid="15060" ordinal="0" offset="49" sl="93" sc="9" el="93" ec="9" bec="0" bev="0" fileid="1" />
                <SequencePoint vc="1" uspid="15061" ordinal="0" offset="77" sl="94" sc="5" el="94" ec="5" bec="0" bev="0" fileid="1" />
              </SequencePoints>
              <BranchPoints />
            </Method>
            <Method visited="true" cyclomaticComplexity="0" nPathComplexity="0" sequenceCoverage="100.0" branchCoverage="0" crapScore="0" isConstructor="false" isStatic="false" isGetter="false" isSetter="false">
              <Summary numSequencePoints="8" visitedSequencePoints="8" numBranchPoints="0" visitedBranchPoints="0" sequenceCoverage="100.0" branchCoverage="0" maxCyclomaticComplexity="0" minCyclomaticComplexity="0" maxCrapScore="0" minCrapScore="0" visitedClasses="0" numClasses="0" visitedMethods="1" numMethods="1" />
              <MetadataToken>100663302</MetadataToken>
              <Name>System.Void PlayerTests::Take_Leathal_Damage()</Name>
              <FileRef uid="1" />
              <SequencePoints>
                <SequencePoint vc="1" uspid="15062" ordinal="0" offset="0" sl="98" sc="5" el="98" ec="5" bec="0" bev="0" fileid="1" />
                <SequencePoint vc="1" uspid="15063" ordinal="0" offset="1" sl="99" sc="9" el="99" ec="9" bec="0" bev="0" fileid="1" />
                <SequencePoint vc="1" uspid="15064" ordinal="0" offset="17" sl="100" sc="9" el="100" ec="9" bec="0" bev="0" fileid="1" />
                <SequencePoint vc="1" uspid="15065" ordinal="0" offset="23" sl="101" sc="9" el="101" ec="9" bec="0" bev="0" fileid="1" />
                <SequencePoint vc="1" uspid="15066" ordinal="0" offset="25" sl="103" sc="9" el="103" ec="9" bec="0" bev="0" fileid="1" />
                <SequencePoint vc="1" uspid="15067" ordinal="0" offset="56" sl="105" sc="9" el="105" ec="9" bec="0" bev="0" fileid="1" />
                <SequencePoint vc="1" uspid="15068" ordinal="0" offset="70" sl="107" sc="9" el="107" ec="9" bec="0" bev="0" fileid="1" />
                <SequencePoint vc="1" uspid="15069" ordinal="0" offset="98" sl="108" sc="5" el="108" ec="5" bec="0" bev="0" fileid="1" />
              </SequencePoints>
              <BranchPoints />
            </Method>
            <Method visited="true" cyclomaticComplexity="0" nPathComplexity="0" sequenceCoverage="100.0" branchCoverage="0" crapScore="0" isConstructor="false" isStatic="false" isGetter="false" isSetter="false">
              <Summary numSequencePoints="10" visitedSequencePoints="10" numBranchPoints="0" visitedBranchPoints="0" sequenceCoverage="100.0" branchCoverage="0" maxCyclomaticComplexity="0" minCyclomaticComplexity="0" maxCrapScore="0" minCrapScore="0" visitedClasses="0" numClasses="0" visitedMethods="1" numMethods="1" />
              <MetadataToken>100663303</MetadataToken>
              <Name>System.Void PlayerTests::Drop_Item_When_Slot_Is_Full()</Name>
              <FileRef uid="1" />
              <SequencePoints>
                <SequencePoint vc="1" uspid="15070" ordinal="0" offset="0" sl="112" sc="5" el="112" ec="5" bec="0" bev="0" fileid="1" />
                <SequencePoint vc="1" uspid="15071" ordinal="0" offset="1" sl="114" sc="9" el="114" ec="9" bec="0" bev="0" fileid="1" />
                <SequencePoint vc="1" uspid="15072" ordinal="0" offset="18" sl="115" sc="9" el="115" ec="9" bec="0" bev="0" fileid="1" />
                <SequencePoint vc="1" uspid="15073" ordinal="0" offset="35" sl="116" sc="9" el="116" ec="9" bec="0" bev="0" fileid="1" />
                <SequencePoint vc="1" uspid="15074" ordinal="0" offset="47" sl="117" sc="9" el="117" ec="9" bec="0" bev="0" fileid="1" />
                <SequencePoint vc="1" uspid="15075" ordinal="0" offset="69" sl="119" sc="9" el="119" ec="9" bec="0" bev="0" fileid="1" />
                <SequencePoint vc="1" uspid="15076" ordinal="0" offset="81" sl="120" sc="9" el="120" ec="9" bec="0" bev="0" fileid="1" />
                <SequencePoint vc="1" uspid="15077" ordinal="0" offset="83" sl="122" sc="9" el="122" ec="9" bec="0" bev="0" fileid="1" />
                <SequencePoint vc="1" uspid="15078" ordinal="0" offset="95" sl="123" sc="9" el="123" ec="9" bec="0" bev="0" fileid="1" />
                <SequencePoint vc="1" uspid="15079" ordinal="0" offset="123" sl="124" sc="5" el="124" ec="5" bec="0" bev="0" fileid="1" />
              </SequencePoints>
              <BranchPoints />
            </Method>
            <Method visited="true" cyclomaticComplexity="0" nPathComplexity="0" sequenceCoverage="100.0" branchCoverage="0" crapScore="0" isConstructor="false" isStatic="false" isGetter="false" isSetter="false">
              <Summary numSequencePoints="9" visitedSequencePoints="9" numBranchPoints="0" visitedBranchPoints="0" sequenceCoverage="100.0" branchCoverage="0" maxCyclomaticComplexity="0" minCyclomaticComplexity="0" maxCrapScore="0" minCrapScore="0" visitedClasses="0" numClasses="0" visitedMethods="1" numMethods="1" />
              <MetadataToken>100663304</MetadataToken>
              <Name>System.Void PlayerTests::Drop_Item_When_Slot_Is_Empty()</Name>
              <FileRef uid="1" />
              <SequencePoints>
                <SequencePoint vc="1" uspid="15080" ordinal="0" offset="0" sl="128" sc="5" el="128" ec="5" bec="0" bev="0" fileid="1" />
                <SequencePoint vc="1" uspid="15081" ordinal="0" offset="1" sl="129" sc="9" el="129" ec="9" bec="0" bev="0" fileid="1" />
                <SequencePoint vc="1" uspid="15082" ordinal="0" offset="18" sl="130" sc="9" el="130" ec="9" bec="0" bev="0" fileid="1" />
                <SequencePoint vc="1" uspid="15083" ordinal="0" offset="30" sl="131" sc="9" el="131" ec="9" bec="0" bev="0" fileid="1" />
                <SequencePoint vc="1" uspid="15084" ordinal="0" offset="52" sl="133" sc="9" el="133" ec="9" bec="0" bev="0" fileid="1" />
                <SequencePoint vc="1" uspid="15085" ordinal="0" offset="64" sl="134" sc="9" el="134" ec="9" bec="0" bev="0" fileid="1" />
                <SequencePoint vc="1" uspid="15086" ordinal="0" offset="66" sl="136" sc="9" el="136" ec="9" bec="0" bev="0" fileid="1" />
                <SequencePoint vc="1" uspid="15087" ordinal="0" offset="78" sl="137" sc="9" el="137" ec="9" bec="0" bev="0" fileid="1" />
                <SequencePoint vc="1" uspid="15088" ordinal="0" offset="106" sl="138" sc="5" el="138" ec="5" bec="0" bev="0" fileid="1" />
              </SequencePoints>
              <BranchPoints />
            </Method>
            <Method visited="true" cyclomaticComplexity="0" nPathComplexity="0" sequenceCoverage="100.0" branchCoverage="0" crapScore="0" isConstructor="false" isStatic="false" isGetter="false" isSetter="false">
              <Summary numSequencePoints="5" visitedSequencePoints="5" numBranchPoints="0" visitedBranchPoints="0" sequenceCoverage="100.0" branchCoverage="0" maxCyclomaticComplexity="0" minCyclomaticComplexity="0" maxCrapScore="0" minCrapScore="0" visitedClasses="0" numClasses="0" visitedMethods="1" numMethods="1" />
              <MetadataToken>100663305</MetadataToken>
              <Name>System.Void PlayerTests::Increase_Score_By_50()</Name>
              <FileRef uid="1" />
              <SequencePoints>
                <SequencePoint vc="1" uspid="15089" ordinal="0" offset="0" sl="142" sc="5" el="142" ec="5" bec="0" bev="0" fileid="1" />
                <SequencePoint vc="1" uspid="15090" ordinal="0" offset="1" sl="143" sc="9" el="143" ec="9" bec="0" bev="0" fileid="1" />
                <SequencePoint vc="1" uspid="15091" ordinal="0" offset="4" sl="145" sc="9" el="145" ec="9" bec="0" bev="0" fileid="1" />
                <SequencePoint vc="1" uspid="15092" ordinal="0" offset="18" sl="147" sc="9" el="147" ec="9" bec="0" bev="0" fileid="1" />
                <SequencePoint vc="1" uspid="15093" ordinal="0" offset="46" sl="148" sc="5" el="148" ec="5" bec="0" bev="0" fileid="1" />
              </SequencePoints>
              <BranchPoints />
            </Method>
            <Method visited="true" cyclomaticComplexity="0" nPathComplexity="0" sequenceCoverage="100.0" branchCoverage="0" crapScore="0" isConstructor="false" isStatic="false" isGetter="false" isSetter="false">
              <Summary numSequencePoints="2" visitedSequencePoints="2" numBranchPoints="0" visitedBranchPoints="0" sequenceCoverage="100.0" branchCoverage="0" maxCyclomaticComplexity="0" minCyclomaticComplexity="0" maxCrapScore="0" minCrapScore="0" visitedClasses="0" numClasses="0" visitedMethods="1" numMethods="1" />
              <MetadataToken>100663307</MetadataToken>
              <Name>System.Void PlayerTests::Enemy_Damages_Player()</Name>
              <FileRef uid="1" />
              <SequencePoints>
                <SequencePoint vc="1" uspid="15099" ordinal="0" offset="0" sl="161" sc="5" el="161" ec="5" bec="0" bev="0" fileid="1" />
                <SequencePoint vc="1" uspid="15100" ordinal="0" offset="1" sl="163" sc="5" el="163" ec="5" bec="0" bev="0" fileid="1" />
              </SequencePoints>
              <BranchPoints />
            </Method>
            <Method visited="true" cyclomaticComplexity="0" nPathComplexity="0" sequenceCoverage="100.0" branchCoverage="0" crapScore="0" isConstructor="false" isStatic="false" isGetter="false" isSetter="false">
              <Summary numSequencePoints="2" visitedSequencePoints="2" numBranchPoints="0" visitedBranchPoints="0" sequenceCoverage="100.0" branchCoverage="0" maxCyclomaticComplexity="0" minCyclomaticComplexity="0" maxCrapScore="0" minCrapScore="0" visitedClasses="0" numClasses="0" visitedMethods="1" numMethods="1" />
              <MetadataToken>100663308</MetadataToken>
              <Name>System.Void PlayerTests::Player_Damages_Enemy()</Name>
              <FileRef uid="1" />
              <SequencePoints>
                <SequencePoint vc="1" uspid="15101" ordinal="0" offset="0" sl="167" sc="5" el="167" ec="5" bec="0" bev="0" fileid="1" />
                <SequencePoint vc="1" uspid="15102" ordinal="0" offset="1" sl="169" sc="5" el="169" ec="5" bec="0" bev="0" fileid="1" />
              </SequencePoints>
              <BranchPoints />
            </Method>
          </Methods>
        </Class>
      </Classes>
    </Module>
    <Module>
      <Summary numSequencePoints="143" visitedSequencePoints="107" numBranchPoints="0" visitedBranchPoints="0" sequenceCoverage="74.83" branchCoverage="0.0" maxCyclomaticComplexity="0" minCyclomaticComplexity="0" maxCrapScore="0" minCrapScore="0" visitedClasses="7" numClasses="7" visitedMethods="16" numMethods="16" />
      <ModuleTime>0001-01-01T00:00:00</ModuleTime>
      <ModuleName>ScriptDefinition</ModuleName>
      <Files>
        <File uid="2" fullPath="D:/Unity Projects/Github/TestGame/Assets/Scripts/Character/scr_CharacterController.cs" />
        <File uid="3" fullPath="D:/Unity Projects/Github/TestGame/Assets/Scripts/Enemy/scr_EnemyAi.cs" />
        <File uid="4" fullPath="D:/Unity Projects/Github/TestGame/Assets/Scripts/Enemy/scr_EnemyBase.cs" />
        <File uid="5" fullPath="D:/Unity Projects/Github/TestGame/Assets/Scripts/Enemy/scr_EnemyTargetController.cs" />
        <File uid="6" fullPath="D:/Unity Projects/Github/TestGame/Assets/Scripts/Inputs/DefaultInput.cs" />
        <File uid="7" fullPath="D:/Unity Projects/Github/TestGame/Assets/Scripts/Objects/scr_ButtonController.cs" />
        <File uid="8" fullPath="D:/Unity Projects/Github/TestGame/Assets/Scripts/Objects/scr_ElectricCrystal.cs" />
        <File uid="9" fullPath="D:/Unity Projects/Github/TestGame/Assets/Scripts/Objects/scr_HealthCrystal.cs" />
        <File uid="10" fullPath="D:/Unity Projects/Github/TestGame/Assets/Scripts/Objects/scr_HordeController.cs" />
        <File uid="11" fullPath="D:/Unity Projects/Github/TestGame/Assets/Scripts/Objects/scr_ShotEffect.cs" />
        <File uid="12" fullPath="D:/Unity Projects/Github/TestGame/Assets/Scripts/Objects/scr_vfxDestroy.cs" />
        <File uid="13" fullPath="D:/Unity Projects/Github/TestGame/Assets/Scripts/Sound/SoundManagerScript.cs" />
        <File uid="14" fullPath="D:/Unity Projects/Github/TestGame/Assets/Scripts/UI/scr_GameOver.cs" />
        <File uid="15" fullPath="D:/Unity Projects/Github/TestGame/Assets/Scripts/UI/scr_HealthBarFade.cs" />
        <File uid="16" fullPath="D:/Unity Projects/Github/TestGame/Assets/Scripts/UI/scr_MainMenuController.cs" />
        <File uid="17" fullPath="D:/Unity Projects/Github/TestGame/Assets/Scripts/UI/scr_Scenes.cs" />
        <File uid="18" fullPath="D:/Unity Projects/Github/TestGame/Assets/Scripts/UI/src_ScoreScript.cs" />
        <File uid="19" fullPath="D:/Unity Projects/Github/TestGame/Assets/Scripts/Weapons/scr_CustomBullet.cs" />
        <File uid="20" fullPath="D:/Unity Projects/Github/TestGame/Assets/Scripts/Weapons/scr_PickupController.cs" />
        <File uid="21" fullPath="D:/Unity Projects/Github/TestGame/Assets/Scripts/Weapons/scr_RaycastWeapon.cs" />
        <File uid="22" fullPath="D:/Unity Projects/Github/TestGame/Assets/Scripts/Weapons/scr_WeaponController.cs" />
        <File uid="23" fullPath="D:/Unity Projects/Github/TestGame/Assets/Scripts/scr_Models.cs" />
      </Files>
      <Classes>
        <Class>
          <Summary numSequencePoints="92" visitedSequencePoints="60" numBranchPoints="0" visitedBranchPoints="0" sequenceCoverage="65.22" branchCoverage="0.0" maxCyclomaticComplexity="0" minCyclomaticComplexity="0" maxCrapScore="0" minCrapScore="0" visitedClasses="1" numClasses="1" visitedMethods="6" numMethods="6" />
          <FullName>scr_CharacterController</FullName>
          <Methods>
            <Method visited="true" cyclomaticComplexity="0" nPathComplexity="0" sequenceCoverage="100.0" branchCoverage="0" crapScore="0" isConstructor="false" isStatic="false" isGetter="false" isSetter="false">
              <Summary numSequencePoints="7" visitedSequencePoints="7" numBranchPoints="0" visitedBranchPoints="0" sequenceCoverage="100.0" branchCoverage="0" maxCyclomaticComplexity="0" minCyclomaticComplexity="0" maxCrapScore="0" minCrapScore="0" visitedClasses="0" numClasses="0" visitedMethods="1" numMethods="1" />
              <MetadataToken>100663317</MetadataToken>
              <Name>System.Void scr_CharacterController::DropPressed()</Name>
              <FileRef uid="2" />
              <SequencePoints>
                <SequencePoint vc="2" uspid="15339" ordinal="0" offset="0" sl="442" sc="5" el="442" ec="5" bec="0" bev="0" fileid="2" />
                <SequencePoint vc="2" uspid="15340" ordinal="0" offset="1" sl="443" sc="9" el="443" ec="9" bec="0" bev="0" fileid="2" />
                <SequencePoint vc="1" uspid="15341" ordinal="0" offset="11" sl="444" sc="9" el="444" ec="9" bec="0" bev="0" fileid="2" />
                <SequencePoint vc="1" uspid="15342" ordinal="0" offset="12" sl="445" sc="13" el="445" ec="13" bec="0" bev="0" fileid="2" />
                <SequencePoint vc="1" uspid="15343" ordinal="0" offset="30" sl="446" sc="13" el="446" ec="13" bec="0" bev="0" fileid="2" />
                <SequencePoint vc="1" uspid="15344" ordinal="0" offset="37" sl="447" sc="9" el="447" ec="9" bec="0" bev="0" fileid="2" />
                <SequencePoint vc="2" uspid="15345" ordinal="0" offset="38" sl="448" sc="5" el="448" ec="5" bec="0" bev="0" fileid="2" />
              </SequencePoints>
              <BranchPoints />
            </Method>
            <Method visited="true" cyclomaticComplexity="0" nPathComplexity="0" sequenceCoverage="68.00" branchCoverage="0" crapScore="0" isConstructor="false" isStatic="false" isGetter="false" isSetter="false">
              <Summary numSequencePoints="25" visitedSequencePoints="17" numBranchPoints="0" visitedBranchPoints="0" sequenceCoverage="68.00" branchCoverage="0" maxCyclomaticComplexity="0" minCyclomaticComplexity="0" maxCrapScore="0" minCrapScore="0" visitedClasses="0" numClasses="0" visitedMethods="1" numMethods="1" />
              <MetadataToken>100663320</MetadataToken>
              <Name>System.Void scr_CharacterController::TakeDamage(System.Int32, scr_Models/DamageType)</Name>
              <FileRef uid="2" />
              <SequencePoints>
                <SequencePoint vc="3" uspid="15355" ordinal="0" offset="0" sl="473" sc="5" el="473" ec="5" bec="0" bev="0" fileid="2" />
                <SequencePoint vc="3" uspid="15356" ordinal="0" offset="1" sl="474" sc="9" el="474" ec="9" bec="0" bev="0" fileid="2" />
                <SequencePoint vc="3" uspid="15357" ordinal="0" offset="16" sl="475" sc="9" el="475" ec="9" bec="0" bev="0" fileid="2" />
                <SequencePoint vc="1" uspid="15358" ordinal="0" offset="33" sl="475" sc="28" el="475" ec="28" bec="0" bev="0" fileid="2" />
                <SequencePoint vc="3" uspid="15359" ordinal="0" offset="44" sl="477" sc="9" el="477" ec="9" bec="0" bev="0" fileid="2" />
                <SequencePoint vc="0" uspid="15360" ordinal="0" offset="62" sl="478" sc="9" el="478" ec="9" bec="0" bev="0" fileid="2" />
                <SequencePoint vc="0" uspid="15361" ordinal="0" offset="63" sl="479" sc="13" el="479" ec="13" bec="0" bev="0" fileid="2" />
                <SequencePoint vc="0" uspid="15362" ordinal="0" offset="76" sl="480" sc="13" el="480" ec="13" bec="0" bev="0" fileid="2" />
                <SequencePoint vc="0" uspid="15363" ordinal="0" offset="93" sl="481" sc="13" el="481" ec="13" bec="0" bev="0" fileid="2" />
                <SequencePoint vc="0" uspid="15364" ordinal="0" offset="111" sl="483" sc="9" el="483" ec="9" bec="0" bev="0" fileid="2" />
                <SequencePoint vc="3" uspid="15365" ordinal="0" offset="112" sl="484" sc="9" el="484" ec="9" bec="0" bev="0" fileid="2" />
                <SequencePoint vc="3" uspid="15366" ordinal="0" offset="119" sl="485" sc="9" el="485" ec="9" bec="0" bev="0" fileid="2" />
                <SequencePoint vc="2" uspid="15367" ordinal="0" offset="136" sl="486" sc="9" el="486" ec="9" bec="0" bev="0" fileid="2" />
                <SequencePoint vc="2" uspid="15368" ordinal="0" offset="137" sl="487" sc="13" el="487" ec="13" bec="0" bev="0" fileid="2" />
                <SequencePoint vc="0" uspid="15369" ordinal="0" offset="155" sl="488" sc="13" el="488" ec="13" bec="0" bev="0" fileid="2" />
                <SequencePoint vc="0" uspid="15370" ordinal="0" offset="156" sl="489" sc="17" el="489" ec="17" bec="0" bev="0" fileid="2" />
                <SequencePoint vc="0" uspid="15371" ordinal="0" offset="167" sl="490" sc="17" el="490" ec="17" bec="0" bev="0" fileid="2" />
                <SequencePoint vc="2" uspid="15372" ordinal="0" offset="169" sl="492" sc="13" el="492" ec="13" bec="0" bev="0" fileid="2" />
                <SequencePoint vc="2" uspid="15373" ordinal="0" offset="187" sl="493" sc="13" el="493" ec="13" bec="0" bev="0" fileid="2" />
                <SequencePoint vc="2" uspid="15374" ordinal="0" offset="199" sl="494" sc="9" el="494" ec="9" bec="0" bev="0" fileid="2" />
                <SequencePoint vc="3" uspid="15375" ordinal="0" offset="200" sl="496" sc="9" el="496" ec="9" bec="0" bev="0" fileid="2" />
                <SequencePoint vc="1" uspid="15376" ordinal="0" offset="231" sl="497" sc="9" el="497" ec="9" bec="0" bev="0" fileid="2" />
                <SequencePoint vc="1" uspid="15377" ordinal="0" offset="232" sl="498" sc="13" el="498" ec="13" bec="0" bev="0" fileid="2" />
                <SequencePoint vc="1" uspid="15378" ordinal="0" offset="239" sl="499" sc="9" el="499" ec="9" bec="0" bev="0" fileid="2" />
                <SequencePoint vc="3" uspid="15379" ordinal="0" offset="240" sl="500" sc="5" el="500" ec="5" bec="0" bev="0" fileid="2" />
              </SequencePoints>
              <BranchPoints />
            </Method>
            <Method visited="true" cyclomaticComplexity="0" nPathComplexity="0" sequenceCoverage="43.90" branchCoverage="0" crapScore="0" isConstructor="false" isStatic="false" isGetter="false" isSetter="false">
              <Summary numSequencePoints="41" visitedSequencePoints="18" numBranchPoints="0" visitedBranchPoints="0" sequenceCoverage="43.90" branchCoverage="0" maxCyclomaticComplexity="0" minCyclomaticComplexity="0" maxCrapScore="0" minCrapScore="0" visitedClasses="0" numClasses="0" visitedMethods="1" numMethods="1" />
              <MetadataToken>100663321</MetadataToken>
              <Name>System.Void scr_CharacterController::StopGame()</Name>
              <FileRef uid="2" />
              <SequencePoints>
                <SequencePoint vc="1" uspid="15380" ordinal="0" offset="0" sl="503" sc="5" el="503" ec="5" bec="0" bev="0" fileid="2" />
                <SequencePoint vc="1" uspid="15381" ordinal="0" offset="1" sl="504" sc="9" el="504" ec="9" bec="0" bev="0" fileid="2" />
                <SequencePoint vc="0" uspid="15382" ordinal="0" offset="16" sl="504" sc="28" el="504" ec="28" bec="0" bev="0" fileid="2" />
                <SequencePoint vc="1" uspid="15383" ordinal="0" offset="29" sl="506" sc="9" el="506" ec="9" bec="0" bev="0" fileid="2" />
                <SequencePoint vc="1" uspid="15384" ordinal="0" offset="45" sl="507" sc="9" el="507" ec="9" bec="0" bev="0" fileid="2" />
                <SequencePoint vc="1" uspid="15385" ordinal="0" offset="46" sl="508" sc="13" el="508" ec="13" bec="0" bev="0" fileid="2" />
                <SequencePoint vc="1" uspid="15386" ordinal="0" offset="64" sl="509" sc="13" el="509" ec="13" bec="0" bev="0" fileid="2" />
                <SequencePoint vc="1" uspid="15387" ordinal="0" offset="76" sl="510" sc="9" el="510" ec="9" bec="0" bev="0" fileid="2" />
                <SequencePoint vc="1" uspid="15388" ordinal="0" offset="77" sl="512" sc="9" el="512" ec="9" bec="0" bev="0" fileid="2" />
                <SequencePoint vc="0" uspid="15389" ordinal="0" offset="93" sl="513" sc="9" el="513" ec="9" bec="0" bev="0" fileid="2" />
                <SequencePoint vc="0" uspid="15390" ordinal="0" offset="94" sl="514" sc="13" el="514" ec="13" bec="0" bev="0" fileid="2" />
                <SequencePoint vc="0" uspid="15391" ordinal="0" offset="112" sl="515" sc="13" el="515" ec="13" bec="0" bev="0" fileid="2" />
                <SequencePoint vc="0" uspid="15392" ordinal="0" offset="135" sl="516" sc="13" el="516" ec="13" bec="0" bev="0" fileid="2" />
                <SequencePoint vc="0" uspid="15393" ordinal="0" offset="158" sl="517" sc="9" el="517" ec="9" bec="0" bev="0" fileid="2" />
                <SequencePoint vc="1" uspid="15394" ordinal="0" offset="159" sl="519" sc="9" el="519" ec="9" bec="0" bev="0" fileid="2" />
                <SequencePoint vc="0" uspid="15395" ordinal="0" offset="177" sl="520" sc="9" el="520" ec="9" bec="0" bev="0" fileid="2" />
                <SequencePoint vc="0" uspid="15396" ordinal="0" offset="178" sl="521" sc="13" el="521" ec="13" bec="0" bev="0" fileid="2" />
                <SequencePoint vc="0" uspid="15397" ordinal="0" offset="196" sl="522" sc="9" el="522" ec="9" bec="0" bev="0" fileid="2" />
                <SequencePoint vc="1" uspid="15398" ordinal="0" offset="197" sl="524" sc="9" el="524" ec="9" bec="0" bev="0" fileid="2" />
                <SequencePoint vc="1" uspid="15399" ordinal="0" offset="203" sl="526" sc="9" el="526" ec="9" bec="0" bev="0" fileid="2" />
                <SequencePoint vc="0" uspid="15400" ordinal="0" offset="221" sl="527" sc="9" el="527" ec="9" bec="0" bev="0" fileid="2" />
                <SequencePoint vc="0" uspid="15401" ordinal="0" offset="222" sl="528" sc="13" el="528" ec="13" bec="0" bev="0" fileid="2" />
                <SequencePoint vc="0" uspid="15402" ordinal="0" offset="250" sl="529" sc="13" el="529" ec="13" bec="0" bev="0" fileid="2" />
                <SequencePoint vc="0" uspid="15403" ordinal="0" offset="268" sl="530" sc="13" el="530" ec="13" bec="0" bev="0" fileid="2" />
                <SequencePoint vc="0" uspid="15404" ordinal="0" offset="291" sl="531" sc="13" el="531" ec="13" bec="0" bev="0" fileid="2" />
                <SequencePoint vc="0" uspid="15405" ordinal="0" offset="314" sl="532" sc="9" el="532" ec="9" bec="0" bev="0" fileid="2" />
                <SequencePoint vc="1" uspid="15406" ordinal="0" offset="315" sl="534" sc="9" el="534" ec="9" bec="0" bev="0" fileid="2" />
                <SequencePoint vc="0" uspid="15407" ordinal="0" offset="333" sl="535" sc="9" el="535" ec="9" bec="0" bev="0" fileid="2" />
                <SequencePoint vc="0" uspid="15408" ordinal="0" offset="334" sl="536" sc="13" el="536" ec="13" bec="0" bev="0" fileid="2" />
                <SequencePoint vc="0" uspid="15409" ordinal="0" offset="352" sl="537" sc="9" el="537" ec="9" bec="0" bev="0" fileid="2" />
                <SequencePoint vc="1" uspid="15410" ordinal="0" offset="353" sl="540" sc="9" el="540" ec="9" bec="0" bev="0" fileid="2" />
                <SequencePoint vc="1" uspid="15411" ordinal="0" offset="360" sl="541" sc="9" el="541" ec="9" bec="0" bev="0" fileid="2" />
                <SequencePoint vc="1" uspid="15412" ordinal="0" offset="367" sl="542" sc="9" el="542" ec="9" bec="0" bev="0" fileid="2" />
                <SequencePoint vc="1" uspid="15413" ordinal="0" offset="374" sl="544" sc="9" el="544" ec="9" bec="0" bev="0" fileid="2" />
                <SequencePoint vc="0" uspid="15414" ordinal="0" offset="392" sl="545" sc="9" el="545" ec="9" bec="0" bev="0" fileid="2" />
                <SequencePoint vc="0" uspid="15415" ordinal="0" offset="393" sl="546" sc="13" el="546" ec="13" bec="0" bev="0" fileid="2" />
                <SequencePoint vc="0" uspid="15416" ordinal="0" offset="411" sl="547" sc="13" el="547" ec="13" bec="0" bev="0" fileid="2" />
                <SequencePoint vc="0" uspid="15417" ordinal="0" offset="434" sl="548" sc="13" el="548" ec="13" bec="0" bev="0" fileid="2" />
                <SequencePoint vc="0" uspid="15418" ordinal="0" offset="457" sl="549" sc="9" el="549" ec="9" bec="0" bev="0" fileid="2" />
                <SequencePoint vc="1" uspid="15419" ordinal="0" offset="458" sl="551" sc="9" el="551" ec="9" bec="0" bev="0" fileid="2" />
                <SequencePoint vc="1" uspid="15420" ordinal="0" offset="465" sl="552" sc="5" el="552" ec="5" bec="0" bev="0" fileid="2" />
              </SequencePoints>
              <BranchPoints />
            </Method>
            <Method visited="true" cyclomaticComplexity="0" nPathComplexity="0" sequenceCoverage="100.0" branchCoverage="0" crapScore="0" isConstructor="false" isStatic="false" isGetter="false" isSetter="false">
              <Summary numSequencePoints="4" visitedSequencePoints="4" numBranchPoints="0" visitedBranchPoints="0" sequenceCoverage="100.0" branchCoverage="0" maxCyclomaticComplexity="0" minCyclomaticComplexity="0" maxCrapScore="0" minCrapScore="0" visitedClasses="0" numClasses="0" visitedMethods="1" numMethods="1" />
              <MetadataToken>100663323</MetadataToken>
              <Name>System.Void scr_CharacterController::Heal(System.Single)</Name>
              <FileRef uid="2" />
              <SequencePoints>
                <SequencePoint vc="2" uspid="15433" ordinal="0" offset="0" sl="570" sc="5" el="570" ec="5" bec="0" bev="0" fileid="2" />
                <SequencePoint vc="2" uspid="15434" ordinal="0" offset="1" sl="571" sc="9" el="571" ec="9" bec="0" bev="0" fileid="2" />
                <SequencePoint vc="2" uspid="15435" ordinal="0" offset="15" sl="572" sc="9" el="572" ec="9" bec="0" bev="0" fileid="2" />
                <SequencePoint vc="2" uspid="15436" ordinal="0" offset="22" sl="573" sc="5" el="573" ec="5" bec="0" bev="0" fileid="2" />
              </SequencePoints>
              <BranchPoints />
            </Method>
            <Method visited="true" cyclomaticComplexity="0" nPathComplexity="0" sequenceCoverage="85.71" branchCoverage="0" crapScore="0" isConstructor="false" isStatic="false" isGetter="false" isSetter="false">
              <Summary numSequencePoints="7" visitedSequencePoints="6" numBranchPoints="0" visitedBranchPoints="0" sequenceCoverage="85.71" branchCoverage="0" maxCyclomaticComplexity="0" minCyclomaticComplexity="0" maxCrapScore="0" minCrapScore="0" visitedClasses="0" numClasses="0" visitedMethods="1" numMethods="1" />
              <MetadataToken>100663326</MetadataToken>
              <Name>System.Void scr_CharacterController::UpdateHealth()</Name>
              <FileRef uid="2" />
              <SequencePoints>
                <SequencePoint vc="5" uspid="15447" ordinal="0" offset="0" sl="591" sc="5" el="591" ec="5" bec="0" bev="0" fileid="2" />
                <SequencePoint vc="5" uspid="15448" ordinal="0" offset="1" sl="592" sc="9" el="592" ec="9" bec="0" bev="0" fileid="2" />
                <SequencePoint vc="5" uspid="15449" ordinal="0" offset="17" sl="593" sc="9" el="593" ec="9" bec="0" bev="0" fileid="2" />
                <SequencePoint vc="5" uspid="15450" ordinal="0" offset="18" sl="594" sc="13" el="594" ec="13" bec="0" bev="0" fileid="2" />
                <SequencePoint vc="5" uspid="15451" ordinal="0" offset="29" sl="595" sc="13" el="595" ec="13" bec="0" bev="0" fileid="2" />
                <SequencePoint vc="0" uspid="15452" ordinal="0" offset="31" sl="597" sc="9" el="597" ec="9" bec="0" bev="0" fileid="2" />
                <SequencePoint vc="5" uspid="15453" ordinal="0" offset="49" sl="598" sc="5" el="598" ec="5" bec="0" bev="0" fileid="2" />
              </SequencePoints>
              <BranchPoints />
            </Method>
            <Method visited="true" cyclomaticComplexity="0" nPathComplexity="0" sequenceCoverage="100.0" branchCoverage="0" crapScore="0" isConstructor="true" isStatic="false" isGetter="false" isSetter="false">
              <Summary numSequencePoints="8" visitedSequencePoints="8" numBranchPoints="0" visitedBranchPoints="0" sequenceCoverage="100.0" branchCoverage="0" maxCyclomaticComplexity="0" minCyclomaticComplexity="0" maxCrapScore="0" minCrapScore="0" visitedClasses="0" numClasses="0" visitedMethods="1" numMethods="1" />
              <MetadataToken>100663329</MetadataToken>
              <Name>scr_CharacterController::scr_CharacterController()</Name>
              <FileRef uid="2" />
              <SequencePoints>
                <SequencePoint vc="11" uspid="15469" ordinal="0" offset="0" sl="45" sc="5" el="45" ec="5" bec="0" bev="0" fileid="2" />
                <SequencePoint vc="11" uspid="15470" ordinal="0" offset="11" sl="46" sc="5" el="46" ec="5" bec="0" bev="0" fileid="2" />
                <SequencePoint vc="11" uspid="15471" ordinal="0" offset="22" sl="50" sc="5" el="50" ec="5" bec="0" bev="0" fileid="2" />
                <SequencePoint vc="11" uspid="15472" ordinal="0" offset="33" sl="51" sc="5" el="51" ec="5" bec="0" bev="0" fileid="2" />
                <SequencePoint vc="11" uspid="15473" ordinal="0" offset="44" sl="52" sc="5" el="52" ec="5" bec="0" bev="0" fileid="2" />
                <SequencePoint vc="11" uspid="15474" ordinal="0" offset="55" sl="72" sc="5" el="72" ec="5" bec="0" bev="0" fileid="2" />
                <SequencePoint vc="11" uspid="15475" ordinal="0" offset="66" sl="105" sc="5" el="105" ec="5" bec="0" bev="0" fileid="2" />
                <SequencePoint vc="11" uspid="15476" ordinal="0" offset="77" sl="108" sc="5" el="108" ec="5" bec="0" bev="0" fileid="2" />
              </SequencePoints>
              <BranchPoints />
            </Method>
          </Methods>
        </Class>
        <Class>
          <Summary numSequencePoints="1" visitedSequencePoints="1" numBranchPoints="0" visitedBranchPoints="0" sequenceCoverage="100.0" branchCoverage="0.0" maxCyclomaticComplexity="0" minCyclomaticComplexity="0" maxCrapScore="0" minCrapScore="0" visitedClasses="1" numClasses="1" visitedMethods="1" numMethods="1" />
          <FullName>scr_GameOver</FullName>
          <Methods>
            <Method visited="true" cyclomaticComplexity="0" nPathComplexity="0" sequenceCoverage="100.0" branchCoverage="0" crapScore="0" isConstructor="true" isStatic="false" isGetter="false" isSetter="false">
              <Summary numSequencePoints="1" visitedSequencePoints="1" numBranchPoints="0" visitedBranchPoints="0" sequenceCoverage="100.0" branchCoverage="0" maxCyclomaticComplexity="0" minCyclomaticComplexity="0" maxCrapScore="0" minCrapScore="0" visitedClasses="0" numClasses="0" visitedMethods="1" numMethods="1" />
              <MetadataToken>100663413</MetadataToken>
              <Name>scr_GameOver::scr_GameOver()</Name>
              <FileRef uid="14" />
              <SequencePoints>
                <SequencePoint vc="11" uspid="15850" ordinal="0" offset="0" sl="26" sc="5" el="26" ec="5" bec="0" bev="0" fileid="14" />
              </SequencePoints>
              <BranchPoints />
            </Method>
          </Methods>
        </Class>
        <Class>
          <Summary numSequencePoints="13" visitedSequencePoints="13" numBranchPoints="0" visitedBranchPoints="0" sequenceCoverage="100.0" branchCoverage="0.0" maxCyclomaticComplexity="0" minCyclomaticComplexity="0" maxCrapScore="0" minCrapScore="0" visitedClasses="1" numClasses="1" visitedMethods="4" numMethods="4" />
          <FullName>src_ScoreScript</FullName>
          <Methods>
            <Method visited="true" cyclomaticComplexity="0" nPathComplexity="0" sequenceCoverage="100.0" branchCoverage="0" crapScore="0" isConstructor="false" isStatic="true" isGetter="false" isSetter="false">
              <Summary numSequencePoints="3" visitedSequencePoints="3" numBranchPoints="0" visitedBranchPoints="0" sequenceCoverage="100.0" branchCoverage="0" maxCyclomaticComplexity="0" minCyclomaticComplexity="0" maxCrapScore="0" minCrapScore="0" visitedClasses="0" numClasses="0" visitedMethods="1" numMethods="1" />
              <MetadataToken>100663435</MetadataToken>
              <Name>static System.Int32 src_ScoreScript::GetScore()</Name>
              <FileRef uid="18" />
              <SequencePoints>
                <SequencePoint vc="1" uspid="15944" ordinal="0" offset="0" sl="30" sc="5" el="30" ec="5" bec="0" bev="0" fileid="18" />
                <SequencePoint vc="1" uspid="15945" ordinal="0" offset="1" sl="31" sc="9" el="31" ec="9" bec="0" bev="0" fileid="18" />
                <SequencePoint vc="1" uspid="15946" ordinal="0" offset="9" sl="32" sc="5" el="32" ec="5" bec="0" bev="0" fileid="18" />
              </SequencePoints>
              <BranchPoints />
            </Method>
            <Method visited="true" cyclomaticComplexity="0" nPathComplexity="0" sequenceCoverage="100.0" branchCoverage="0" crapScore="0" isConstructor="false" isStatic="false" isGetter="false" isSetter="false">
              <Summary numSequencePoints="3" visitedSequencePoints="3" numBranchPoints="0" visitedBranchPoints="0" sequenceCoverage="100.0" branchCoverage="0" maxCyclomaticComplexity="0" minCyclomaticComplexity="0" maxCrapScore="0" minCrapScore="0" visitedClasses="0" numClasses="0" visitedMethods="1" numMethods="1" />
              <MetadataToken>100663436</MetadataToken>
              <Name>System.Int32 src_ScoreScript::GetScoreValue()</Name>
              <FileRef uid="18" />
              <SequencePoints>
                <SequencePoint vc="1" uspid="15947" ordinal="0" offset="0" sl="35" sc="5" el="35" ec="5" bec="0" bev="0" fileid="18" />
                <SequencePoint vc="1" uspid="15948" ordinal="0" offset="1" sl="36" sc="9" el="36" ec="9" bec="0" bev="0" fileid="18" />
                <SequencePoint vc="1" uspid="15949" ordinal="0" offset="9" sl="37" sc="5" el="37" ec="5" bec="0" bev="0" fileid="18" />
              </SequencePoints>
              <BranchPoints />
            </Method>
            <Method visited="true" cyclomaticComplexity="0" nPathComplexity="0" sequenceCoverage="100.0" branchCoverage="0" crapScore="0" isConstructor="false" isStatic="true" isGetter="false" isSetter="false">
              <Summary numSequencePoints="3" visitedSequencePoints="3" numBranchPoints="0" visitedBranchPoints="0" sequenceCoverage="100.0" branchCoverage="0" maxCyclomaticComplexity="0" minCyclomaticComplexity="0" maxCrapScore="0" minCrapScore="0" visitedClasses="0" numClasses="0" visitedMethods="1" numMethods="1" />
              <MetadataToken>100663437</MetadataToken>
              <Name>static System.Void src_ScoreScript::SetScore(System.Int32)</Name>
              <FileRef uid="18" />
              <SequencePoints>
                <SequencePoint vc="1" uspid="15950" ordinal="0" offset="0" sl="40" sc="5" el="40" ec="5" bec="0" bev="0" fileid="18" />
                <SequencePoint vc="1" uspid="15951" ordinal="0" offset="1" sl="41" sc="9" el="41" ec="9" bec="0" bev="0" fileid="18" />
                <SequencePoint vc="1" uspid="15952" ordinal="0" offset="7" sl="42" sc="5" el="42" ec="5" bec="0" bev="0" fileid="18" />
              </SequencePoints>
              <BranchPoints />
            </Method>
            <Method visited="true" cyclomaticComplexity="0" nPathComplexity="0" sequenceCoverage="100.0" branchCoverage="0" crapScore="0" isConstructor="false" isStatic="false" isGetter="false" isSetter="false">
              <Summary numSequencePoints="4" visitedSequencePoints="4" numBranchPoints="0" visitedBranchPoints="0" sequenceCoverage="100.0" branchCoverage="0" maxCyclomaticComplexity="0" minCyclomaticComplexity="0" maxCrapScore="0" minCrapScore="0" visitedClasses="0" numClasses="0" visitedMethods="1" numMethods="1" />
              <MetadataToken>100663440</MetadataToken>
              <Name>System.Void src_ScoreScript::IncreaseScoreValue(System.Int32)</Name>
              <FileRef uid="18" />
              <SequencePoints>
                <SequencePoint vc="1" uspid="15960" ordinal="0" offset="0" sl="56" sc="5" el="56" ec="5" bec="0" bev="0" fileid="18" />
                <SequencePoint vc="1" uspid="15961" ordinal="0" offset="1" sl="57" sc="9" el="57" ec="9" bec="0" bev="0" fileid="18" />
                <SequencePoint vc="1" uspid="15962" ordinal="0" offset="12" sl="58" sc="9" el="58" ec="9" bec="0" bev="0" fileid="18" />
                <SequencePoint vc="1" uspid="15963" ordinal="0" offset="24" sl="59" sc="5" el="59" ec="5" bec="0" bev="0" fileid="18" />
              </SequencePoints>
              <BranchPoints />
            </Method>
          </Methods>
        </Class>
        <Class>
          <Summary numSequencePoints="2" visitedSequencePoints="2" numBranchPoints="0" visitedBranchPoints="0" sequenceCoverage="100.0" branchCoverage="0.0" maxCyclomaticComplexity="0" minCyclomaticComplexity="0" maxCrapScore="0" minCrapScore="0" visitedClasses="1" numClasses="1" visitedMethods="1" numMethods="1" />
          <FullName>scr_CustomBullet</FullName>
          <Methods>
            <Method visited="true" cyclomaticComplexity="0" nPathComplexity="0" sequenceCoverage="100.0" branchCoverage="0" crapScore="0" isConstructor="true" isStatic="false" isGetter="false" isSetter="false">
              <Summary numSequencePoints="2" visitedSequencePoints="2" numBranchPoints="0" visitedBranchPoints="0" sequenceCoverage="100.0" branchCoverage="0" maxCyclomaticComplexity="0" minCyclomaticComplexity="0" maxCrapScore="0" minCrapScore="0" visitedClasses="0" numClasses="0" visitedMethods="1" numMethods="1" />
              <MetadataToken>100663450</MetadataToken>
              <Name>scr_CustomBullet::scr_CustomBullet()</Name>
              <FileRef uid="19" />
              <SequencePoints>
                <SequencePoint vc="2" uspid="16045" ordinal="0" offset="0" sl="22" sc="5" el="22" ec="5" bec="0" bev="0" fileid="19" />
                <SequencePoint vc="2" uspid="16046" ordinal="0" offset="7" sl="31" sc="5" el="31" ec="5" bec="0" bev="0" fileid="19" />
              </SequencePoints>
              <BranchPoints />
            </Method>
          </Methods>
        </Class>
        <Class>
          <Summary numSequencePoints="29" visitedSequencePoints="25" numBranchPoints="0" visitedBranchPoints="0" sequenceCoverage="86.21" branchCoverage="0.0" maxCyclomaticComplexity="0" minCyclomaticComplexity="0" maxCrapScore="0" minCrapScore="0" visitedClasses="1" numClasses="1" visitedMethods="2" numMethods="2" />
          <FullName>scr_PickupController</FullName>
          <Methods>
            <Method visited="true" cyclomaticComplexity="0" nPathComplexity="0" sequenceCoverage="86.36" branchCoverage="0" crapScore="0" isConstructor="false" isStatic="false" isGetter="false" isSetter="false">
              <Summary numSequencePoints="22" visitedSequencePoints="19" numBranchPoints="0" visitedBranchPoints="0" sequenceCoverage="86.36" branchCoverage="0" maxCyclomaticComplexity="0" minCyclomaticComplexity="0" maxCrapScore="0" minCrapScore="0" visitedClasses="0" numClasses="0" visitedMethods="1" numMethods="1" />
              <MetadataToken>100663454</MetadataToken>
              <Name>System.Void scr_PickupController::Drop(UnityEngine.Transform)</Name>
              <FileRef uid="20" />
              <SequencePoints>
                <SequencePoint vc="1" uspid="16079" ordinal="0" offset="0" sl="62" sc="5" el="62" ec="5" bec="0" bev="0" fileid="20" />
                <SequencePoint vc="1" uspid="16080" ordinal="0" offset="1" sl="63" sc="9" el="63" ec="9" bec="0" bev="0" fileid="20" />
                <SequencePoint vc="0" uspid="16081" ordinal="0" offset="34" sl="64" sc="9" el="64" ec="9" bec="0" bev="0" fileid="20" />
                <SequencePoint vc="0" uspid="16082" ordinal="0" offset="35" sl="65" sc="13" el="65" ec="13" bec="0" bev="0" fileid="20" />
                <SequencePoint vc="0" uspid="16083" ordinal="0" offset="46" sl="66" sc="13" el="66" ec="13" bec="0" bev="0" fileid="20" />
                <SequencePoint vc="1" uspid="16084" ordinal="0" offset="51" sl="68" sc="9" el="68" ec="9" bec="0" bev="0" fileid="20" />
                <SequencePoint vc="1" uspid="16085" ordinal="0" offset="64" sl="69" sc="9" el="69" ec="9" bec="0" bev="0" fileid="20" />
                <SequencePoint vc="1" uspid="16086" ordinal="0" offset="65" sl="70" sc="13" el="70" ec="13" bec="0" bev="0" fileid="20" />
                <SequencePoint vc="1" uspid="16087" ordinal="0" offset="72" sl="71" sc="13" el="71" ec="13" bec="0" bev="0" fileid="20" />
                <SequencePoint vc="1" uspid="16088" ordinal="0" offset="90" sl="72" sc="13" el="72" ec="13" bec="0" bev="0" fileid="20" />
                <SequencePoint vc="1" uspid="16089" ordinal="0" offset="102" sl="74" sc="13" el="74" ec="13" bec="0" bev="0" fileid="20" />
                <SequencePoint vc="1" uspid="16090" ordinal="0" offset="115" sl="75" sc="13" el="75" ec="13" bec="0" bev="0" fileid="20" />
                <SequencePoint vc="1" uspid="16091" ordinal="0" offset="128" sl="76" sc="13" el="76" ec="13" bec="0" bev="0" fileid="20" />
                <SequencePoint vc="1" uspid="16092" ordinal="0" offset="141" sl="78" sc="13" el="78" ec="13" bec="0" bev="0" fileid="20" />
                <SequencePoint vc="1" uspid="16093" ordinal="0" offset="169" sl="80" sc="13" el="80" ec="13" bec="0" bev="0" fileid="20" />
                <SequencePoint vc="1" uspid="16094" ordinal="0" offset="199" sl="81" sc="13" el="81" ec="13" bec="0" bev="0" fileid="20" />
                <SequencePoint vc="1" uspid="16095" ordinal="0" offset="229" sl="83" sc="13" el="83" ec="13" bec="0" bev="0" fileid="20" />
                <SequencePoint vc="1" uspid="16096" ordinal="0" offset="245" sl="84" sc="13" el="84" ec="13" bec="0" bev="0" fileid="20" />
                <SequencePoint vc="1" uspid="16097" ordinal="0" offset="275" sl="86" sc="13" el="86" ec="13" bec="0" bev="0" fileid="20" />
                <SequencePoint vc="1" uspid="16098" ordinal="0" offset="288" sl="88" sc="13" el="88" ec="13" bec="0" bev="0" fileid="20" />
                <SequencePoint vc="1" uspid="16099" ordinal="0" offset="295" sl="89" sc="9" el="89" ec="9" bec="0" bev="0" fileid="20" />
                <SequencePoint vc="1" uspid="16100" ordinal="0" offset="296" sl="90" sc="5" el="90" ec="5" bec="0" bev="0" fileid="20" />
              </SequencePoints>
              <BranchPoints />
            </Method>
            <Method visited="true" cyclomaticComplexity="0" nPathComplexity="0" sequenceCoverage="85.71" branchCoverage="0" crapScore="0" isConstructor="false" isStatic="false" isGetter="false" isSetter="false">
              <Summary numSequencePoints="7" visitedSequencePoints="6" numBranchPoints="0" visitedBranchPoints="0" sequenceCoverage="85.71" branchCoverage="0" maxCyclomaticComplexity="0" minCyclomaticComplexity="0" maxCrapScore="0" minCrapScore="0" visitedClasses="0" numClasses="0" visitedMethods="1" numMethods="1" />
              <MetadataToken>100663455</MetadataToken>
              <Name>System.Void scr_PickupController::UpdateAmmoText()</Name>
              <FileRef uid="20" />
              <SequencePoints>
                <SequencePoint vc="1" uspid="16101" ordinal="0" offset="0" sl="93" sc="5" el="93" ec="5" bec="0" bev="0" fileid="20" />
                <SequencePoint vc="1" uspid="16102" ordinal="0" offset="1" sl="94" sc="9" el="94" ec="9" bec="0" bev="0" fileid="20" />
                <SequencePoint vc="1" uspid="16103" ordinal="0" offset="22" sl="95" sc="9" el="95" ec="9" bec="0" bev="0" fileid="20" />
                <SequencePoint vc="1" uspid="16104" ordinal="0" offset="23" sl="96" sc="13" el="96" ec="13" bec="0" bev="0" fileid="20" />
                <SequencePoint vc="1" uspid="16105" ordinal="0" offset="34" sl="97" sc="13" el="97" ec="13" bec="0" bev="0" fileid="20" />
                <SequencePoint vc="0" uspid="16106" ordinal="0" offset="36" sl="99" sc="9" el="99" ec="9" bec="0" bev="0" fileid="20" />
                <SequencePoint vc="1" uspid="16107" ordinal="0" offset="58" sl="100" sc="5" el="100" ec="5" bec="0" bev="0" fileid="20" />
              </SequencePoints>
              <BranchPoints />
            </Method>
          </Methods>
        </Class>
        <Class>
          <Summary numSequencePoints="5" visitedSequencePoints="5" numBranchPoints="0" visitedBranchPoints="0" sequenceCoverage="100.0" branchCoverage="0.0" maxCyclomaticComplexity="0" minCyclomaticComplexity="0" maxCrapScore="0" minCrapScore="0" visitedClasses="1" numClasses="1" visitedMethods="1" numMethods="1" />
          <FullName>scr_WeaponController</FullName>
          <Methods>
            <Method visited="true" cyclomaticComplexity="0" nPathComplexity="0" sequenceCoverage="100.0" branchCoverage="0" crapScore="0" isConstructor="true" isStatic="false" isGetter="false" isSetter="false">
              <Summary numSequencePoints="5" visitedSequencePoints="5" numBranchPoints="0" visitedBranchPoints="0" sequenceCoverage="100.0" branchCoverage="0" maxCyclomaticComplexity="0" minCyclomaticComplexity="0" maxCrapScore="0" minCrapScore="0" visitedClasses="0" numClasses="0" visitedMethods="1" numMethods="1" />
              <MetadataToken>100663478</MetadataToken>
              <Name>scr_WeaponController::scr_WeaponController()</Name>
              <FileRef uid="22" />
              <SequencePoints>
                <SequencePoint vc="22" uspid="16343" ordinal="0" offset="0" sl="45" sc="5" el="45" ec="5" bec="0" bev="0" fileid="22" />
                <SequencePoint vc="22" uspid="16344" ordinal="0" offset="11" sl="46" sc="5" el="46" ec="5" bec="0" bev="0" fileid="22" />
                <SequencePoint vc="22" uspid="16345" ordinal="0" offset="22" sl="47" sc="5" el="47" ec="5" bec="0" bev="0" fileid="22" />
                <SequencePoint vc="22" uspid="16346" ordinal="0" offset="33" sl="48" sc="5" el="48" ec="5" bec="0" bev="0" fileid="22" />
                <SequencePoint vc="22" uspid="16347" ordinal="0" offset="44" sl="90" sc="5" el="90" ec="5" bec="0" bev="0" fileid="22" />
              </SequencePoints>
              <BranchPoints />
            </Method>
          </Methods>
        </Class>
        <Class>
          <Summary numSequencePoints="1" visitedSequencePoints="1" numBranchPoints="0" visitedBranchPoints="0" sequenceCoverage="100.0" branchCoverage="0.0" maxCyclomaticComplexity="0" minCyclomaticComplexity="0" maxCrapScore="0" minCrapScore="0" visitedClasses="1" numClasses="1" visitedMethods="1" numMethods="1" />
          <FullName>scr_Models/PlayerSettingsModel</FullName>
          <Methods>
            <Method visited="true" cyclomaticComplexity="0" nPathComplexity="0" sequenceCoverage="100.0" branchCoverage="0" crapScore="0" isConstructor="true" isStatic="false" isGetter="false" isSetter="false">
              <Summary numSequencePoints="1" visitedSequencePoints="1" numBranchPoints="0" visitedBranchPoints="0" sequenceCoverage="100.0" branchCoverage="0" maxCyclomaticComplexity="0" minCyclomaticComplexity="0" maxCrapScore="0" minCrapScore="0" visitedClasses="0" numClasses="0" visitedMethods="1" numMethods="1" />
              <MetadataToken>100663534</MetadataToken>
              <Name>scr_Models/PlayerSettingsModel::PlayerSettingsModel()</Name>
              <FileRef uid="23" />
              <SequencePoints>
                <SequencePoint vc="11" uspid="16502" ordinal="0" offset="0" sl="47" sc="9" el="47" ec="9" bec="0" bev="0" fileid="23" />
              </SequencePoints>
              <BranchPoints />
            </Method>
          </Methods>
        </Class>
      </Classes>
    </Module>
  </Modules>
</CoverageSession>