<?xml version="1.0" encoding="utf-8"?>
<CoverageSession xmlns:xsd="http://www.w3.org/2001/XMLSchema" xmlns:xsi="http://www.w3.org/2001/XMLSchema-instance" Version="0.0.0.0">
  <Summary numSequencePoints="957" visitedSequencePoints="788" numBranchPoints="0" visitedBranchPoints="0" sequenceCoverage="82.34" branchCoverage="0.0" maxCyclomaticComplexity="0" minCyclomaticComplexity="0" maxCrapScore="0" minCrapScore="0" visitedClasses="28" numClasses="28" visitedMethods="109" numMethods="109" />
  <Modules>
    <Module>
      <Summary numSequencePoints="758" visitedSequencePoints="589" numBranchPoints="0" visitedBranchPoints="0" sequenceCoverage="77.70" branchCoverage="0.0" maxCyclomaticComplexity="0" minCyclomaticComplexity="0" maxCrapScore="0" minCrapScore="0" visitedClasses="12" numClasses="12" visitedMethods="87" numMethods="87" />
      <ModuleTime>0001-01-01T00:00:00</ModuleTime>
      <ModuleName>ScriptDefinition</ModuleName>
      <Files>
        <File uid="2" fullPath="D:/Unity Projects/Github/TestGame/Assets/Scripts/Character/scr_CharacterController.cs" />
        <File uid="3" fullPath="D:/Unity Projects/Github/TestGame/Assets/Scripts/Enemy/scr_EnemyAi.cs" />
        <File uid="4" fullPath="D:/Unity Projects/Github/TestGame/Assets/Scripts/Enemy/scr_EnemyBase.cs" />
        <File uid="5" fullPath="D:/Unity Projects/Github/TestGame/Assets/Scripts/Enemy/scr_EnemyTargetController.cs" />
        <File uid="6" fullPath="D:/Unity Projects/Github/TestGame/Assets/Scripts/Inputs/DefaultInput.cs" />
        <File uid="7" fullPath="D:/Unity Projects/Github/TestGame/Assets/Scripts/Objects/scr_ButtonController.cs" />
        <File uid="8" fullPath="D:/Unity Projects/Github/TestGame/Assets/Scripts/Objects/scr_ElectricCrystal.cs" />
        <File uid="9" fullPath="D:/Unity Projects/Github/TestGame/Assets/Scripts/Objects/scr_HealthCrystal.cs" />
        <File uid="10" fullPath="D:/Unity Projects/Github/TestGame/Assets/Scripts/Objects/scr_HordeController.cs" />
        <File uid="11" fullPath="D:/Unity Projects/Github/TestGame/Assets/Scripts/Objects/scr_ShotEffect.cs" />
        <File uid="12" fullPath="D:/Unity Projects/Github/TestGame/Assets/Scripts/Objects/scr_vfxDestroy.cs" />
        <File uid="13" fullPath="D:/Unity Projects/Github/TestGame/Assets/Scripts/Sound/SoundManagerScript.cs" />
        <File uid="14" fullPath="D:/Unity Projects/Github/TestGame/Assets/Scripts/UI/scr_GameOver.cs" />
        <File uid="15" fullPath="D:/Unity Projects/Github/TestGame/Assets/Scripts/UI/scr_HealthBarFade.cs" />
        <File uid="16" fullPath="D:/Unity Projects/Github/TestGame/Assets/Scripts/UI/scr_MainMenuController.cs" />
        <File uid="17" fullPath="D:/Unity Projects/Github/TestGame/Assets/Scripts/UI/scr_Scenes.cs" />
        <File uid="18" fullPath="D:/Unity Projects/Github/TestGame/Assets/Scripts/UI/src_ScoreScript.cs" />
        <File uid="19" fullPath="D:/Unity Projects/Github/TestGame/Assets/Scripts/Weapons/scr_CustomBullet.cs" />
        <File uid="20" fullPath="D:/Unity Projects/Github/TestGame/Assets/Scripts/Weapons/scr_PickupController.cs" />
        <File uid="21" fullPath="D:/Unity Projects/Github/TestGame/Assets/Scripts/Weapons/scr_RaycastWeapon.cs" />
        <File uid="22" fullPath="D:/Unity Projects/Github/TestGame/Assets/Scripts/Weapons/scr_WeaponController.cs" />
        <File uid="23" fullPath="D:/Unity Projects/Github/TestGame/Assets/Scripts/scr_Models.cs" />
      </Files>
      <Classes>
        <Class>
          <Summary numSequencePoints="265" visitedSequencePoints="206" numBranchPoints="0" visitedBranchPoints="0" sequenceCoverage="77.74" branchCoverage="0.0" maxCyclomaticComplexity="0" minCyclomaticComplexity="0" maxCrapScore="0" minCrapScore="0" visitedClasses="1" numClasses="1" visitedMethods="23" numMethods="23" />
          <FullName>scr_CharacterController</FullName>
          <Methods>
            <Method visited="true" cyclomaticComplexity="0" nPathComplexity="0" sequenceCoverage="78.79" branchCoverage="0" crapScore="0" isConstructor="false" isStatic="false" isGetter="false" isSetter="false">
              <Summary numSequencePoints="33" visitedSequencePoints="26" numBranchPoints="0" visitedBranchPoints="0" sequenceCoverage="78.79" branchCoverage="0" maxCyclomaticComplexity="0" minCyclomaticComplexity="0" maxCrapScore="0" minCrapScore="0" visitedClasses="0" numClasses="0" visitedMethods="1" numMethods="1" />
              <MetadataToken>100663297</MetadataToken>
              <Name>System.Void scr_CharacterController::Awake()</Name>
              <FileRef uid="2" />
              <SequencePoints>
                <SequencePoint vc="14" uspid="1756" ordinal="0" offset="0" sl="116" sc="5" el="116" ec="5" bec="0" bev="0" fileid="2" />
                <SequencePoint vc="14" uspid="1757" ordinal="0" offset="1" sl="117" sc="9" el="117" ec="9" bec="0" bev="0" fileid="2" />
                <SequencePoint vc="14" uspid="1758" ordinal="0" offset="12" sl="119" sc="9" el="119" ec="9" bec="0" bev="0" fileid="2" />
                <SequencePoint vc="14" uspid="1759" ordinal="0" offset="49" sl="120" sc="9" el="120" ec="9" bec="0" bev="0" fileid="2" />
                <SequencePoint vc="14" uspid="1760" ordinal="0" offset="86" sl="121" sc="9" el="121" ec="9" bec="0" bev="0" fileid="2" />
                <SequencePoint vc="14" uspid="1761" ordinal="0" offset="123" sl="122" sc="9" el="122" ec="9" bec="0" bev="0" fileid="2" />
                <SequencePoint vc="14" uspid="1762" ordinal="0" offset="160" sl="123" sc="9" el="123" ec="9" bec="0" bev="0" fileid="2" />
                <SequencePoint vc="14" uspid="1763" ordinal="0" offset="197" sl="124" sc="9" el="124" ec="9" bec="0" bev="0" fileid="2" />
                <SequencePoint vc="14" uspid="1764" ordinal="0" offset="234" sl="125" sc="9" el="125" ec="9" bec="0" bev="0" fileid="2" />
                <SequencePoint vc="14" uspid="1765" ordinal="0" offset="271" sl="127" sc="9" el="127" ec="9" bec="0" bev="0" fileid="2" />
                <SequencePoint vc="14" uspid="1766" ordinal="0" offset="308" sl="128" sc="9" el="128" ec="9" bec="0" bev="0" fileid="2" />
                <SequencePoint vc="14" uspid="1767" ordinal="0" offset="345" sl="130" sc="9" el="130" ec="9" bec="0" bev="0" fileid="2" />
                <SequencePoint vc="14" uspid="1768" ordinal="0" offset="382" sl="131" sc="9" el="131" ec="9" bec="0" bev="0" fileid="2" />
                <SequencePoint vc="14" uspid="1769" ordinal="0" offset="419" sl="133" sc="9" el="133" ec="9" bec="0" bev="0" fileid="2" />
                <SequencePoint vc="14" uspid="1770" ordinal="0" offset="431" sl="135" sc="9" el="135" ec="9" bec="0" bev="0" fileid="2" />
                <SequencePoint vc="14" uspid="1771" ordinal="0" offset="432" sl="135" sc="29" el="135" ec="29" bec="0" bev="0" fileid="2" />
                <SequencePoint vc="0" uspid="1772" ordinal="0" offset="446" sl="135" sc="18" el="135" ec="18" bec="0" bev="0" fileid="2" />
                <SequencePoint vc="0" uspid="1773" ordinal="0" offset="454" sl="136" sc="9" el="136" ec="9" bec="0" bev="0" fileid="2" />
                <SequencePoint vc="0" uspid="1774" ordinal="0" offset="455" sl="137" sc="13" el="137" ec="13" bec="0" bev="0" fileid="2" />
                <SequencePoint vc="0" uspid="1775" ordinal="0" offset="479" sl="138" sc="9" el="138" ec="9" bec="0" bev="0" fileid="2" />
                <SequencePoint vc="14" uspid="1776" ordinal="0" offset="480" sl="135" sc="26" el="135" ec="26" bec="0" bev="0" fileid="2" />
                <SequencePoint vc="14" uspid="1777" ordinal="0" offset="506" sl="143" sc="9" el="143" ec="9" bec="0" bev="0" fileid="2" />
                <SequencePoint vc="14" uspid="1778" ordinal="0" offset="532" sl="144" sc="9" el="144" ec="9" bec="0" bev="0" fileid="2" />
                <SequencePoint vc="14" uspid="1779" ordinal="0" offset="558" sl="146" sc="9" el="146" ec="9" bec="0" bev="0" fileid="2" />
                <SequencePoint vc="14" uspid="1780" ordinal="0" offset="570" sl="148" sc="9" el="148" ec="9" bec="0" bev="0" fileid="2" />
                <SequencePoint vc="14" uspid="1781" ordinal="0" offset="592" sl="150" sc="9" el="150" ec="9" bec="0" bev="0" fileid="2" />
                <SequencePoint vc="14" uspid="1782" ordinal="0" offset="599" sl="151" sc="9" el="151" ec="9" bec="0" bev="0" fileid="2" />
                <SequencePoint vc="14" uspid="1783" ordinal="0" offset="606" sl="153" sc="9" el="153" ec="9" bec="0" bev="0" fileid="2" />
                <SequencePoint vc="14" uspid="1784" ordinal="0" offset="618" sl="155" sc="9" el="155" ec="9" bec="0" bev="0" fileid="2" />
                <SequencePoint vc="0" uspid="1785" ordinal="0" offset="635" sl="156" sc="9" el="156" ec="9" bec="0" bev="0" fileid="2" />
                <SequencePoint vc="0" uspid="1786" ordinal="0" offset="636" sl="157" sc="13" el="157" ec="13" bec="0" bev="0" fileid="2" />
                <SequencePoint vc="0" uspid="1787" ordinal="0" offset="649" sl="158" sc="9" el="158" ec="9" bec="0" bev="0" fileid="2" />
                <SequencePoint vc="14" uspid="1788" ordinal="0" offset="650" sl="159" sc="5" el="159" ec="5" bec="0" bev="0" fileid="2" />
              </SequencePoints>
              <BranchPoints />
            </Method>
            <Method visited="true" cyclomaticComplexity="0" nPathComplexity="0" sequenceCoverage="100.0" branchCoverage="0" crapScore="0" isConstructor="false" isStatic="false" isGetter="false" isSetter="false">
              <Summary numSequencePoints="12" visitedSequencePoints="12" numBranchPoints="0" visitedBranchPoints="0" sequenceCoverage="100.0" branchCoverage="0" maxCyclomaticComplexity="0" minCyclomaticComplexity="0" maxCrapScore="0" minCrapScore="0" visitedClasses="0" numClasses="0" visitedMethods="1" numMethods="1" />
              <MetadataToken>100663298</MetadataToken>
              <Name>System.Void scr_CharacterController::Update()</Name>
              <FileRef uid="2" />
              <SequencePoints>
                <SequencePoint vc="1423" uspid="1789" ordinal="0" offset="0" sl="163" sc="5" el="163" ec="5" bec="0" bev="0" fileid="2" />
                <SequencePoint vc="1423" uspid="1790" ordinal="0" offset="1" sl="164" sc="9" el="164" ec="9" bec="0" bev="0" fileid="2" />
                <SequencePoint vc="1423" uspid="1791" ordinal="0" offset="14" sl="165" sc="9" el="165" ec="9" bec="0" bev="0" fileid="2" />
                <SequencePoint vc="1423" uspid="1792" ordinal="0" offset="15" sl="166" sc="13" el="166" ec="13" bec="0" bev="0" fileid="2" />
                <SequencePoint vc="1423" uspid="1793" ordinal="0" offset="22" sl="167" sc="13" el="167" ec="13" bec="0" bev="0" fileid="2" />
                <SequencePoint vc="1423" uspid="1794" ordinal="0" offset="29" sl="169" sc="13" el="169" ec="13" bec="0" bev="0" fileid="2" />
                <SequencePoint vc="1423" uspid="1795" ordinal="0" offset="36" sl="170" sc="13" el="170" ec="13" bec="0" bev="0" fileid="2" />
                <SequencePoint vc="1423" uspid="1796" ordinal="0" offset="43" sl="171" sc="13" el="171" ec="13" bec="0" bev="0" fileid="2" />
                <SequencePoint vc="1423" uspid="1797" ordinal="0" offset="50" sl="172" sc="13" el="172" ec="13" bec="0" bev="0" fileid="2" />
                <SequencePoint vc="1423" uspid="1798" ordinal="0" offset="57" sl="176" sc="13" el="176" ec="13" bec="0" bev="0" fileid="2" />
                <SequencePoint vc="1423" uspid="1799" ordinal="0" offset="80" sl="177" sc="9" el="177" ec="9" bec="0" bev="0" fileid="2" />
                <SequencePoint vc="1423" uspid="1800" ordinal="0" offset="81" sl="178" sc="5" el="178" ec="5" bec="0" bev="0" fileid="2" />
              </SequencePoints>
              <BranchPoints />
            </Method>
            <Method visited="true" cyclomaticComplexity="0" nPathComplexity="0" sequenceCoverage="100.0" branchCoverage="0" crapScore="0" isConstructor="false" isStatic="false" isGetter="false" isSetter="false">
              <Summary numSequencePoints="4" visitedSequencePoints="4" numBranchPoints="0" visitedBranchPoints="0" sequenceCoverage="100.0" branchCoverage="0" maxCyclomaticComplexity="0" minCyclomaticComplexity="0" maxCrapScore="0" minCrapScore="0" visitedClasses="0" numClasses="0" visitedMethods="1" numMethods="1" />
              <MetadataToken>100663299</MetadataToken>
              <Name>System.Void scr_CharacterController::FixedUpdate()</Name>
              <FileRef uid="2" />
              <SequencePoints>
                <SequencePoint vc="737" uspid="1801" ordinal="0" offset="0" sl="180" sc="5" el="180" ec="5" bec="0" bev="0" fileid="2" />
                <SequencePoint vc="737" uspid="1802" ordinal="0" offset="1" sl="181" sc="9" el="181" ec="9" bec="0" bev="0" fileid="2" />
                <SequencePoint vc="737" uspid="1803" ordinal="0" offset="8" sl="182" sc="9" el="182" ec="9" bec="0" bev="0" fileid="2" />
                <SequencePoint vc="737" uspid="1804" ordinal="0" offset="15" sl="183" sc="5" el="183" ec="5" bec="0" bev="0" fileid="2" />
              </SequencePoints>
              <BranchPoints />
            </Method>
            <Method visited="true" cyclomaticComplexity="0" nPathComplexity="0" sequenceCoverage="100.0" branchCoverage="0" crapScore="0" isConstructor="false" isStatic="false" isGetter="false" isSetter="false">
              <Summary numSequencePoints="6" visitedSequencePoints="6" numBranchPoints="0" visitedBranchPoints="0" sequenceCoverage="100.0" branchCoverage="0" maxCyclomaticComplexity="0" minCyclomaticComplexity="0" maxCrapScore="0" minCrapScore="0" visitedClasses="0" numClasses="0" visitedMethods="1" numMethods="1" />
              <MetadataToken>100663300</MetadataToken>
              <Name>System.Void scr_CharacterController::Start()</Name>
              <FileRef uid="2" />
              <SequencePoints>
                <SequencePoint vc="14" uspid="1805" ordinal="0" offset="0" sl="186" sc="5" el="186" ec="5" bec="0" bev="0" fileid="2" />
                <SequencePoint vc="14" uspid="1806" ordinal="0" offset="1" sl="187" sc="9" el="187" ec="9" bec="0" bev="0" fileid="2" />
                <SequencePoint vc="14" uspid="1807" ordinal="0" offset="12" sl="188" sc="9" el="188" ec="9" bec="0" bev="0" fileid="2" />
                <SequencePoint vc="14" uspid="1808" ordinal="0" offset="25" sl="189" sc="9" el="189" ec="9" bec="0" bev="0" fileid="2" />
                <SequencePoint vc="14" uspid="1809" ordinal="0" offset="32" sl="190" sc="9" el="190" ec="9" bec="0" bev="0" fileid="2" />
                <SequencePoint vc="14" uspid="1810" ordinal="0" offset="39" sl="191" sc="5" el="191" ec="5" bec="0" bev="0" fileid="2" />
              </SequencePoints>
              <BranchPoints />
            </Method>
            <Method visited="true" cyclomaticComplexity="0" nPathComplexity="0" sequenceCoverage="100.0" branchCoverage="0" crapScore="0" isConstructor="false" isStatic="false" isGetter="false" isSetter="false">
              <Summary numSequencePoints="6" visitedSequencePoints="6" numBranchPoints="0" visitedBranchPoints="0" sequenceCoverage="100.0" branchCoverage="0" maxCyclomaticComplexity="0" minCyclomaticComplexity="0" maxCrapScore="0" minCrapScore="0" visitedClasses="0" numClasses="0" visitedMethods="1" numMethods="1" />
              <MetadataToken>100663303</MetadataToken>
              <Name>System.Void scr_CharacterController::CalculateAimingIn()</Name>
              <FileRef uid="2" />
              <SequencePoints>
                <SequencePoint vc="1423" uspid="1818" ordinal="0" offset="0" sl="204" sc="5" el="204" ec="5" bec="0" bev="0" fileid="2" />
                <SequencePoint vc="1423" uspid="1819" ordinal="0" offset="1" sl="205" sc="9" el="205" ec="9" bec="0" bev="0" fileid="2" />
                <SequencePoint vc="1328" uspid="1820" ordinal="0" offset="19" sl="206" sc="9" el="206" ec="9" bec="0" bev="0" fileid="2" />
                <SequencePoint vc="1328" uspid="1821" ordinal="0" offset="20" sl="207" sc="13" el="207" ec="13" bec="0" bev="0" fileid="2" />
                <SequencePoint vc="95" uspid="1822" ordinal="0" offset="22" sl="209" sc="9" el="209" ec="9" bec="0" bev="0" fileid="2" />
                <SequencePoint vc="1423" uspid="1823" ordinal="0" offset="39" sl="210" sc="5" el="210" ec="5" bec="0" bev="0" fileid="2" />
              </SequencePoints>
              <BranchPoints />
            </Method>
            <Method visited="true" cyclomaticComplexity="0" nPathComplexity="0" sequenceCoverage="100.0" branchCoverage="0" crapScore="0" isConstructor="false" isStatic="false" isGetter="false" isSetter="false">
              <Summary numSequencePoints="5" visitedSequencePoints="5" numBranchPoints="0" visitedBranchPoints="0" sequenceCoverage="100.0" branchCoverage="0" maxCyclomaticComplexity="0" minCyclomaticComplexity="0" maxCrapScore="0" minCrapScore="0" visitedClasses="0" numClasses="0" visitedMethods="1" numMethods="1" />
              <MetadataToken>100663304</MetadataToken>
              <Name>System.Void scr_CharacterController::SetIsGrounded()</Name>
              <FileRef uid="2" />
              <SequencePoints>
                <SequencePoint vc="1423" uspid="1824" ordinal="0" offset="0" sl="214" sc="5" el="214" ec="5" bec="0" bev="0" fileid="2" />
                <SequencePoint vc="1423" uspid="1825" ordinal="0" offset="1" sl="215" sc="9" el="215" ec="9" bec="0" bev="0" fileid="2" />
                <SequencePoint vc="1423" uspid="1826" ordinal="0" offset="45" sl="217" sc="9" el="217" ec="9" bec="0" bev="0" fileid="2" />
                <SequencePoint vc="698" uspid="1827" ordinal="0" offset="55" sl="217" sc="24" el="217" ec="24" bec="0" bev="0" fileid="2" />
                <SequencePoint vc="1423" uspid="1828" ordinal="0" offset="62" sl="218" sc="5" el="218" ec="5" bec="0" bev="0" fileid="2" />
              </SequencePoints>
              <BranchPoints />
            </Method>
            <Method visited="true" cyclomaticComplexity="0" nPathComplexity="0" sequenceCoverage="100.0" branchCoverage="0" crapScore="0" isConstructor="false" isStatic="false" isGetter="false" isSetter="false">
              <Summary numSequencePoints="3" visitedSequencePoints="3" numBranchPoints="0" visitedBranchPoints="0" sequenceCoverage="100.0" branchCoverage="0" maxCyclomaticComplexity="0" minCyclomaticComplexity="0" maxCrapScore="0" minCrapScore="0" visitedClasses="0" numClasses="0" visitedMethods="1" numMethods="1" />
              <MetadataToken>100663305</MetadataToken>
              <Name>System.Void scr_CharacterController::SetIsFalling()</Name>
              <FileRef uid="2" />
              <SequencePoints>
                <SequencePoint vc="1423" uspid="1829" ordinal="0" offset="0" sl="220" sc="5" el="220" ec="5" bec="0" bev="0" fileid="2" />
                <SequencePoint vc="1423" uspid="1830" ordinal="0" offset="1" sl="221" sc="9" el="221" ec="9" bec="0" bev="0" fileid="2" />
                <SequencePoint vc="1423" uspid="1831" ordinal="0" offset="50" sl="222" sc="5" el="222" ec="5" bec="0" bev="0" fileid="2" />
              </SequencePoints>
              <BranchPoints />
            </Method>
            <Method visited="true" cyclomaticComplexity="0" nPathComplexity="0" sequenceCoverage="100.0" branchCoverage="0" crapScore="0" isConstructor="false" isStatic="false" isGetter="false" isSetter="false">
              <Summary numSequencePoints="7" visitedSequencePoints="7" numBranchPoints="0" visitedBranchPoints="0" sequenceCoverage="100.0" branchCoverage="0" maxCyclomaticComplexity="0" minCyclomaticComplexity="0" maxCrapScore="0" minCrapScore="0" visitedClasses="0" numClasses="0" visitedMethods="1" numMethods="1" />
              <MetadataToken>100663306</MetadataToken>
              <Name>System.Void scr_CharacterController::CalculateView()</Name>
              <FileRef uid="2" />
              <SequencePoints>
                <SequencePoint vc="1423" uspid="1832" ordinal="0" offset="0" sl="226" sc="5" el="226" ec="5" bec="0" bev="0" fileid="2" />
                <SequencePoint vc="1423" uspid="1833" ordinal="0" offset="1" sl="227" sc="9" el="227" ec="9" bec="0" bev="0" fileid="2" />
                <SequencePoint vc="1423" uspid="1834" ordinal="0" offset="105" sl="228" sc="9" el="228" ec="9" bec="0" bev="0" fileid="2" />
                <SequencePoint vc="1423" uspid="1835" ordinal="0" offset="128" sl="230" sc="9" el="230" ec="9" bec="0" bev="0" fileid="2" />
                <SequencePoint vc="1423" uspid="1836" ordinal="0" offset="232" sl="231" sc="9" el="231" ec="9" bec="0" bev="0" fileid="2" />
                <SequencePoint vc="1423" uspid="1837" ordinal="0" offset="271" sl="232" sc="9" el="232" ec="9" bec="0" bev="0" fileid="2" />
                <SequencePoint vc="1423" uspid="1838" ordinal="0" offset="294" sl="233" sc="5" el="233" ec="5" bec="0" bev="0" fileid="2" />
              </SequencePoints>
              <BranchPoints />
            </Method>
            <Method visited="true" cyclomaticComplexity="0" nPathComplexity="0" sequenceCoverage="82.69" branchCoverage="0" crapScore="0" isConstructor="false" isStatic="false" isGetter="false" isSetter="false">
              <Summary numSequencePoints="52" visitedSequencePoints="43" numBranchPoints="0" visitedBranchPoints="0" sequenceCoverage="82.69" branchCoverage="0" maxCyclomaticComplexity="0" minCyclomaticComplexity="0" maxCrapScore="0" minCrapScore="0" visitedClasses="0" numClasses="0" visitedMethods="1" numMethods="1" />
              <MetadataToken>100663307</MetadataToken>
              <Name>System.Void scr_CharacterController::CalculateMovement()</Name>
              <FileRef uid="2" />
              <SequencePoints>
                <SequencePoint vc="737" uspid="1839" ordinal="0" offset="0" sl="235" sc="5" el="235" ec="5" bec="0" bev="0" fileid="2" />
                <SequencePoint vc="737" uspid="1840" ordinal="0" offset="1" sl="236" sc="9" el="236" ec="9" bec="0" bev="0" fileid="2" />
                <SequencePoint vc="586" uspid="1841" ordinal="0" offset="26" sl="237" sc="9" el="237" ec="9" bec="0" bev="0" fileid="2" />
                <SequencePoint vc="586" uspid="1842" ordinal="0" offset="27" sl="238" sc="13" el="238" ec="13" bec="0" bev="0" fileid="2" />
                <SequencePoint vc="586" uspid="1843" ordinal="0" offset="34" sl="239" sc="9" el="239" ec="9" bec="0" bev="0" fileid="2" />
                <SequencePoint vc="737" uspid="1844" ordinal="0" offset="35" sl="241" sc="9" el="241" ec="9" bec="0" bev="0" fileid="2" />
                <SequencePoint vc="737" uspid="1845" ordinal="0" offset="47" sl="242" sc="9" el="242" ec="9" bec="0" bev="0" fileid="2" />
                <SequencePoint vc="737" uspid="1846" ordinal="0" offset="59" sl="244" sc="9" el="244" ec="9" bec="0" bev="0" fileid="2" />
                <SequencePoint vc="51" uspid="1847" ordinal="0" offset="71" sl="245" sc="9" el="245" ec="9" bec="0" bev="0" fileid="2" />
                <SequencePoint vc="51" uspid="1848" ordinal="0" offset="72" sl="246" sc="13" el="246" ec="13" bec="0" bev="0" fileid="2" />
                <SequencePoint vc="51" uspid="1849" ordinal="0" offset="84" sl="247" sc="13" el="247" ec="13" bec="0" bev="0" fileid="2" />
                <SequencePoint vc="51" uspid="1850" ordinal="0" offset="96" sl="248" sc="9" el="248" ec="9" bec="0" bev="0" fileid="2" />
                <SequencePoint vc="737" uspid="1851" ordinal="0" offset="97" sl="250" sc="9" el="250" ec="9" bec="0" bev="0" fileid="2" />
                <SequencePoint vc="387" uspid="1852" ordinal="0" offset="112" sl="251" sc="9" el="251" ec="9" bec="0" bev="0" fileid="2" />
                <SequencePoint vc="387" uspid="1853" ordinal="0" offset="113" sl="252" sc="13" el="252" ec="13" bec="0" bev="0" fileid="2" />
                <SequencePoint vc="387" uspid="1854" ordinal="0" offset="135" sl="253" sc="9" el="253" ec="9" bec="0" bev="0" fileid="2" />
                <SequencePoint vc="350" uspid="1855" ordinal="0" offset="141" sl="254" sc="14" el="254" ec="14" bec="0" bev="0" fileid="2" />
                <SequencePoint vc="0" uspid="1856" ordinal="0" offset="156" sl="255" sc="9" el="255" ec="9" bec="0" bev="0" fileid="2" />
                <SequencePoint vc="0" uspid="1857" ordinal="0" offset="157" sl="256" sc="13" el="256" ec="13" bec="0" bev="0" fileid="2" />
                <SequencePoint vc="0" uspid="1858" ordinal="0" offset="179" sl="257" sc="9" el="257" ec="9" bec="0" bev="0" fileid="2" />
                <SequencePoint vc="350" uspid="1859" ordinal="0" offset="182" sl="258" sc="14" el="258" ec="14" bec="0" bev="0" fileid="2" />
                <SequencePoint vc="0" uspid="1860" ordinal="0" offset="197" sl="259" sc="9" el="259" ec="9" bec="0" bev="0" fileid="2" />
                <SequencePoint vc="0" uspid="1861" ordinal="0" offset="198" sl="260" sc="13" el="260" ec="13" bec="0" bev="0" fileid="2" />
                <SequencePoint vc="0" uspid="1862" ordinal="0" offset="220" sl="261" sc="9" el="261" ec="9" bec="0" bev="0" fileid="2" />
                <SequencePoint vc="350" uspid="1863" ordinal="0" offset="223" sl="262" sc="14" el="262" ec="14" bec="0" bev="0" fileid="2" />
                <SequencePoint vc="0" uspid="1864" ordinal="0" offset="235" sl="263" sc="9" el="263" ec="9" bec="0" bev="0" fileid="2" />
                <SequencePoint vc="0" uspid="1865" ordinal="0" offset="236" sl="264" sc="13" el="264" ec="13" bec="0" bev="0" fileid="2" />
                <SequencePoint vc="0" uspid="1866" ordinal="0" offset="258" sl="265" sc="9" el="265" ec="9" bec="0" bev="0" fileid="2" />
                <SequencePoint vc="350" uspid="1867" ordinal="0" offset="261" sl="267" sc="9" el="267" ec="9" bec="0" bev="0" fileid="2" />
                <SequencePoint vc="350" uspid="1868" ordinal="0" offset="262" sl="268" sc="13" el="268" ec="13" bec="0" bev="0" fileid="2" />
                <SequencePoint vc="350" uspid="1869" ordinal="0" offset="278" sl="269" sc="9" el="269" ec="9" bec="0" bev="0" fileid="2" />
                <SequencePoint vc="737" uspid="1870" ordinal="0" offset="279" sl="271" sc="9" el="271" ec="9" bec="0" bev="0" fileid="2" />
                <SequencePoint vc="737" uspid="1871" ordinal="0" offset="329" sl="272" sc="9" el="272" ec="9" bec="0" bev="0" fileid="2" />
                <SequencePoint vc="33" uspid="1872" ordinal="0" offset="348" sl="273" sc="9" el="273" ec="9" bec="0" bev="0" fileid="2" />
                <SequencePoint vc="33" uspid="1873" ordinal="0" offset="349" sl="274" sc="13" el="274" ec="13" bec="0" bev="0" fileid="2" />
                <SequencePoint vc="33" uspid="1874" ordinal="0" offset="360" sl="275" sc="9" el="275" ec="9" bec="0" bev="0" fileid="2" />
                <SequencePoint vc="737" uspid="1875" ordinal="0" offset="361" sl="277" sc="9" el="277" ec="9" bec="0" bev="0" fileid="2" />
                <SequencePoint vc="737" uspid="1876" ordinal="0" offset="375" sl="278" sc="9" el="278" ec="9" bec="0" bev="0" fileid="2" />
                <SequencePoint vc="737" uspid="1877" ordinal="0" offset="389" sl="280" sc="9" el="280" ec="9" bec="0" bev="0" fileid="2" />
                <SequencePoint vc="737" uspid="1878" ordinal="0" offset="492" sl="286" sc="9" el="286" ec="9" bec="0" bev="0" fileid="2" />
                <SequencePoint vc="737" uspid="1879" ordinal="0" offset="510" sl="288" sc="9" el="288" ec="9" bec="0" bev="0" fileid="2" />
                <SequencePoint vc="737" uspid="1880" ordinal="0" offset="530" sl="289" sc="9" el="289" ec="9" bec="0" bev="0" fileid="2" />
                <SequencePoint vc="737" uspid="1881" ordinal="0" offset="531" sl="290" sc="13" el="290" ec="13" bec="0" bev="0" fileid="2" />
                <SequencePoint vc="737" uspid="1882" ordinal="0" offset="556" sl="291" sc="9" el="291" ec="9" bec="0" bev="0" fileid="2" />
                <SequencePoint vc="737" uspid="1883" ordinal="0" offset="557" sl="293" sc="9" el="293" ec="9" bec="0" bev="0" fileid="2" />
                <SequencePoint vc="290" uspid="1884" ordinal="0" offset="585" sl="294" sc="9" el="294" ec="9" bec="0" bev="0" fileid="2" />
                <SequencePoint vc="290" uspid="1885" ordinal="0" offset="586" sl="295" sc="13" el="295" ec="13" bec="0" bev="0" fileid="2" />
                <SequencePoint vc="290" uspid="1886" ordinal="0" offset="597" sl="296" sc="9" el="296" ec="9" bec="0" bev="0" fileid="2" />
                <SequencePoint vc="737" uspid="1887" ordinal="0" offset="598" sl="298" sc="8" el="298" ec="8" bec="0" bev="0" fileid="2" />
                <SequencePoint vc="737" uspid="1888" ordinal="0" offset="615" sl="299" sc="8" el="299" ec="8" bec="0" bev="0" fileid="2" />
                <SequencePoint vc="737" uspid="1889" ordinal="0" offset="643" sl="301" sc="9" el="301" ec="9" bec="0" bev="0" fileid="2" />
                <SequencePoint vc="737" uspid="1890" ordinal="0" offset="656" sl="302" sc="5" el="302" ec="5" bec="0" bev="0" fileid="2" />
              </SequencePoints>
              <BranchPoints />
            </Method>
            <Method visited="true" cyclomaticComplexity="0" nPathComplexity="0" sequenceCoverage="100.0" branchCoverage="0" crapScore="0" isConstructor="false" isStatic="false" isGetter="false" isSetter="false">
              <Summary numSequencePoints="3" visitedSequencePoints="3" numBranchPoints="0" visitedBranchPoints="0" sequenceCoverage="100.0" branchCoverage="0" maxCyclomaticComplexity="0" minCyclomaticComplexity="0" maxCrapScore="0" minCrapScore="0" visitedClasses="0" numClasses="0" visitedMethods="1" numMethods="1" />
              <MetadataToken>100663308</MetadataToken>
              <Name>System.Void scr_CharacterController::CalculateJump()</Name>
              <FileRef uid="2" />
              <SequencePoints>
                <SequencePoint vc="1423" uspid="1891" ordinal="0" offset="0" sl="306" sc="5" el="306" ec="5" bec="0" bev="0" fileid="2" />
                <SequencePoint vc="1423" uspid="1892" ordinal="0" offset="1" sl="307" sc="9" el="307" ec="9" bec="0" bev="0" fileid="2" />
                <SequencePoint vc="1423" uspid="1893" ordinal="0" offset="40" sl="308" sc="5" el="308" ec="5" bec="0" bev="0" fileid="2" />
              </SequencePoints>
              <BranchPoints />
            </Method>
            <Method visited="true" cyclomaticComplexity="0" nPathComplexity="0" sequenceCoverage="44.44" branchCoverage="0" crapScore="0" isConstructor="false" isStatic="false" isGetter="false" isSetter="false">
              <Summary numSequencePoints="18" visitedSequencePoints="8" numBranchPoints="0" visitedBranchPoints="0" sequenceCoverage="44.44" branchCoverage="0" maxCyclomaticComplexity="0" minCyclomaticComplexity="0" maxCrapScore="0" minCrapScore="0" visitedClasses="0" numClasses="0" visitedMethods="1" numMethods="1" />
              <MetadataToken>100663309</MetadataToken>
              <Name>System.Void scr_CharacterController::JumpPressed()</Name>
              <FileRef uid="2" />
              <SequencePoints>
                <SequencePoint vc="1" uspid="1894" ordinal="0" offset="0" sl="310" sc="5" el="310" ec="5" bec="0" bev="0" fileid="2" />
                <SequencePoint vc="1" uspid="1895" ordinal="0" offset="1" sl="311" sc="9" el="311" ec="9" bec="0" bev="0" fileid="2" />
                <SequencePoint vc="0" uspid="1896" ordinal="0" offset="36" sl="312" sc="9" el="312" ec="9" bec="0" bev="0" fileid="2" />
                <SequencePoint vc="0" uspid="1897" ordinal="0" offset="37" sl="313" sc="13" el="313" ec="13" bec="0" bev="0" fileid="2" />
                <SequencePoint vc="1" uspid="1898" ordinal="0" offset="42" sl="315" sc="9" el="315" ec="9" bec="0" bev="0" fileid="2" />
                <SequencePoint vc="0" uspid="1899" ordinal="0" offset="55" sl="316" sc="9" el="316" ec="9" bec="0" bev="0" fileid="2" />
                <SequencePoint vc="0" uspid="1900" ordinal="0" offset="56" sl="317" sc="13" el="317" ec="13" bec="0" bev="0" fileid="2" />
                <SequencePoint vc="0" uspid="1901" ordinal="0" offset="82" sl="318" sc="13" el="318" ec="13" bec="0" bev="0" fileid="2" />
                <SequencePoint vc="0" uspid="1902" ordinal="0" offset="83" sl="319" sc="17" el="319" ec="17" bec="0" bev="0" fileid="2" />
                <SequencePoint vc="0" uspid="1903" ordinal="0" offset="85" sl="321" sc="13" el="321" ec="13" bec="0" bev="0" fileid="2" />
                <SequencePoint vc="0" uspid="1904" ordinal="0" offset="92" sl="322" sc="13" el="322" ec="13" bec="0" bev="0" fileid="2" />
                <SequencePoint vc="1" uspid="1905" ordinal="0" offset="94" sl="326" sc="9" el="326" ec="9" bec="0" bev="0" fileid="2" />
                <SequencePoint vc="1" uspid="1906" ordinal="0" offset="121" sl="327" sc="9" el="327" ec="9" bec="0" bev="0" fileid="2" />
                <SequencePoint vc="1" uspid="1907" ordinal="0" offset="132" sl="328" sc="9" el="328" ec="9" bec="0" bev="0" fileid="2" />
                <SequencePoint vc="1" uspid="1908" ordinal="0" offset="146" sl="329" sc="9" el="329" ec="9" bec="0" bev="0" fileid="2" />
                <SequencePoint vc="0" uspid="1909" ordinal="0" offset="161" sl="330" sc="13" el="330" ec="13" bec="0" bev="0" fileid="2" />
                <SequencePoint vc="0" uspid="1910" ordinal="0" offset="178" sl="331" sc="17" el="331" ec="17" bec="0" bev="0" fileid="2" />
                <SequencePoint vc="1" uspid="1911" ordinal="0" offset="190" sl="332" sc="5" el="332" ec="5" bec="0" bev="0" fileid="2" />
              </SequencePoints>
              <BranchPoints />
            </Method>
            <Method visited="true" cyclomaticComplexity="0" nPathComplexity="0" sequenceCoverage="60.00" branchCoverage="0" crapScore="0" isConstructor="false" isStatic="false" isGetter="false" isSetter="false">
              <Summary numSequencePoints="15" visitedSequencePoints="9" numBranchPoints="0" visitedBranchPoints="0" sequenceCoverage="60.00" branchCoverage="0" maxCyclomaticComplexity="0" minCyclomaticComplexity="0" maxCrapScore="0" minCrapScore="0" visitedClasses="0" numClasses="0" visitedMethods="1" numMethods="1" />
              <MetadataToken>100663310</MetadataToken>
              <Name>System.Void scr_CharacterController::CalculateStance()</Name>
              <FileRef uid="2" />
              <SequencePoints>
                <SequencePoint vc="1423" uspid="1912" ordinal="0" offset="0" sl="336" sc="5" el="336" ec="5" bec="0" bev="0" fileid="2" />
                <SequencePoint vc="1423" uspid="1913" ordinal="0" offset="1" sl="337" sc="9" el="337" ec="9" bec="0" bev="0" fileid="2" />
                <SequencePoint vc="1423" uspid="1914" ordinal="0" offset="8" sl="338" sc="9" el="338" ec="9" bec="0" bev="0" fileid="2" />
                <SequencePoint vc="0" uspid="1915" ordinal="0" offset="21" sl="339" sc="9" el="339" ec="9" bec="0" bev="0" fileid="2" />
                <SequencePoint vc="0" uspid="1916" ordinal="0" offset="22" sl="340" sc="13" el="340" ec="13" bec="0" bev="0" fileid="2" />
                <SequencePoint vc="0" uspid="1917" ordinal="0" offset="29" sl="341" sc="9" el="341" ec="9" bec="0" bev="0" fileid="2" />
                <SequencePoint vc="1423" uspid="1918" ordinal="0" offset="32" sl="342" sc="14" el="342" ec="14" bec="0" bev="0" fileid="2" />
                <SequencePoint vc="0" uspid="1919" ordinal="0" offset="45" sl="343" sc="9" el="343" ec="9" bec="0" bev="0" fileid="2" />
                <SequencePoint vc="0" uspid="1920" ordinal="0" offset="46" sl="344" sc="13" el="344" ec="13" bec="0" bev="0" fileid="2" />
                <SequencePoint vc="0" uspid="1921" ordinal="0" offset="53" sl="345" sc="9" el="345" ec="9" bec="0" bev="0" fileid="2" />
                <SequencePoint vc="1423" uspid="1922" ordinal="0" offset="54" sl="347" sc="9" el="347" ec="9" bec="0" bev="0" fileid="2" />
                <SequencePoint vc="1423" uspid="1923" ordinal="0" offset="99" sl="349" sc="9" el="349" ec="9" bec="0" bev="0" fileid="2" />
                <SequencePoint vc="1423" uspid="1924" ordinal="0" offset="154" sl="350" sc="9" el="350" ec="9" bec="0" bev="0" fileid="2" />
                <SequencePoint vc="1423" uspid="1925" ordinal="0" offset="205" sl="351" sc="9" el="351" ec="9" bec="0" bev="0" fileid="2" />
                <SequencePoint vc="1423" uspid="1926" ordinal="0" offset="256" sl="352" sc="5" el="352" ec="5" bec="0" bev="0" fileid="2" />
              </SequencePoints>
              <BranchPoints />
            </Method>
            <Method visited="true" cyclomaticComplexity="0" nPathComplexity="0" sequenceCoverage="100.0" branchCoverage="0" crapScore="0" isConstructor="false" isStatic="false" isGetter="false" isSetter="false">
              <Summary numSequencePoints="5" visitedSequencePoints="5" numBranchPoints="0" visitedBranchPoints="0" sequenceCoverage="100.0" branchCoverage="0" maxCyclomaticComplexity="0" minCyclomaticComplexity="0" maxCrapScore="0" minCrapScore="0" visitedClasses="0" numClasses="0" visitedMethods="1" numMethods="1" />
              <MetadataToken>100663313</MetadataToken>
              <Name>System.Boolean scr_CharacterController::StanceCheck(System.Single)</Name>
              <FileRef uid="2" />
              <SequencePoints>
                <SequencePoint vc="1423" uspid="1943" ordinal="0" offset="0" sl="377" sc="5" el="377" ec="5" bec="0" bev="0" fileid="2" />
                <SequencePoint vc="1423" uspid="1944" ordinal="0" offset="1" sl="378" sc="9" el="378" ec="9" bec="0" bev="0" fileid="2" />
                <SequencePoint vc="1423" uspid="1945" ordinal="0" offset="75" sl="379" sc="9" el="379" ec="9" bec="0" bev="0" fileid="2" />
                <SequencePoint vc="1423" uspid="1946" ordinal="0" offset="151" sl="381" sc="9" el="381" ec="9" bec="0" bev="0" fileid="2" />
                <SequencePoint vc="1423" uspid="1947" ordinal="0" offset="183" sl="382" sc="5" el="382" ec="5" bec="0" bev="0" fileid="2" />
              </SequencePoints>
              <BranchPoints />
            </Method>
            <Method visited="true" cyclomaticComplexity="0" nPathComplexity="0" sequenceCoverage="57.14" branchCoverage="0" crapScore="0" isConstructor="false" isStatic="false" isGetter="false" isSetter="false">
              <Summary numSequencePoints="7" visitedSequencePoints="4" numBranchPoints="0" visitedBranchPoints="0" sequenceCoverage="57.14" branchCoverage="0" maxCyclomaticComplexity="0" minCyclomaticComplexity="0" maxCrapScore="0" minCrapScore="0" visitedClasses="0" numClasses="0" visitedMethods="1" numMethods="1" />
              <MetadataToken>100663314</MetadataToken>
              <Name>System.Void scr_CharacterController::ToggleSprint()</Name>
              <FileRef uid="2" />
              <SequencePoints>
                <SequencePoint vc="1" uspid="1948" ordinal="0" offset="0" sl="385" sc="5" el="385" ec="5" bec="0" bev="0" fileid="2" />
                <SequencePoint vc="1" uspid="1949" ordinal="0" offset="1" sl="386" sc="9" el="386" ec="9" bec="0" bev="0" fileid="2" />
                <SequencePoint vc="0" uspid="1950" ordinal="0" offset="40" sl="387" sc="9" el="387" ec="9" bec="0" bev="0" fileid="2" />
                <SequencePoint vc="0" uspid="1951" ordinal="0" offset="41" sl="388" sc="13" el="388" ec="13" bec="0" bev="0" fileid="2" />
                <SequencePoint vc="0" uspid="1952" ordinal="0" offset="48" sl="389" sc="13" el="389" ec="13" bec="0" bev="0" fileid="2" />
                <SequencePoint vc="1" uspid="1953" ordinal="0" offset="50" sl="391" sc="9" el="391" ec="9" bec="0" bev="0" fileid="2" />
                <SequencePoint vc="1" uspid="1954" ordinal="0" offset="65" sl="392" sc="5" el="392" ec="5" bec="0" bev="0" fileid="2" />
              </SequencePoints>
              <BranchPoints />
            </Method>
            <Method visited="true" cyclomaticComplexity="0" nPathComplexity="0" sequenceCoverage="70.97" branchCoverage="0" crapScore="0" isConstructor="false" isStatic="false" isGetter="false" isSetter="false">
              <Summary numSequencePoints="31" visitedSequencePoints="22" numBranchPoints="0" visitedBranchPoints="0" sequenceCoverage="70.97" branchCoverage="0" maxCyclomaticComplexity="0" minCyclomaticComplexity="0" maxCrapScore="0" minCrapScore="0" visitedClasses="0" numClasses="0" visitedMethods="1" numMethods="1" />
              <MetadataToken>100663316</MetadataToken>
              <Name>System.Void scr_CharacterController::PickUpPressed()</Name>
              <FileRef uid="2" />
              <SequencePoints>
                <SequencePoint vc="4" uspid="1961" ordinal="0" offset="0" sl="404" sc="5" el="404" ec="5" bec="0" bev="0" fileid="2" />
                <SequencePoint vc="4" uspid="1962" ordinal="0" offset="1" sl="405" sc="9" el="405" ec="9" bec="0" bev="0" fileid="2" />
                <SequencePoint vc="2" uspid="1963" ordinal="0" offset="17" sl="406" sc="9" el="406" ec="9" bec="0" bev="0" fileid="2" />
                <SequencePoint vc="2" uspid="1964" ordinal="0" offset="18" sl="407" sc="13" el="407" ec="13" bec="0" bev="0" fileid="2" />
                <SequencePoint vc="2" uspid="1965" ordinal="0" offset="29" sl="409" sc="13" el="409" ec="13" bec="0" bev="0" fileid="2" />
                <SequencePoint vc="2" uspid="1966" ordinal="0" offset="89" sl="410" sc="13" el="410" ec="13" bec="0" bev="0" fileid="2" />
                <SequencePoint vc="2" uspid="1967" ordinal="0" offset="90" sl="411" sc="17" el="411" ec="17" bec="0" bev="0" fileid="2" />
                <SequencePoint vc="2" uspid="1968" ordinal="0" offset="101" sl="412" sc="17" el="412" ec="17" bec="0" bev="0" fileid="2" />
                <SequencePoint vc="2" uspid="1969" ordinal="0" offset="124" sl="413" sc="17" el="413" ec="17" bec="0" bev="0" fileid="2" />
                <SequencePoint vc="2" uspid="1970" ordinal="0" offset="125" sl="414" sc="21" el="414" ec="21" bec="0" bev="0" fileid="2" />
                <SequencePoint vc="2" uspid="1971" ordinal="0" offset="136" sl="415" sc="21" el="415" ec="21" bec="0" bev="0" fileid="2" />
                <SequencePoint vc="2" uspid="1972" ordinal="0" offset="154" sl="416" sc="21" el="416" ec="21" bec="0" bev="0" fileid="2" />
                <SequencePoint vc="2" uspid="1973" ordinal="0" offset="172" sl="418" sc="21" el="418" ec="21" bec="0" bev="0" fileid="2" />
                <SequencePoint vc="2" uspid="1974" ordinal="0" offset="184" sl="420" sc="21" el="420" ec="21" bec="0" bev="0" fileid="2" />
                <SequencePoint vc="2" uspid="1975" ordinal="0" offset="191" sl="421" sc="17" el="421" ec="17" bec="0" bev="0" fileid="2" />
                <SequencePoint vc="2" uspid="1976" ordinal="0" offset="192" sl="422" sc="13" el="422" ec="13" bec="0" bev="0" fileid="2" />
                <SequencePoint vc="2" uspid="1977" ordinal="0" offset="193" sl="423" sc="9" el="423" ec="9" bec="0" bev="0" fileid="2" />
                <SequencePoint vc="4" uspid="1978" ordinal="0" offset="194" sl="424" sc="9" el="424" ec="9" bec="0" bev="0" fileid="2" />
                <SequencePoint vc="4" uspid="1979" ordinal="0" offset="206" sl="425" sc="9" el="425" ec="9" bec="0" bev="0" fileid="2" />
                <SequencePoint vc="4" uspid="1980" ordinal="0" offset="207" sl="426" sc="13" el="426" ec="13" bec="0" bev="0" fileid="2" />
                <SequencePoint vc="4" uspid="1981" ordinal="0" offset="218" sl="427" sc="13" el="427" ec="13" bec="0" bev="0" fileid="2" />
                <SequencePoint vc="0" uspid="1982" ordinal="0" offset="220" sl="430" sc="9" el="430" ec="9" bec="0" bev="0" fileid="2" />
                <SequencePoint vc="0" uspid="1983" ordinal="0" offset="271" sl="431" sc="9" el="431" ec="9" bec="0" bev="0" fileid="2" />
                <SequencePoint vc="0" uspid="1984" ordinal="0" offset="272" sl="432" sc="13" el="432" ec="13" bec="0" bev="0" fileid="2" />
                <SequencePoint vc="0" uspid="1985" ordinal="0" offset="284" sl="433" sc="13" el="433" ec="13" bec="0" bev="0" fileid="2" />
                <SequencePoint vc="0" uspid="1986" ordinal="0" offset="307" sl="434" sc="13" el="434" ec="13" bec="0" bev="0" fileid="2" />
                <SequencePoint vc="0" uspid="1987" ordinal="0" offset="308" sl="435" sc="17" el="435" ec="17" bec="0" bev="0" fileid="2" />
                <SequencePoint vc="0" uspid="1988" ordinal="0" offset="319" sl="436" sc="17" el="436" ec="17" bec="0" bev="0" fileid="2" />
                <SequencePoint vc="0" uspid="1989" ordinal="0" offset="337" sl="437" sc="13" el="437" ec="13" bec="0" bev="0" fileid="2" />
                <SequencePoint vc="0" uspid="1990" ordinal="0" offset="338" sl="438" sc="9" el="438" ec="9" bec="0" bev="0" fileid="2" />
                <SequencePoint vc="4" uspid="1991" ordinal="0" offset="339" sl="439" sc="5" el="439" ec="5" bec="0" bev="0" fileid="2" />
              </SequencePoints>
              <BranchPoints />
            </Method>
            <Method visited="true" cyclomaticComplexity="0" nPathComplexity="0" sequenceCoverage="80.00" branchCoverage="0" crapScore="0" isConstructor="false" isStatic="false" isGetter="false" isSetter="false">
              <Summary numSequencePoints="5" visitedSequencePoints="4" numBranchPoints="0" visitedBranchPoints="0" sequenceCoverage="80.00" branchCoverage="0" maxCyclomaticComplexity="0" minCyclomaticComplexity="0" maxCrapScore="0" minCrapScore="0" visitedClasses="0" numClasses="0" visitedMethods="1" numMethods="1" />
              <MetadataToken>100663318</MetadataToken>
              <Name>System.Void scr_CharacterController::CalculateImpact()</Name>
              <FileRef uid="2" />
              <SequencePoints>
                <SequencePoint vc="737" uspid="1999" ordinal="0" offset="0" sl="452" sc="5" el="452" ec="5" bec="0" bev="0" fileid="2" />
                <SequencePoint vc="737" uspid="2000" ordinal="0" offset="1" sl="454" sc="9" el="454" ec="9" bec="0" bev="0" fileid="2" />
                <SequencePoint vc="0" uspid="2001" ordinal="0" offset="23" sl="454" sc="38" el="454" ec="38" bec="0" bev="0" fileid="2" />
                <SequencePoint vc="737" uspid="2002" ordinal="0" offset="51" sl="456" sc="9" el="456" ec="9" bec="0" bev="0" fileid="2" />
                <SequencePoint vc="737" uspid="2003" ordinal="0" offset="84" sl="457" sc="5" el="457" ec="5" bec="0" bev="0" fileid="2" />
              </SequencePoints>
              <BranchPoints />
            </Method>
            <Method visited="true" cyclomaticComplexity="0" nPathComplexity="0" sequenceCoverage="52.00" branchCoverage="0" crapScore="0" isConstructor="false" isStatic="false" isGetter="false" isSetter="false">
              <Summary numSequencePoints="25" visitedSequencePoints="13" numBranchPoints="0" visitedBranchPoints="0" sequenceCoverage="52.00" branchCoverage="0" maxCyclomaticComplexity="0" minCyclomaticComplexity="0" maxCrapScore="0" minCrapScore="0" visitedClasses="0" numClasses="0" visitedMethods="1" numMethods="1" />
              <MetadataToken>100663320</MetadataToken>
              <Name>System.Void scr_CharacterController::TakeDamage(System.Int32, scr_Models/DamageType)</Name>
              <FileRef uid="2" />
              <SequencePoints>
                <SequencePoint vc="4" uspid="2008" ordinal="0" offset="0" sl="473" sc="5" el="473" ec="5" bec="0" bev="0" fileid="2" />
                <SequencePoint vc="4" uspid="2009" ordinal="0" offset="1" sl="474" sc="9" el="474" ec="9" bec="0" bev="0" fileid="2" />
                <SequencePoint vc="4" uspid="2010" ordinal="0" offset="16" sl="475" sc="9" el="475" ec="9" bec="0" bev="0" fileid="2" />
                <SequencePoint vc="0" uspid="2011" ordinal="0" offset="33" sl="475" sc="28" el="475" ec="28" bec="0" bev="0" fileid="2" />
                <SequencePoint vc="4" uspid="2012" ordinal="0" offset="44" sl="477" sc="9" el="477" ec="9" bec="0" bev="0" fileid="2" />
                <SequencePoint vc="0" uspid="2013" ordinal="0" offset="62" sl="478" sc="9" el="478" ec="9" bec="0" bev="0" fileid="2" />
                <SequencePoint vc="0" uspid="2014" ordinal="0" offset="63" sl="479" sc="13" el="479" ec="13" bec="0" bev="0" fileid="2" />
                <SequencePoint vc="0" uspid="2015" ordinal="0" offset="76" sl="480" sc="13" el="480" ec="13" bec="0" bev="0" fileid="2" />
                <SequencePoint vc="0" uspid="2016" ordinal="0" offset="93" sl="481" sc="13" el="481" ec="13" bec="0" bev="0" fileid="2" />
                <SequencePoint vc="0" uspid="2017" ordinal="0" offset="111" sl="483" sc="9" el="483" ec="9" bec="0" bev="0" fileid="2" />
                <SequencePoint vc="4" uspid="2018" ordinal="0" offset="112" sl="484" sc="9" el="484" ec="9" bec="0" bev="0" fileid="2" />
                <SequencePoint vc="4" uspid="2019" ordinal="0" offset="119" sl="485" sc="9" el="485" ec="9" bec="0" bev="0" fileid="2" />
                <SequencePoint vc="4" uspid="2020" ordinal="0" offset="136" sl="486" sc="9" el="486" ec="9" bec="0" bev="0" fileid="2" />
                <SequencePoint vc="4" uspid="2021" ordinal="0" offset="137" sl="487" sc="13" el="487" ec="13" bec="0" bev="0" fileid="2" />
                <SequencePoint vc="0" uspid="2022" ordinal="0" offset="155" sl="488" sc="13" el="488" ec="13" bec="0" bev="0" fileid="2" />
                <SequencePoint vc="0" uspid="2023" ordinal="0" offset="156" sl="489" sc="17" el="489" ec="17" bec="0" bev="0" fileid="2" />
                <SequencePoint vc="0" uspid="2024" ordinal="0" offset="167" sl="490" sc="17" el="490" ec="17" bec="0" bev="0" fileid="2" />
                <SequencePoint vc="4" uspid="2025" ordinal="0" offset="169" sl="492" sc="13" el="492" ec="13" bec="0" bev="0" fileid="2" />
                <SequencePoint vc="4" uspid="2026" ordinal="0" offset="187" sl="493" sc="13" el="493" ec="13" bec="0" bev="0" fileid="2" />
                <SequencePoint vc="4" uspid="2027" ordinal="0" offset="199" sl="494" sc="9" el="494" ec="9" bec="0" bev="0" fileid="2" />
                <SequencePoint vc="4" uspid="2028" ordinal="0" offset="200" sl="496" sc="9" el="496" ec="9" bec="0" bev="0" fileid="2" />
                <SequencePoint vc="0" uspid="2029" ordinal="0" offset="231" sl="497" sc="9" el="497" ec="9" bec="0" bev="0" fileid="2" />
                <SequencePoint vc="0" uspid="2030" ordinal="0" offset="232" sl="498" sc="13" el="498" ec="13" bec="0" bev="0" fileid="2" />
                <SequencePoint vc="0" uspid="2031" ordinal="0" offset="239" sl="499" sc="9" el="499" ec="9" bec="0" bev="0" fileid="2" />
                <SequencePoint vc="4" uspid="2032" ordinal="0" offset="240" sl="500" sc="5" el="500" ec="5" bec="0" bev="0" fileid="2" />
              </SequencePoints>
              <BranchPoints />
            </Method>
            <Method visited="true" cyclomaticComplexity="0" nPathComplexity="0" sequenceCoverage="85.71" branchCoverage="0" crapScore="0" isConstructor="false" isStatic="false" isGetter="false" isSetter="false">
              <Summary numSequencePoints="7" visitedSequencePoints="6" numBranchPoints="0" visitedBranchPoints="0" sequenceCoverage="85.71" branchCoverage="0" maxCyclomaticComplexity="0" minCyclomaticComplexity="0" maxCrapScore="0" minCrapScore="0" visitedClasses="0" numClasses="0" visitedMethods="1" numMethods="1" />
              <MetadataToken>100663325</MetadataToken>
              <Name>System.Void scr_CharacterController::UpdateAmmoText()</Name>
              <FileRef uid="2" />
              <SequencePoints>
                <SequencePoint vc="14" uspid="2093" ordinal="0" offset="0" sl="582" sc="5" el="582" ec="5" bec="0" bev="0" fileid="2" />
                <SequencePoint vc="14" uspid="2094" ordinal="0" offset="1" sl="583" sc="9" el="583" ec="9" bec="0" bev="0" fileid="2" />
                <SequencePoint vc="14" uspid="2095" ordinal="0" offset="17" sl="584" sc="9" el="584" ec="9" bec="0" bev="0" fileid="2" />
                <SequencePoint vc="14" uspid="2096" ordinal="0" offset="18" sl="585" sc="13" el="585" ec="13" bec="0" bev="0" fileid="2" />
                <SequencePoint vc="14" uspid="2097" ordinal="0" offset="29" sl="586" sc="13" el="586" ec="13" bec="0" bev="0" fileid="2" />
                <SequencePoint vc="0" uspid="2098" ordinal="0" offset="31" sl="588" sc="9" el="588" ec="9" bec="0" bev="0" fileid="2" />
                <SequencePoint vc="14" uspid="2099" ordinal="0" offset="48" sl="589" sc="5" el="589" ec="5" bec="0" bev="0" fileid="2" />
              </SequencePoints>
              <BranchPoints />
            </Method>
            <Method visited="true" cyclomaticComplexity="0" nPathComplexity="0" sequenceCoverage="85.71" branchCoverage="0" crapScore="0" isConstructor="false" isStatic="false" isGetter="false" isSetter="false">
              <Summary numSequencePoints="7" visitedSequencePoints="6" numBranchPoints="0" visitedBranchPoints="0" sequenceCoverage="85.71" branchCoverage="0" maxCyclomaticComplexity="0" minCyclomaticComplexity="0" maxCrapScore="0" minCrapScore="0" visitedClasses="0" numClasses="0" visitedMethods="1" numMethods="1" />
              <MetadataToken>100663326</MetadataToken>
              <Name>System.Void scr_CharacterController::UpdateHealth()</Name>
              <FileRef uid="2" />
              <SequencePoints>
                <SequencePoint vc="18" uspid="2100" ordinal="0" offset="0" sl="591" sc="5" el="591" ec="5" bec="0" bev="0" fileid="2" />
                <SequencePoint vc="18" uspid="2101" ordinal="0" offset="1" sl="592" sc="9" el="592" ec="9" bec="0" bev="0" fileid="2" />
                <SequencePoint vc="18" uspid="2102" ordinal="0" offset="17" sl="593" sc="9" el="593" ec="9" bec="0" bev="0" fileid="2" />
                <SequencePoint vc="18" uspid="2103" ordinal="0" offset="18" sl="594" sc="13" el="594" ec="13" bec="0" bev="0" fileid="2" />
                <SequencePoint vc="18" uspid="2104" ordinal="0" offset="29" sl="595" sc="13" el="595" ec="13" bec="0" bev="0" fileid="2" />
                <SequencePoint vc="0" uspid="2105" ordinal="0" offset="31" sl="597" sc="9" el="597" ec="9" bec="0" bev="0" fileid="2" />
                <SequencePoint vc="18" uspid="2106" ordinal="0" offset="49" sl="598" sc="5" el="598" ec="5" bec="0" bev="0" fileid="2" />
              </SequencePoints>
              <BranchPoints />
            </Method>
            <Method visited="true" cyclomaticComplexity="0" nPathComplexity="0" sequenceCoverage="100.0" branchCoverage="0" crapScore="0" isConstructor="false" isStatic="false" isGetter="false" isSetter="false">
              <Summary numSequencePoints="4" visitedSequencePoints="4" numBranchPoints="0" visitedBranchPoints="0" sequenceCoverage="100.0" branchCoverage="0" maxCyclomaticComplexity="0" minCyclomaticComplexity="0" maxCrapScore="0" minCrapScore="0" visitedClasses="0" numClasses="0" visitedMethods="1" numMethods="1" />
              <MetadataToken>100663328</MetadataToken>
              <Name>System.Void scr_CharacterController::OnDrawGizmos()</Name>
              <FileRef uid="2" />
              <SequencePoints>
                <SequencePoint vc="1422" uspid="2107" ordinal="0" offset="0" sl="609" sc="5" el="609" ec="5" bec="0" bev="0" fileid="2" />
                <SequencePoint vc="1422" uspid="2108" ordinal="0" offset="1" sl="610" sc="9" el="610" ec="9" bec="0" bev="0" fileid="2" />
                <SequencePoint vc="1422" uspid="2109" ordinal="0" offset="29" sl="611" sc="9" el="611" ec="9" bec="0" bev="0" fileid="2" />
                <SequencePoint vc="1422" uspid="2110" ordinal="0" offset="78" sl="612" sc="5" el="612" ec="5" bec="0" bev="0" fileid="2" />
              </SequencePoints>
              <BranchPoints />
            </Method>
            <Method visited="true" cyclomaticComplexity="0" nPathComplexity="0" sequenceCoverage="100.0" branchCoverage="0" crapScore="0" isConstructor="false" isStatic="false" isGetter="false" isSetter="false">
              <Summary numSequencePoints="1" visitedSequencePoints="1" numBranchPoints="0" visitedBranchPoints="0" sequenceCoverage="100.0" branchCoverage="0" maxCyclomaticComplexity="0" minCyclomaticComplexity="0" maxCrapScore="0" minCrapScore="0" visitedClasses="0" numClasses="0" visitedMethods="1" numMethods="1" />
              <MetadataToken>100663330</MetadataToken>
              <Name>System.Void scr_CharacterController::&lt;Awake&gt;b__61_0(UnityEngine.InputSystem.InputAction/CallbackContext)</Name>
              <FileRef uid="2" />
              <SequencePoints>
                <SequencePoint vc="35" uspid="2111" ordinal="0" offset="0" sl="119" sc="59" el="119" ec="59" bec="0" bev="0" fileid="2" />
              </SequencePoints>
              <BranchPoints />
            </Method>
            <Method visited="true" cyclomaticComplexity="0" nPathComplexity="0" sequenceCoverage="100.0" branchCoverage="0" crapScore="0" isConstructor="false" isStatic="false" isGetter="false" isSetter="false">
              <Summary numSequencePoints="1" visitedSequencePoints="1" numBranchPoints="0" visitedBranchPoints="0" sequenceCoverage="100.0" branchCoverage="0" maxCyclomaticComplexity="0" minCyclomaticComplexity="0" maxCrapScore="0" minCrapScore="0" visitedClasses="0" numClasses="0" visitedMethods="1" numMethods="1" />
              <MetadataToken>100663331</MetadataToken>
              <Name>System.Void scr_CharacterController::&lt;Awake&gt;b__61_1(UnityEngine.InputSystem.InputAction/CallbackContext)</Name>
              <FileRef uid="2" />
              <SequencePoints>
                <SequencePoint vc="2" uspid="2112" ordinal="0" offset="0" sl="120" sc="55" el="120" ec="55" bec="0" bev="0" fileid="2" />
              </SequencePoints>
              <BranchPoints />
            </Method>
            <Method visited="true" cyclomaticComplexity="0" nPathComplexity="0" sequenceCoverage="100.0" branchCoverage="0" crapScore="0" isConstructor="true" isStatic="false" isGetter="false" isSetter="false">
              <Summary numSequencePoints="8" visitedSequencePoints="8" numBranchPoints="0" visitedBranchPoints="0" sequenceCoverage="100.0" branchCoverage="0" maxCyclomaticComplexity="0" minCyclomaticComplexity="0" maxCrapScore="0" minCrapScore="0" visitedClasses="0" numClasses="0" visitedMethods="1" numMethods="1" />
              <MetadataToken>100663329</MetadataToken>
              <Name>scr_CharacterController::scr_CharacterController()</Name>
              <FileRef uid="2" />
              <SequencePoints>
                <SequencePoint vc="15" uspid="2122" ordinal="0" offset="0" sl="45" sc="5" el="45" ec="5" bec="0" bev="0" fileid="2" />
                <SequencePoint vc="15" uspid="2123" ordinal="0" offset="11" sl="46" sc="5" el="46" ec="5" bec="0" bev="0" fileid="2" />
                <SequencePoint vc="15" uspid="2124" ordinal="0" offset="22" sl="50" sc="5" el="50" ec="5" bec="0" bev="0" fileid="2" />
                <SequencePoint vc="15" uspid="2125" ordinal="0" offset="33" sl="51" sc="5" el="51" ec="5" bec="0" bev="0" fileid="2" />
                <SequencePoint vc="15" uspid="2126" ordinal="0" offset="44" sl="52" sc="5" el="52" ec="5" bec="0" bev="0" fileid="2" />
                <SequencePoint vc="15" uspid="2127" ordinal="0" offset="55" sl="72" sc="5" el="72" ec="5" bec="0" bev="0" fileid="2" />
                <SequencePoint vc="15" uspid="2128" ordinal="0" offset="66" sl="105" sc="5" el="105" ec="5" bec="0" bev="0" fileid="2" />
                <SequencePoint vc="15" uspid="2129" ordinal="0" offset="77" sl="108" sc="5" el="108" ec="5" bec="0" bev="0" fileid="2" />
              </SequencePoints>
              <BranchPoints />
            </Method>
          </Methods>
        </Class>
        <Class>
          <Summary numSequencePoints="96" visitedSequencePoints="81" numBranchPoints="0" visitedBranchPoints="0" sequenceCoverage="84.38" branchCoverage="0.0" maxCyclomaticComplexity="0" minCyclomaticComplexity="0" maxCrapScore="0" minCrapScore="0" visitedClasses="1" numClasses="1" visitedMethods="10" numMethods="10" />
          <FullName>scr_EnemyAi</FullName>
          <Methods>
            <Method visited="true" cyclomaticComplexity="0" nPathComplexity="0" sequenceCoverage="100.0" branchCoverage="0" crapScore="0" isConstructor="false" isStatic="false" isGetter="false" isSetter="false">
              <Summary numSequencePoints="6" visitedSequencePoints="6" numBranchPoints="0" visitedBranchPoints="0" sequenceCoverage="100.0" branchCoverage="0" maxCyclomaticComplexity="0" minCyclomaticComplexity="0" maxCrapScore="0" minCrapScore="0" visitedClasses="0" numClasses="0" visitedMethods="1" numMethods="1" />
              <MetadataToken>100663341</MetadataToken>
              <Name>System.Void scr_EnemyAi::Awake()</Name>
              <FileRef uid="3" />
              <SequencePoints>
                <SequencePoint vc="4" uspid="2130" ordinal="0" offset="0" sl="47" sc="5" el="47" ec="5" bec="0" bev="0" fileid="3" />
                <SequencePoint vc="4" uspid="2131" ordinal="0" offset="1" sl="48" sc="9" el="48" ec="9" bec="0" bev="0" fileid="3" />
                <SequencePoint vc="4" uspid="2132" ordinal="0" offset="12" sl="49" sc="9" el="49" ec="9" bec="0" bev="0" fileid="3" />
                <SequencePoint vc="2" uspid="2133" ordinal="0" offset="23" sl="49" sc="31" el="49" ec="31" bec="0" bev="0" fileid="3" />
                <SequencePoint vc="4" uspid="2134" ordinal="0" offset="35" sl="50" sc="9" el="50" ec="9" bec="0" bev="0" fileid="3" />
                <SequencePoint vc="4" uspid="2135" ordinal="0" offset="47" sl="51" sc="5" el="51" ec="5" bec="0" bev="0" fileid="3" />
              </SequencePoints>
              <BranchPoints />
            </Method>
            <Method visited="true" cyclomaticComplexity="0" nPathComplexity="0" sequenceCoverage="100.0" branchCoverage="0" crapScore="0" isConstructor="false" isStatic="false" isGetter="false" isSetter="false">
              <Summary numSequencePoints="13" visitedSequencePoints="13" numBranchPoints="0" visitedBranchPoints="0" sequenceCoverage="100.0" branchCoverage="0" maxCyclomaticComplexity="0" minCyclomaticComplexity="0" maxCrapScore="0" minCrapScore="0" visitedClasses="0" numClasses="0" visitedMethods="1" numMethods="1" />
              <MetadataToken>100663342</MetadataToken>
              <Name>System.Void scr_EnemyAi::Update()</Name>
              <FileRef uid="3" />
              <SequencePoints>
                <SequencePoint vc="1060" uspid="2136" ordinal="0" offset="0" sl="54" sc="5" el="54" ec="5" bec="0" bev="0" fileid="3" />
                <SequencePoint vc="1060" uspid="2137" ordinal="0" offset="1" sl="56" sc="9" el="56" ec="9" bec="0" bev="0" fileid="3" />
                <SequencePoint vc="1060" uspid="2138" ordinal="0" offset="40" sl="57" sc="9" el="57" ec="9" bec="0" bev="0" fileid="3" />
                <SequencePoint vc="1060" uspid="2139" ordinal="0" offset="79" sl="58" sc="9" el="58" ec="9" bec="0" bev="0" fileid="3" />
                <SequencePoint vc="1060" uspid="2140" ordinal="0" offset="102" sl="60" sc="9" el="60" ec="9" bec="0" bev="0" fileid="3" />
                <SequencePoint vc="576" uspid="2141" ordinal="0" offset="118" sl="60" sc="29" el="60" ec="29" bec="0" bev="0" fileid="3" />
                <SequencePoint vc="484" uspid="2142" ordinal="0" offset="120" sl="61" sc="9" el="61" ec="9" bec="0" bev="0" fileid="3" />
                <SequencePoint vc="61" uspid="2143" ordinal="0" offset="133" sl="61" sc="35" el="61" ec="35" bec="0" bev="0" fileid="3" />
                <SequencePoint vc="484" uspid="2144" ordinal="0" offset="140" sl="62" sc="9" el="62" ec="9" bec="0" bev="0" fileid="3" />
                <SequencePoint vc="137" uspid="2145" ordinal="0" offset="164" sl="62" sc="59" el="62" ec="59" bec="0" bev="0" fileid="3" />
                <SequencePoint vc="484" uspid="2146" ordinal="0" offset="171" sl="63" sc="9" el="63" ec="9" bec="0" bev="0" fileid="3" />
                <SequencePoint vc="286" uspid="2147" ordinal="0" offset="192" sl="63" sc="57" el="63" ec="57" bec="0" bev="0" fileid="3" />
                <SequencePoint vc="1060" uspid="2148" ordinal="0" offset="199" sl="64" sc="5" el="64" ec="5" bec="0" bev="0" fileid="3" />
              </SequencePoints>
              <BranchPoints />
            </Method>
            <Method visited="true" cyclomaticComplexity="0" nPathComplexity="0" sequenceCoverage="77.78" branchCoverage="0" crapScore="0" isConstructor="false" isStatic="false" isGetter="false" isSetter="false">
              <Summary numSequencePoints="9" visitedSequencePoints="7" numBranchPoints="0" visitedBranchPoints="0" sequenceCoverage="77.78" branchCoverage="0" maxCyclomaticComplexity="0" minCyclomaticComplexity="0" maxCrapScore="0" minCrapScore="0" visitedClasses="0" numClasses="0" visitedMethods="1" numMethods="1" />
              <MetadataToken>100663343</MetadataToken>
              <Name>System.Void scr_EnemyAi::Patroling()</Name>
              <FileRef uid="3" />
              <SequencePoints>
                <SequencePoint vc="61" uspid="2149" ordinal="0" offset="0" sl="67" sc="5" el="67" ec="5" bec="0" bev="0" fileid="3" />
                <SequencePoint vc="61" uspid="2150" ordinal="0" offset="1" sl="68" sc="9" el="68" ec="9" bec="0" bev="0" fileid="3" />
                <SequencePoint vc="0" uspid="2151" ordinal="0" offset="14" sl="68" sc="28" el="68" ec="28" bec="0" bev="0" fileid="3" />
                <SequencePoint vc="61" uspid="2152" ordinal="0" offset="21" sl="70" sc="9" el="70" ec="9" bec="0" bev="0" fileid="3" />
                <SequencePoint vc="61" uspid="2153" ordinal="0" offset="31" sl="71" sc="13" el="71" ec="13" bec="0" bev="0" fileid="3" />
                <SequencePoint vc="61" uspid="2154" ordinal="0" offset="49" sl="73" sc="9" el="73" ec="9" bec="0" bev="0" fileid="3" />
                <SequencePoint vc="61" uspid="2155" ordinal="0" offset="72" sl="76" sc="9" el="76" ec="9" bec="0" bev="0" fileid="3" />
                <SequencePoint vc="0" uspid="2156" ordinal="0" offset="90" sl="77" sc="13" el="77" ec="13" bec="0" bev="0" fileid="3" />
                <SequencePoint vc="61" uspid="2157" ordinal="0" offset="97" sl="78" sc="5" el="78" ec="5" bec="0" bev="0" fileid="3" />
              </SequencePoints>
              <BranchPoints />
            </Method>
            <Method visited="true" cyclomaticComplexity="0" nPathComplexity="0" sequenceCoverage="100.0" branchCoverage="0" crapScore="0" isConstructor="false" isStatic="false" isGetter="false" isSetter="false">
              <Summary numSequencePoints="4" visitedSequencePoints="4" numBranchPoints="0" visitedBranchPoints="0" sequenceCoverage="100.0" branchCoverage="0" maxCyclomaticComplexity="0" minCyclomaticComplexity="0" maxCrapScore="0" minCrapScore="0" visitedClasses="0" numClasses="0" visitedMethods="1" numMethods="1" />
              <MetadataToken>100663346</MetadataToken>
              <Name>System.Void scr_EnemyAi::ChasePlayer()</Name>
              <FileRef uid="3" />
              <SequencePoints>
                <SequencePoint vc="137" uspid="2173" ordinal="0" offset="0" sl="103" sc="5" el="103" ec="5" bec="0" bev="0" fileid="3" />
                <SequencePoint vc="137" uspid="2174" ordinal="0" offset="1" sl="104" sc="9" el="104" ec="9" bec="0" bev="0" fileid="3" />
                <SequencePoint vc="137" uspid="2175" ordinal="0" offset="24" sl="105" sc="9" el="105" ec="9" bec="0" bev="0" fileid="3" />
                <SequencePoint vc="137" uspid="2176" ordinal="0" offset="42" sl="106" sc="5" el="106" ec="5" bec="0" bev="0" fileid="3" />
              </SequencePoints>
              <BranchPoints />
            </Method>
            <Method visited="true" cyclomaticComplexity="0" nPathComplexity="0" sequenceCoverage="73.53" branchCoverage="0" crapScore="0" isConstructor="false" isStatic="false" isGetter="false" isSetter="false">
              <Summary numSequencePoints="34" visitedSequencePoints="25" numBranchPoints="0" visitedBranchPoints="0" sequenceCoverage="73.53" branchCoverage="0" maxCyclomaticComplexity="0" minCyclomaticComplexity="0" maxCrapScore="0" minCrapScore="0" visitedClasses="0" numClasses="0" visitedMethods="1" numMethods="1" />
              <MetadataToken>100663347</MetadataToken>
              <Name>System.Void scr_EnemyAi::AttackPlayer()</Name>
              <FileRef uid="3" />
              <SequencePoints>
                <SequencePoint vc="286" uspid="2177" ordinal="0" offset="0" sl="109" sc="5" el="109" ec="5" bec="0" bev="0" fileid="3" />
                <SequencePoint vc="286" uspid="2178" ordinal="0" offset="1" sl="111" sc="9" el="111" ec="9" bec="0" bev="0" fileid="3" />
                <SequencePoint vc="286" uspid="2179" ordinal="0" offset="24" sl="114" sc="9" el="114" ec="9" bec="0" bev="0" fileid="3" />
                <SequencePoint vc="286" uspid="2180" ordinal="0" offset="65" sl="117" sc="9" el="117" ec="9" bec="0" bev="0" fileid="3" />
                <SequencePoint vc="286" uspid="2181" ordinal="0" offset="82" sl="120" sc="9" el="120" ec="9" bec="0" bev="0" fileid="3" />
                <SequencePoint vc="286" uspid="2182" ordinal="0" offset="128" sl="122" sc="9" el="122" ec="9" bec="0" bev="0" fileid="3" />
                <SequencePoint vc="0" uspid="2183" ordinal="0" offset="138" sl="123" sc="9" el="123" ec="9" bec="0" bev="0" fileid="3" />
                <SequencePoint vc="0" uspid="2184" ordinal="0" offset="139" sl="124" sc="13" el="124" ec="13" bec="0" bev="0" fileid="3" />
                <SequencePoint vc="0" uspid="2185" ordinal="0" offset="152" sl="125" sc="13" el="125" ec="13" bec="0" bev="0" fileid="3" />
                <SequencePoint vc="0" uspid="2186" ordinal="0" offset="153" sl="127" sc="17" el="127" ec="17" bec="0" bev="0" fileid="3" />
                <SequencePoint vc="0" uspid="2187" ordinal="0" offset="186" sl="128" sc="17" el="128" ec="17" bec="0" bev="0" fileid="3" />
                <SequencePoint vc="0" uspid="2188" ordinal="0" offset="215" sl="132" sc="17" el="132" ec="17" bec="0" bev="0" fileid="3" />
                <SequencePoint vc="0" uspid="2189" ordinal="0" offset="222" sl="133" sc="17" el="133" ec="17" bec="0" bev="0" fileid="3" />
                <SequencePoint vc="0" uspid="2190" ordinal="0" offset="240" sl="134" sc="13" el="134" ec="13" bec="0" bev="0" fileid="3" />
                <SequencePoint vc="0" uspid="2191" ordinal="0" offset="241" sl="135" sc="9" el="135" ec="9" bec="0" bev="0" fileid="3" />
                <SequencePoint vc="286" uspid="2192" ordinal="0" offset="247" sl="137" sc="9" el="137" ec="9" bec="0" bev="0" fileid="3" />
                <SequencePoint vc="286" uspid="2193" ordinal="0" offset="248" sl="138" sc="13" el="138" ec="13" bec="0" bev="0" fileid="3" />
                <SequencePoint vc="4" uspid="2194" ordinal="0" offset="266" sl="139" sc="13" el="139" ec="13" bec="0" bev="0" fileid="3" />
                <SequencePoint vc="4" uspid="2195" ordinal="0" offset="267" sl="141" sc="17" el="141" ec="17" bec="0" bev="0" fileid="3" />
                <SequencePoint vc="4" uspid="2196" ordinal="0" offset="302" sl="142" sc="17" el="142" ec="17" bec="0" bev="0" fileid="3" />
                <SequencePoint vc="4" uspid="2197" ordinal="0" offset="303" sl="142" sc="43" el="142" ec="43" bec="0" bev="0" fileid="3" />
                <SequencePoint vc="8" uspid="2198" ordinal="0" offset="312" sl="142" sc="25" el="142" ec="25" bec="0" bev="0" fileid="3" />
                <SequencePoint vc="8" uspid="2199" ordinal="0" offset="319" sl="143" sc="17" el="143" ec="17" bec="0" bev="0" fileid="3" />
                <SequencePoint vc="8" uspid="2200" ordinal="0" offset="320" sl="144" sc="21" el="144" ec="21" bec="0" bev="0" fileid="3" />
                <SequencePoint vc="4" uspid="2201" ordinal="0" offset="338" sl="145" sc="21" el="145" ec="21" bec="0" bev="0" fileid="3" />
                <SequencePoint vc="4" uspid="2202" ordinal="0" offset="339" sl="146" sc="25" el="146" ec="25" bec="0" bev="0" fileid="3" />
                <SequencePoint vc="4" uspid="2203" ordinal="0" offset="359" sl="148" sc="21" el="148" ec="21" bec="0" bev="0" fileid="3" />
                <SequencePoint vc="8" uspid="2204" ordinal="0" offset="360" sl="149" sc="17" el="149" ec="17" bec="0" bev="0" fileid="3" />
                <SequencePoint vc="12" uspid="2205" ordinal="0" offset="367" sl="142" sc="40" el="142" ec="40" bec="0" bev="0" fileid="3" />
                <SequencePoint vc="4" uspid="2206" ordinal="0" offset="375" sl="152" sc="17" el="152" ec="17" bec="0" bev="0" fileid="3" />
                <SequencePoint vc="4" uspid="2207" ordinal="0" offset="382" sl="153" sc="17" el="153" ec="17" bec="0" bev="0" fileid="3" />
                <SequencePoint vc="4" uspid="2208" ordinal="0" offset="400" sl="154" sc="13" el="154" ec="13" bec="0" bev="0" fileid="3" />
                <SequencePoint vc="286" uspid="2209" ordinal="0" offset="401" sl="155" sc="9" el="155" ec="9" bec="0" bev="0" fileid="3" />
                <SequencePoint vc="286" uspid="2210" ordinal="0" offset="402" sl="156" sc="5" el="156" ec="5" bec="0" bev="0" fileid="3" />
              </SequencePoints>
              <BranchPoints />
            </Method>
            <Method visited="true" cyclomaticComplexity="0" nPathComplexity="0" sequenceCoverage="100.0" branchCoverage="0" crapScore="0" isConstructor="false" isStatic="false" isGetter="false" isSetter="false">
              <Summary numSequencePoints="3" visitedSequencePoints="3" numBranchPoints="0" visitedBranchPoints="0" sequenceCoverage="100.0" branchCoverage="0" maxCyclomaticComplexity="0" minCyclomaticComplexity="0" maxCrapScore="0" minCrapScore="0" visitedClasses="0" numClasses="0" visitedMethods="1" numMethods="1" />
              <MetadataToken>100663348</MetadataToken>
              <Name>System.Void scr_EnemyAi::ResetAttack()</Name>
              <FileRef uid="3" />
              <SequencePoints>
                <SequencePoint vc="3" uspid="2211" ordinal="0" offset="0" sl="158" sc="5" el="158" ec="5" bec="0" bev="0" fileid="3" />
                <SequencePoint vc="3" uspid="2212" ordinal="0" offset="1" sl="159" sc="9" el="159" ec="9" bec="0" bev="0" fileid="3" />
                <SequencePoint vc="3" uspid="2213" ordinal="0" offset="8" sl="160" sc="5" el="160" ec="5" bec="0" bev="0" fileid="3" />
              </SequencePoints>
              <BranchPoints />
            </Method>
            <Method visited="true" cyclomaticComplexity="0" nPathComplexity="0" sequenceCoverage="55.56" branchCoverage="0" crapScore="0" isConstructor="false" isStatic="false" isGetter="false" isSetter="false">
              <Summary numSequencePoints="9" visitedSequencePoints="5" numBranchPoints="0" visitedBranchPoints="0" sequenceCoverage="55.56" branchCoverage="0" maxCyclomaticComplexity="0" minCyclomaticComplexity="0" maxCrapScore="0" minCrapScore="0" visitedClasses="0" numClasses="0" visitedMethods="1" numMethods="1" />
              <MetadataToken>100663349</MetadataToken>
              <Name>System.Void scr_EnemyAi::TakeDamage(System.Single)</Name>
              <FileRef uid="3" />
              <SequencePoints>
                <SequencePoint vc="1" uspid="2214" ordinal="0" offset="0" sl="163" sc="5" el="163" ec="5" bec="0" bev="0" fileid="3" />
                <SequencePoint vc="1" uspid="2215" ordinal="0" offset="1" sl="164" sc="9" el="164" ec="9" bec="0" bev="0" fileid="3" />
                <SequencePoint vc="1" uspid="2216" ordinal="0" offset="15" sl="165" sc="9" el="165" ec="9" bec="0" bev="0" fileid="3" />
                <SequencePoint vc="1" uspid="2217" ordinal="0" offset="28" sl="167" sc="9" el="167" ec="9" bec="0" bev="0" fileid="3" />
                <SequencePoint vc="0" uspid="2218" ordinal="0" offset="48" sl="168" sc="9" el="168" ec="9" bec="0" bev="0" fileid="3" />
                <SequencePoint vc="0" uspid="2219" ordinal="0" offset="49" sl="169" sc="13" el="169" ec="13" bec="0" bev="0" fileid="3" />
                <SequencePoint vc="0" uspid="2220" ordinal="0" offset="62" sl="170" sc="13" el="170" ec="13" bec="0" bev="0" fileid="3" />
                <SequencePoint vc="0" uspid="2221" ordinal="0" offset="79" sl="171" sc="9" el="171" ec="9" bec="0" bev="0" fileid="3" />
                <SequencePoint vc="1" uspid="2222" ordinal="0" offset="80" sl="172" sc="5" el="172" ec="5" bec="0" bev="0" fileid="3" />
              </SequencePoints>
              <BranchPoints />
            </Method>
            <Method visited="true" cyclomaticComplexity="0" nPathComplexity="0" sequenceCoverage="100.0" branchCoverage="0" crapScore="0" isConstructor="false" isStatic="false" isGetter="false" isSetter="false">
              <Summary numSequencePoints="11" visitedSequencePoints="11" numBranchPoints="0" visitedBranchPoints="0" sequenceCoverage="100.0" branchCoverage="0" maxCyclomaticComplexity="0" minCyclomaticComplexity="0" maxCrapScore="0" minCrapScore="0" visitedClasses="0" numClasses="0" visitedMethods="1" numMethods="1" />
              <MetadataToken>100663351</MetadataToken>
              <Name>System.Boolean scr_EnemyAi::CheckLineOfSight()</Name>
              <FileRef uid="3" />
              <SequencePoints>
                <SequencePoint vc="484" uspid="2228" ordinal="0" offset="0" sl="181" sc="5" el="181" ec="5" bec="0" bev="0" fileid="3" />
                <SequencePoint vc="484" uspid="2229" ordinal="0" offset="1" sl="183" sc="9" el="183" ec="9" bec="0" bev="0" fileid="3" />
                <SequencePoint vc="484" uspid="2230" ordinal="0" offset="29" sl="184" sc="9" el="184" ec="9" bec="0" bev="0" fileid="3" />
                <SequencePoint vc="484" uspid="2231" ordinal="0" offset="52" sl="184" sc="69" el="184" ec="69" bec="0" bev="0" fileid="3" />
                <SequencePoint vc="484" uspid="2232" ordinal="0" offset="53" sl="185" sc="13" el="185" ec="13" bec="0" bev="0" fileid="3" />
                <SequencePoint vc="484" uspid="2233" ordinal="0" offset="88" sl="186" sc="13" el="186" ec="13" bec="0" bev="0" fileid="3" />
                <SequencePoint vc="423" uspid="2234" ordinal="0" offset="109" sl="187" sc="13" el="187" ec="13" bec="0" bev="0" fileid="3" />
                <SequencePoint vc="423" uspid="2235" ordinal="0" offset="110" sl="188" sc="17" el="188" ec="17" bec="0" bev="0" fileid="3" />
                <SequencePoint vc="61" uspid="2236" ordinal="0" offset="115" sl="190" sc="9" el="190" ec="9" bec="0" bev="0" fileid="3" />
                <SequencePoint vc="61" uspid="2237" ordinal="0" offset="116" sl="191" sc="9" el="191" ec="9" bec="0" bev="0" fileid="3" />
                <SequencePoint vc="484" uspid="2238" ordinal="0" offset="121" sl="192" sc="5" el="192" ec="5" bec="0" bev="0" fileid="3" />
              </SequencePoints>
              <BranchPoints />
            </Method>
            <Method visited="true" cyclomaticComplexity="0" nPathComplexity="0" sequenceCoverage="100.0" branchCoverage="0" crapScore="0" isConstructor="false" isStatic="false" isGetter="false" isSetter="false">
              <Summary numSequencePoints="4" visitedSequencePoints="4" numBranchPoints="0" visitedBranchPoints="0" sequenceCoverage="100.0" branchCoverage="0" maxCyclomaticComplexity="0" minCyclomaticComplexity="0" maxCrapScore="0" minCrapScore="0" visitedClasses="0" numClasses="0" visitedMethods="1" numMethods="1" />
              <MetadataToken>100663352</MetadataToken>
              <Name>System.Void scr_EnemyAi::SetWalkpoint(UnityEngine.Vector3)</Name>
              <FileRef uid="3" />
              <SequencePoints>
                <SequencePoint vc="139" uspid="2239" ordinal="0" offset="0" sl="195" sc="5" el="195" ec="5" bec="0" bev="0" fileid="3" />
                <SequencePoint vc="139" uspid="2240" ordinal="0" offset="1" sl="196" sc="9" el="196" ec="9" bec="0" bev="0" fileid="3" />
[...]
              <FileRef uid="25" />
              <SequencePoints>
                <SequencePoint vc="1" uspid="3270" ordinal="0" offset="34" sl="101" sc="9" el="101" ec="9" bec="0" bev="0" fileid="25" />
                <SequencePoint vc="1" uspid="3271" ordinal="0" offset="35" sl="102" sc="13" el="102" ec="13" bec="0" bev="0" fileid="25" />
                <SequencePoint vc="1" uspid="3272" ordinal="0" offset="57" sl="103" sc="13" el="103" ec="13" bec="0" bev="0" fileid="25" />
                <SequencePoint vc="1" uspid="3273" ordinal="0" offset="79" sl="105" sc="13" el="105" ec="13" bec="0" bev="0" fileid="25" />
                <SequencePoint vc="1" uspid="3274" ordinal="0" offset="106" sl="106" sc="13" el="106" ec="13" bec="0" bev="0" fileid="25" />
                <SequencePoint vc="1" uspid="3275" ordinal="0" offset="137" sl="108" sc="13" el="108" ec="13" bec="0" bev="0" fileid="25" />
                <SequencePoint vc="1" uspid="3276" ordinal="0" offset="169" sl="110" sc="13" el="110" ec="13" bec="0" bev="0" fileid="25" />
                <SequencePoint vc="1" uspid="3277" ordinal="0" offset="196" sl="111" sc="13" el="111" ec="13" bec="0" bev="0" fileid="25" />
                <SequencePoint vc="1" uspid="3278" ordinal="0" offset="215" sl="113" sc="13" el="113" ec="13" bec="0" bev="0" fileid="25" />
                <SequencePoint vc="1" uspid="3279" ordinal="0" offset="260" sl="114" sc="9" el="114" ec="9" bec="0" bev="0" fileid="25" />
              </SequencePoints>
              <BranchPoints />
            </Method>
          </Methods>
        </Class>
        <Class>
          <Summary numSequencePoints="8" visitedSequencePoints="8" numBranchPoints="0" visitedBranchPoints="0" sequenceCoverage="100.0" branchCoverage="0.0" maxCyclomaticComplexity="0" minCyclomaticComplexity="0" maxCrapScore="0" minCrapScore="0" visitedClasses="1" numClasses="1" visitedMethods="1" numMethods="1" />
          <FullName>Tests.PlayerMovement/&lt;Sprinting&gt;d__12</FullName>
          <Methods>
            <Method visited="true" cyclomaticComplexity="0" nPathComplexity="0" sequenceCoverage="100.0" branchCoverage="0" crapScore="0" isConstructor="false" isStatic="false" isGetter="false" isSetter="false">
              <Summary numSequencePoints="8" visitedSequencePoints="8" numBranchPoints="0" visitedBranchPoints="0" sequenceCoverage="100.0" branchCoverage="0" maxCyclomaticComplexity="0" minCyclomaticComplexity="0" maxCrapScore="0" minCrapScore="0" visitedClasses="0" numClasses="0" visitedMethods="1" numMethods="1" />
              <MetadataToken>100663363</MetadataToken>
              <Name>System.Boolean Tests.PlayerMovement/&lt;Sprinting&gt;d__12::MoveNext()</Name>
              <FileRef uid="25" />
              <SequencePoints>
                <SequencePoint vc="1" uspid="3280" ordinal="0" offset="31" sl="119" sc="9" el="119" ec="9" bec="0" bev="0" fileid="25" />
                <SequencePoint vc="1" uspid="3281" ordinal="0" offset="32" sl="120" sc="13" el="120" ec="13" bec="0" bev="0" fileid="25" />
                <SequencePoint vc="1" uspid="3282" ordinal="0" offset="54" sl="121" sc="13" el="121" ec="13" bec="0" bev="0" fileid="25" />
                <SequencePoint vc="1" uspid="3283" ordinal="0" offset="76" sl="123" sc="13" el="123" ec="13" bec="0" bev="0" fileid="25" />
                <SequencePoint vc="1" uspid="3284" ordinal="0" offset="107" sl="124" sc="13" el="124" ec="13" bec="0" bev="0" fileid="25" />
                <SequencePoint vc="1" uspid="3285" ordinal="0" offset="124" sl="126" sc="13" el="126" ec="13" bec="0" bev="0" fileid="25" />
                <SequencePoint vc="1" uspid="3286" ordinal="0" offset="156" sl="128" sc="13" el="128" ec="13" bec="0" bev="0" fileid="25" />
                <SequencePoint vc="1" uspid="3287" ordinal="0" offset="214" sl="129" sc="9" el="129" ec="9" bec="0" bev="0" fileid="25" />
              </SequencePoints>
              <BranchPoints />
            </Method>
          </Methods>
        </Class>
        <Class>
          <Summary numSequencePoints="12" visitedSequencePoints="12" numBranchPoints="0" visitedBranchPoints="0" sequenceCoverage="100.0" branchCoverage="0.0" maxCyclomaticComplexity="0" minCyclomaticComplexity="0" maxCrapScore="0" minCrapScore="0" visitedClasses="1" numClasses="1" visitedMethods="1" numMethods="1" />
          <FullName>Tests.PlayerMovement/&lt;Jumping&gt;d__13</FullName>
          <Methods>
            <Method visited="true" cyclomaticComplexity="0" nPathComplexity="0" sequenceCoverage="100.0" branchCoverage="0" crapScore="0" isConstructor="false" isStatic="false" isGetter="false" isSetter="false">
              <Summary numSequencePoints="12" visitedSequencePoints="12" numBranchPoints="0" visitedBranchPoints="0" sequenceCoverage="100.0" branchCoverage="0" maxCyclomaticComplexity="0" minCyclomaticComplexity="0" maxCrapScore="0" minCrapScore="0" visitedClasses="0" numClasses="0" visitedMethods="1" numMethods="1" />
              <MetadataToken>100663369</MetadataToken>
              <Name>System.Boolean Tests.PlayerMovement/&lt;Jumping&gt;d__13::MoveNext()</Name>
              <FileRef uid="25" />
              <SequencePoints>
                <SequencePoint vc="1" uspid="3288" ordinal="0" offset="45" sl="133" sc="9" el="133" ec="9" bec="0" bev="0" fileid="25" />
                <SequencePoint vc="1" uspid="3289" ordinal="0" offset="46" sl="135" sc="13" el="135" ec="13" bec="0" bev="0" fileid="25" />
                <SequencePoint vc="1" uspid="3290" ordinal="0" offset="68" sl="136" sc="13" el="136" ec="13" bec="0" bev="0" fileid="25" />
                <SequencePoint vc="1" uspid="3291" ordinal="0" offset="90" sl="138" sc="13" el="138" ec="13" bec="0" bev="0" fileid="25" />
                <SequencePoint vc="1" uspid="3292" ordinal="0" offset="122" sl="141" sc="13" el="141" ec="13" bec="0" bev="0" fileid="25" />
                <SequencePoint vc="1" uspid="3293" ordinal="0" offset="149" sl="142" sc="13" el="142" ec="13" bec="0" bev="0" fileid="25" />
                <SequencePoint vc="1" uspid="3294" ordinal="0" offset="166" sl="145" sc="13" el="145" ec="13" bec="0" bev="0" fileid="25" />
                <SequencePoint vc="1" uspid="3295" ordinal="0" offset="198" sl="147" sc="13" el="147" ec="13" bec="0" bev="0" fileid="25" />
                <SequencePoint vc="1" uspid="3296" ordinal="0" offset="225" sl="148" sc="13" el="148" ec="13" bec="0" bev="0" fileid="25" />
                <SequencePoint vc="1" uspid="3297" ordinal="0" offset="244" sl="151" sc="13" el="151" ec="13" bec="0" bev="0" fileid="25" />
                <SequencePoint vc="1" uspid="3298" ordinal="0" offset="277" sl="152" sc="13" el="152" ec="13" bec="0" bev="0" fileid="25" />
                <SequencePoint vc="1" uspid="3299" ordinal="0" offset="322" sl="153" sc="9" el="153" ec="9" bec="0" bev="0" fileid="25" />
              </SequencePoints>
              <BranchPoints />
            </Method>
          </Methods>
        </Class>
        <Class>
          <Summary numSequencePoints="15" visitedSequencePoints="15" numBranchPoints="0" visitedBranchPoints="0" sequenceCoverage="100.0" branchCoverage="0.0" maxCyclomaticComplexity="0" minCyclomaticComplexity="0" maxCrapScore="0" minCrapScore="0" visitedClasses="1" numClasses="1" visitedMethods="1" numMethods="1" />
          <FullName>Tests.PlayerMovement/&lt;Pick_Up_Item&gt;d__14</FullName>
          <Methods>
            <Method visited="true" cyclomaticComplexity="0" nPathComplexity="0" sequenceCoverage="100.0" branchCoverage="0" crapScore="0" isConstructor="false" isStatic="false" isGetter="false" isSetter="false">
              <Summary numSequencePoints="15" visitedSequencePoints="15" numBranchPoints="0" visitedBranchPoints="0" sequenceCoverage="100.0" branchCoverage="0" maxCyclomaticComplexity="0" minCyclomaticComplexity="0" maxCrapScore="0" minCrapScore="0" visitedClasses="0" numClasses="0" visitedMethods="1" numMethods="1" />
              <MetadataToken>100663375</MetadataToken>
              <Name>System.Boolean Tests.PlayerMovement/&lt;Pick_Up_Item&gt;d__14::MoveNext()</Name>
              <FileRef uid="25" />
              <SequencePoints>
                <SequencePoint vc="1" uspid="3300" ordinal="0" offset="34" sl="157" sc="9" el="157" ec="9" bec="0" bev="0" fileid="25" />
                <SequencePoint vc="1" uspid="3301" ordinal="0" offset="35" sl="159" sc="13" el="159" ec="13" bec="0" bev="0" fileid="25" />
                <SequencePoint vc="1" uspid="3302" ordinal="0" offset="57" sl="160" sc="13" el="160" ec="13" bec="0" bev="0" fileid="25" />
                <SequencePoint vc="1" uspid="3303" ordinal="0" offset="79" sl="163" sc="13" el="163" ec="13" bec="0" bev="0" fileid="25" />
                <SequencePoint vc="1" uspid="3304" ordinal="0" offset="127" sl="164" sc="13" el="164" ec="13" bec="0" bev="0" fileid="25" />
                <SequencePoint vc="1" uspid="3305" ordinal="0" offset="149" sl="165" sc="13" el="165" ec="13" bec="0" bev="0" fileid="25" />
                <SequencePoint vc="1" uspid="3306" ordinal="0" offset="171" sl="166" sc="13" el="166" ec="13" bec="0" bev="0" fileid="25" />
                <SequencePoint vc="1" uspid="3307" ordinal="0" offset="199" sl="167" sc="13" el="167" ec="13" bec="0" bev="0" fileid="25" />
                <SequencePoint vc="1" uspid="3308" ordinal="0" offset="226" sl="169" sc="13" el="169" ec="13" bec="0" bev="0" fileid="25" />
                <SequencePoint vc="1" uspid="3309" ordinal="0" offset="243" sl="172" sc="13" el="172" ec="13" bec="0" bev="0" fileid="25" />
                <SequencePoint vc="1" uspid="3310" ordinal="0" offset="275" sl="174" sc="13" el="174" ec="13" bec="0" bev="0" fileid="25" />
                <SequencePoint vc="1" uspid="3311" ordinal="0" offset="282" sl="176" sc="13" el="176" ec="13" bec="0" bev="0" fileid="25" />
                <SequencePoint vc="1" uspid="3312" ordinal="0" offset="320" sl="178" sc="13" el="178" ec="13" bec="0" bev="0" fileid="25" />
                <SequencePoint vc="1" uspid="3313" ordinal="0" offset="337" sl="180" sc="13" el="180" ec="13" bec="0" bev="0" fileid="25" />
                <SequencePoint vc="1" uspid="3314" ordinal="0" offset="375" sl="181" sc="9" el="181" ec="9" bec="0" bev="0" fileid="25" />
              </SequencePoints>
              <BranchPoints />
            </Method>
          </Methods>
        </Class>
        <Class>
          <Summary numSequencePoints="15" visitedSequencePoints="15" numBranchPoints="0" visitedBranchPoints="0" sequenceCoverage="100.0" branchCoverage="0.0" maxCyclomaticComplexity="0" minCyclomaticComplexity="0" maxCrapScore="0" minCrapScore="0" visitedClasses="1" numClasses="1" visitedMethods="1" numMethods="1" />
          <FullName>Tests.WeaponTests/&lt;Pick_Up_Item&gt;d__6</FullName>
          <Methods>
            <Method visited="true" cyclomaticComplexity="0" nPathComplexity="0" sequenceCoverage="100.0" branchCoverage="0" crapScore="0" isConstructor="false" isStatic="false" isGetter="false" isSetter="false">
              <Summary numSequencePoints="15" visitedSequencePoints="15" numBranchPoints="0" visitedBranchPoints="0" sequenceCoverage="100.0" branchCoverage="0" maxCyclomaticComplexity="0" minCyclomaticComplexity="0" maxCrapScore="0" minCrapScore="0" visitedClasses="0" numClasses="0" visitedMethods="1" numMethods="1" />
              <MetadataToken>100663381</MetadataToken>
              <Name>System.Boolean Tests.WeaponTests/&lt;Pick_Up_Item&gt;d__6::MoveNext()</Name>
              <FileRef uid="26" />
              <SequencePoints>
                <SequencePoint vc="1" uspid="3315" ordinal="0" offset="34" sl="29" sc="9" el="29" ec="9" bec="0" bev="0" fileid="26" />
                <SequencePoint vc="1" uspid="3316" ordinal="0" offset="35" sl="31" sc="13" el="31" ec="13" bec="0" bev="0" fileid="26" />
                <SequencePoint vc="1" uspid="3317" ordinal="0" offset="57" sl="32" sc="13" el="32" ec="13" bec="0" bev="0" fileid="26" />
                <SequencePoint vc="1" uspid="3318" ordinal="0" offset="79" sl="35" sc="13" el="35" ec="13" bec="0" bev="0" fileid="26" />
                <SequencePoint vc="1" uspid="3319" ordinal="0" offset="127" sl="36" sc="13" el="36" ec="13" bec="0" bev="0" fileid="26" />
                <SequencePoint vc="1" uspid="3320" ordinal="0" offset="149" sl="37" sc="13" el="37" ec="13" bec="0" bev="0" fileid="26" />
                <SequencePoint vc="1" uspid="3321" ordinal="0" offset="171" sl="38" sc="13" el="38" ec="13" bec="0" bev="0" fileid="26" />
                <SequencePoint vc="1" uspid="3322" ordinal="0" offset="199" sl="39" sc="13" el="39" ec="13" bec="0" bev="0" fileid="26" />
                <SequencePoint vc="1" uspid="3323" ordinal="0" offset="226" sl="41" sc="13" el="41" ec="13" bec="0" bev="0" fileid="26" />
                <SequencePoint vc="1" uspid="3324" ordinal="0" offset="243" sl="44" sc="13" el="44" ec="13" bec="0" bev="0" fileid="26" />
                <SequencePoint vc="1" uspid="3325" ordinal="0" offset="275" sl="46" sc="13" el="46" ec="13" bec="0" bev="0" fileid="26" />
                <SequencePoint vc="1" uspid="3326" ordinal="0" offset="282" sl="48" sc="13" el="48" ec="13" bec="0" bev="0" fileid="26" />
                <SequencePoint vc="1" uspid="3327" ordinal="0" offset="320" sl="50" sc="13" el="50" ec="13" bec="0" bev="0" fileid="26" />
                <SequencePoint vc="1" uspid="3328" ordinal="0" offset="337" sl="52" sc="13" el="52" ec="13" bec="0" bev="0" fileid="26" />
                <SequencePoint vc="1" uspid="3329" ordinal="0" offset="375" sl="53" sc="9" el="53" ec="9" bec="0" bev="0" fileid="26" />
              </SequencePoints>
              <BranchPoints />
            </Method>
          </Methods>
        </Class>
        <Class>
          <Summary numSequencePoints="12" visitedSequencePoints="12" numBranchPoints="0" visitedBranchPoints="0" sequenceCoverage="100.0" branchCoverage="0.0" maxCyclomaticComplexity="0" minCyclomaticComplexity="0" maxCrapScore="0" minCrapScore="0" visitedClasses="1" numClasses="1" visitedMethods="1" numMethods="1" />
          <FullName>Tests.WeaponTests/&lt;Shoot_Weapon_LaserGun&gt;d__7</FullName>
          <Methods>
            <Method visited="true" cyclomaticComplexity="0" nPathComplexity="0" sequenceCoverage="100.0" branchCoverage="0" crapScore="0" isConstructor="false" isStatic="false" isGetter="false" isSetter="false">
              <Summary numSequencePoints="12" visitedSequencePoints="12" numBranchPoints="0" visitedBranchPoints="0" sequenceCoverage="100.0" branchCoverage="0" maxCyclomaticComplexity="0" minCyclomaticComplexity="0" maxCrapScore="0" minCrapScore="0" visitedClasses="0" numClasses="0" visitedMethods="1" numMethods="1" />
              <MetadataToken>100663387</MetadataToken>
              <Name>System.Boolean Tests.WeaponTests/&lt;Shoot_Weapon_LaserGun&gt;d__7::MoveNext()</Name>
              <FileRef uid="26" />
              <SequencePoints>
                <SequencePoint vc="1" uspid="3330" ordinal="0" offset="34" sl="56" sc="9" el="56" ec="9" bec="0" bev="0" fileid="26" />
                <SequencePoint vc="1" uspid="3331" ordinal="0" offset="35" sl="58" sc="13" el="58" ec="13" bec="0" bev="0" fileid="26" />
                <SequencePoint vc="1" uspid="3332" ordinal="0" offset="57" sl="59" sc="13" el="59" ec="13" bec="0" bev="0" fileid="26" />
                <SequencePoint vc="1" uspid="3333" ordinal="0" offset="79" sl="62" sc="13" el="62" ec="13" bec="0" bev="0" fileid="26" />
                <SequencePoint vc="1" uspid="3334" ordinal="0" offset="127" sl="63" sc="13" el="63" ec="13" bec="0" bev="0" fileid="26" />
                <SequencePoint vc="1" uspid="3335" ordinal="0" offset="149" sl="64" sc="13" el="64" ec="13" bec="0" bev="0" fileid="26" />
                <SequencePoint vc="1" uspid="3336" ordinal="0" offset="177" sl="65" sc="13" el="65" ec="13" bec="0" bev="0" fileid="26" />
                <SequencePoint vc="1" uspid="3337" ordinal="0" offset="198" sl="69" sc="13" el="69" ec="13" bec="0" bev="0" fileid="26" />
                <SequencePoint vc="1" uspid="3338" ordinal="0" offset="206" sl="70" sc="13" el="70" ec="13" bec="0" bev="0" fileid="26" />
                <SequencePoint vc="1" uspid="3339" ordinal="0" offset="223" sl="72" sc="13" el="72" ec="13" bec="0" bev="0" fileid="26" />
                <SequencePoint vc="1" uspid="3340" ordinal="0" offset="246" sl="74" sc="13" el="74" ec="13" bec="0" bev="0" fileid="26" />
                <SequencePoint vc="1" uspid="3341" ordinal="0" offset="284" sl="76" sc="9" el="76" ec="9" bec="0" bev="0" fileid="26" />
              </SequencePoints>
              <BranchPoints />
            </Method>
          </Methods>
        </Class>
        <Class>
          <Summary numSequencePoints="13" visitedSequencePoints="13" numBranchPoints="0" visitedBranchPoints="0" sequenceCoverage="100.0" branchCoverage="0.0" maxCyclomaticComplexity="0" minCyclomaticComplexity="0" maxCrapScore="0" minCrapScore="0" visitedClasses="1" numClasses="1" visitedMethods="1" numMethods="1" />
          <FullName>Tests.WeaponTests/&lt;Shoot_Weapon_LaserGun_Burst&gt;d__8</FullName>
          <Methods>
            <Method visited="true" cyclomaticComplexity="0" nPathComplexity="0" sequenceCoverage="100.0" branchCoverage="0" crapScore="0" isConstructor="false" isStatic="false" isGetter="false" isSetter="false">
              <Summary numSequencePoints="13" visitedSequencePoints="13" numBranchPoints="0" visitedBranchPoints="0" sequenceCoverage="100.0" branchCoverage="0" maxCyclomaticComplexity="0" minCyclomaticComplexity="0" maxCrapScore="0" minCrapScore="0" visitedClasses="0" numClasses="0" visitedMethods="1" numMethods="1" />
              <MetadataToken>100663393</MetadataToken>
              <Name>System.Boolean Tests.WeaponTests/&lt;Shoot_Weapon_LaserGun_Burst&gt;d__8::MoveNext()</Name>
              <FileRef uid="26" />
              <SequencePoints>
                <SequencePoint vc="1" uspid="3342" ordinal="0" offset="34" sl="79" sc="9" el="79" ec="9" bec="0" bev="0" fileid="26" />
                <SequencePoint vc="1" uspid="3343" ordinal="0" offset="35" sl="81" sc="13" el="81" ec="13" bec="0" bev="0" fileid="26" />
                <SequencePoint vc="1" uspid="3344" ordinal="0" offset="57" sl="82" sc="13" el="82" ec="13" bec="0" bev="0" fileid="26" />
                <SequencePoint vc="1" uspid="3345" ordinal="0" offset="79" sl="85" sc="13" el="85" ec="13" bec="0" bev="0" fileid="26" />
                <SequencePoint vc="1" uspid="3346" ordinal="0" offset="127" sl="86" sc="13" el="86" ec="13" bec="0" bev="0" fileid="26" />
                <SequencePoint vc="1" uspid="3347" ordinal="0" offset="149" sl="87" sc="13" el="87" ec="13" bec="0" bev="0" fileid="26" />
                <SequencePoint vc="1" uspid="3348" ordinal="0" offset="177" sl="88" sc="13" el="88" ec="13" bec="0" bev="0" fileid="26" />
                <SequencePoint vc="1" uspid="3349" ordinal="0" offset="198" sl="90" sc="13" el="90" ec="13" bec="0" bev="0" fileid="26" />
                <SequencePoint vc="1" uspid="3350" ordinal="0" offset="215" sl="93" sc="13" el="93" ec="13" bec="0" bev="0" fileid="26" />
                <SequencePoint vc="1" uspid="3351" ordinal="0" offset="223" sl="94" sc="13" el="94" ec="13" bec="0" bev="0" fileid="26" />
                <SequencePoint vc="1" uspid="3352" ordinal="0" offset="240" sl="96" sc="13" el="96" ec="13" bec="0" bev="0" fileid="26" />
                <SequencePoint vc="1" uspid="3353" ordinal="0" offset="272" sl="98" sc="13" el="98" ec="13" bec="0" bev="0" fileid="26" />
                <SequencePoint vc="1" uspid="3354" ordinal="0" offset="310" sl="100" sc="9" el="100" ec="9" bec="0" bev="0" fileid="26" />
              </SequencePoints>
              <BranchPoints />
            </Method>
          </Methods>
        </Class>
      </Classes>
    </Module>
  </Modules>
</CoverageSession>